TpTrace Verbose: 0 : 19412, 1, 2023/12/07, 17:15:13.236, 11413999859694, vstest.console.dll, Version: 17.8.0-release-23523-03 Current process architecture: X64
TpTrace Verbose: 0 : 19412, 1, 2023/12/07, 17:15:13.240, 11413999891990, vstest.console.dll, Runtime location: C:\Program Files\dotnet\shared\Microsoft.NETCore.App\8.0.0
TpTrace Verbose: 0 : 19412, 1, 2023/12/07, 17:15:13.243, 11413999921357, vstest.console.dll, ArtifactProcessingPostProcessModeProcessorExecutor.Initialize: ArtifactProcessingMode.Collect
TpTrace Verbose: 0 : 19412, 1, 2023/12/07, 17:15:13.243, 11413999923019, vstest.console.dll, TestSessionCorrelationIdProcessorModeProcessorExecutor.Initialize: TestSessionCorrelationId '4244_f437c4fa-fad9-44ac-ae9f-18d29d2a0955'
TpTrace Information: 0 : 19412, 1, 2023/12/07, 17:15:13.250, 11414000000389, vstest.console.dll, FilePatternParser: The given file C:\Healthy\BusinessUnitTests\bin\Debug\net8.0\fine-code-coverage\build-output\Healthy.Business.UnitTests.dll is a full path.
TpTrace Verbose: 0 : 19412, 1, 2023/12/07, 17:15:13.256, 11414000055906, vstest.console.dll, TestPluginCache.DiscoverTestExtensions: finding test extensions in assemblies ends with: RuntimeProvider.dll TPluginInfo: Microsoft.VisualStudio.TestPlatform.Common.ExtensionFramework.Utilities.TestRuntimePluginInformation TExtension: Microsoft.VisualStudio.TestPlatform.ObjectModel.Host.ITestRuntimeProvider
TpTrace Verbose: 0 : 19412, 1, 2023/12/07, 17:15:13.256, 11414000059447, vstest.console.dll, TestPluginCache.GetExtensionPaths: Filtered extension paths: 
TpTrace Verbose: 0 : 19412, 1, 2023/12/07, 17:15:13.256, 11414000060431, vstest.console.dll, TestPluginCache.GetExtensionPaths: Added default extension paths: C:\Program Files\dotnet\sdk\8.0.100\Extensions\Microsoft.Diagnostics.NETCore.Client.dll
C:\Program Files\dotnet\sdk\8.0.100\Extensions\Microsoft.TestPlatform.Extensions.BlameDataCollector.dll
C:\Program Files\dotnet\sdk\8.0.100\Extensions\Microsoft.TestPlatform.Extensions.EventLogCollector.dll
C:\Program Files\dotnet\sdk\8.0.100\Extensions\Microsoft.TestPlatform.TestHostRuntimeProvider.dll
C:\Program Files\dotnet\sdk\8.0.100\Extensions\Microsoft.VisualStudio.TestPlatform.Extensions.Html.TestLogger.dll
C:\Program Files\dotnet\sdk\8.0.100\Extensions\Microsoft.VisualStudio.TestPlatform.Extensions.Trx.TestLogger.dll
TpTrace Verbose: 0 : 19412, 1, 2023/12/07, 17:15:13.256, 11414000060822, vstest.console.dll, TestPluginCache.GetExtensionPaths: Added unfilterableExtensionPaths: 
TpTrace Information: 0 : 19412, 1, 2023/12/07, 17:15:13.257, 11414000071321, vstest.console.dll, AssemblyResolver.ctor: Creating AssemblyResolver with searchDirectories C:\Program Files\dotnet\sdk\8.0.100\Extensions,C:\Program Files\dotnet\sdk\8.0.100
TpTrace Verbose: 0 : 19412, 1, 2023/12/07, 17:15:13.259, 11414000090776, vstest.console.dll, TestPluginCache.DiscoverTestExtensions: Discovering the extensions using extension path.
TpTrace Verbose: 0 : 19412, 1, 2023/12/07, 17:15:13.260, 11414000093732, vstest.console.dll, TestPluginCache.GetExtensionPaths: Filtered extension paths: 
TpTrace Verbose: 0 : 19412, 1, 2023/12/07, 17:15:13.260, 11414000094536, vstest.console.dll, TestPluginCache.GetExtensionPaths: Added default extension paths: C:\Program Files\dotnet\sdk\8.0.100\Extensions\Microsoft.Diagnostics.NETCore.Client.dll
C:\Program Files\dotnet\sdk\8.0.100\Extensions\Microsoft.TestPlatform.Extensions.BlameDataCollector.dll
C:\Program Files\dotnet\sdk\8.0.100\Extensions\Microsoft.TestPlatform.Extensions.EventLogCollector.dll
C:\Program Files\dotnet\sdk\8.0.100\Extensions\Microsoft.TestPlatform.TestHostRuntimeProvider.dll
C:\Program Files\dotnet\sdk\8.0.100\Extensions\Microsoft.VisualStudio.TestPlatform.Extensions.Html.TestLogger.dll
C:\Program Files\dotnet\sdk\8.0.100\Extensions\Microsoft.VisualStudio.TestPlatform.Extensions.Trx.TestLogger.dll
TpTrace Verbose: 0 : 19412, 1, 2023/12/07, 17:15:13.260, 11414000095075, vstest.console.dll, TestPluginCache.GetExtensionPaths: Added unfilterableExtensionPaths: 
TpTrace Verbose: 0 : 19412, 1, 2023/12/07, 17:15:13.260, 11414000096290, vstest.console.dll, TestPluginCache.DiscoverTestExtensions: Discovering the extensions using allExtensionPaths: C:\Program Files\dotnet\sdk\8.0.100\Extensions\Microsoft.Diagnostics.NETCore.Client.dll
C:\Program Files\dotnet\sdk\8.0.100\Extensions\Microsoft.TestPlatform.Extensions.BlameDataCollector.dll
C:\Program Files\dotnet\sdk\8.0.100\Extensions\Microsoft.TestPlatform.Extensions.EventLogCollector.dll
C:\Program Files\dotnet\sdk\8.0.100\Extensions\Microsoft.TestPlatform.TestHostRuntimeProvider.dll
C:\Program Files\dotnet\sdk\8.0.100\Extensions\Microsoft.VisualStudio.TestPlatform.Extensions.Html.TestLogger.dll
C:\Program Files\dotnet\sdk\8.0.100\Extensions\Microsoft.VisualStudio.TestPlatform.Extensions.Trx.TestLogger.dll
TpTrace Information: 0 : 19412, 1, 2023/12/07, 17:15:13.260, 11414000098510, vstest.console.dll, AssemblyResolver.AddSearchDirectories: Adding more searchDirectories C:\Program Files\dotnet\sdk\8.0.100\Extensions,C:\Program Files\dotnet\sdk\8.0.100
TpTrace Information: 0 : 19412, 1, 2023/12/07, 17:15:13.260, 11414000099330, vstest.console.dll, AssemblyResolver.AddSearchDirectories: Adding more searchDirectories C:\Program Files\dotnet\sdk\8.0.100\Extensions,C:\Program Files\dotnet\sdk\8.0.100
TpTrace Information: 0 : 19412, 1, 2023/12/07, 17:15:13.260, 11414000099703, vstest.console.dll, AssemblyResolver.AddSearchDirectories: Adding more searchDirectories C:\Program Files\dotnet\sdk\8.0.100\Extensions,C:\Program Files\dotnet\sdk\8.0.100
TpTrace Information: 0 : 19412, 1, 2023/12/07, 17:15:13.260, 11414000100009, vstest.console.dll, AssemblyResolver.AddSearchDirectories: Adding more searchDirectories C:\Program Files\dotnet\sdk\8.0.100\Extensions,C:\Program Files\dotnet\sdk\8.0.100
TpTrace Information: 0 : 19412, 1, 2023/12/07, 17:15:13.260, 11414000100344, vstest.console.dll, AssemblyResolver.AddSearchDirectories: Adding more searchDirectories C:\Program Files\dotnet\sdk\8.0.100\Extensions,C:\Program Files\dotnet\sdk\8.0.100
TpTrace Information: 0 : 19412, 1, 2023/12/07, 17:15:13.260, 11414000100651, vstest.console.dll, AssemblyResolver.AddSearchDirectories: Adding more searchDirectories C:\Program Files\dotnet\sdk\8.0.100\Extensions,C:\Program Files\dotnet\sdk\8.0.100
TpTrace Information: 0 : 19412, 1, 2023/12/07, 17:15:13.261, 11414000106577, vstest.console.dll, AssemblyResolver.OnResolve: Microsoft.Diagnostics.NETCore.Client: Resolving assembly.
TpTrace Information: 0 : 19412, 1, 2023/12/07, 17:15:13.261, 11414000107656, vstest.console.dll, AssemblyResolver.OnResolve: Microsoft.Diagnostics.NETCore.Client: Searching in: 'C:\Program Files\dotnet\sdk\8.0.100\Extensions'.
TpTrace Information: 0 : 19412, 1, 2023/12/07, 17:15:13.268, 11414000179375, vstest.console.dll, AssemblyResolver.OnResolve: Microsoft.Diagnostics.NETCore.Client: Loading assembly 'C:\Program Files\dotnet\sdk\8.0.100\Extensions\Microsoft.Diagnostics.NETCore.Client.dll'.
TpTrace Information: 0 : 19412, 1, 2023/12/07, 17:15:13.269, 11414000187227, vstest.console.dll, AssemblyResolver.OnResolve: Resolved assembly: Microsoft.Diagnostics.NETCore.Client, from path: C:\Program Files\dotnet\sdk\8.0.100\Extensions\Microsoft.Diagnostics.NETCore.Client.dll
TpTrace Verbose: 0 : 19412, 1, 2023/12/07, 17:15:13.275, 11414000244895, vstest.console.dll, MetadataReaderExtensionsHelper: Discovering extensions inside assembly 'Microsoft.Diagnostics.NETCore.Client, Version=0.2.8.21101, Culture=neutral, PublicKeyToken=31bf3856ad364e35' file path 'C:\Program Files\dotnet\sdk\8.0.100\Extensions\Microsoft.Diagnostics.NETCore.Client.dll'
TpTrace Information: 0 : 19412, 1, 2023/12/07, 17:15:13.279, 11414000284357, vstest.console.dll, AssemblyResolver.OnResolve: Microsoft.Bcl.AsyncInterfaces: Resolving assembly.
TpTrace Information: 0 : 19412, 1, 2023/12/07, 17:15:13.279, 11414000285359, vstest.console.dll, AssemblyResolver.OnResolve: Microsoft.Bcl.AsyncInterfaces: Searching in: 'C:\Program Files\dotnet\sdk\8.0.100\Extensions'.
TpTrace Information: 0 : 19412, 1, 2023/12/07, 17:15:13.279, 11414000286250, vstest.console.dll, AssemblyResolver.OnResolve: Microsoft.Bcl.AsyncInterfaces: Assembly path does not exist: 'C:\Program Files\dotnet\sdk\8.0.100\Extensions\Microsoft.Bcl.AsyncInterfaces.dll', returning.
TpTrace Information: 0 : 19412, 1, 2023/12/07, 17:15:13.279, 11414000287230, vstest.console.dll, AssemblyResolver.OnResolve: Microsoft.Bcl.AsyncInterfaces: Assembly path does not exist: 'C:\Program Files\dotnet\sdk\8.0.100\Extensions\Microsoft.Bcl.AsyncInterfaces.exe', returning.
TpTrace Information: 0 : 19412, 1, 2023/12/07, 17:15:13.279, 11414000287588, vstest.console.dll, AssemblyResolver.OnResolve: Microsoft.Bcl.AsyncInterfaces: Searching in: 'C:\Program Files\dotnet\sdk\8.0.100'.
TpTrace Information: 0 : 19412, 1, 2023/12/07, 17:15:13.279, 11414000288131, vstest.console.dll, AssemblyResolver.OnResolve: Microsoft.Bcl.AsyncInterfaces: Assembly path does not exist: 'C:\Program Files\dotnet\sdk\8.0.100\Microsoft.Bcl.AsyncInterfaces.dll', returning.
TpTrace Information: 0 : 19412, 1, 2023/12/07, 17:15:13.279, 11414000288708, vstest.console.dll, AssemblyResolver.OnResolve: Microsoft.Bcl.AsyncInterfaces: Assembly path does not exist: 'C:\Program Files\dotnet\sdk\8.0.100\Microsoft.Bcl.AsyncInterfaces.exe', returning.
TpTrace Information: 0 : 19412, 1, 2023/12/07, 17:15:13.279, 11414000289023, vstest.console.dll, AssemblyResolver.OnResolve: Microsoft.Bcl.AsyncInterfaces: Failed to load assembly.
TpTrace Verbose: 0 : 19412, 1, 2023/12/07, 17:15:13.279, 11414000289362, vstest.console.dll, CurrentDomainAssemblyResolve: Resolving assembly 'Microsoft.Bcl.AsyncInterfaces'.
TpTrace Information: 0 : 19412, 1, 2023/12/07, 17:15:13.279, 11414000289951, vstest.console.dll, AssemblyResolver.OnResolve: Microsoft.Bcl.AsyncInterfaces: Resolving assembly.
TpTrace Information: 0 : 19412, 1, 2023/12/07, 17:15:13.279, 11414000290332, vstest.console.dll, AssemblyResolver.OnResolve: Microsoft.Bcl.AsyncInterfaces: Resolved from cache.
TpTrace Verbose: 0 : 19412, 1, 2023/12/07, 17:15:13.279, 11414000290607, vstest.console.dll, CurrentDomainAssemblyResolve: Resolving assembly 'Microsoft.Bcl.AsyncInterfaces'.
TpTrace Verbose: 0 : 19412, 1, 2023/12/07, 17:15:13.279, 11414000290934, vstest.console.dll, CurrentDomainAssemblyResolve: Failed to resolve assembly 'Microsoft.Bcl.AsyncInterfaces'.
TpTrace Verbose: 0 : 19412, 1, 2023/12/07, 17:15:13.280, 11414000298200, vstest.console.dll, CurrentDomainAssemblyResolve: Failed to resolve assembly 'Microsoft.Bcl.AsyncInterfaces'.
TpTrace Warning: 0 : 19412, 1, 2023/12/07, 17:15:13.290, 11414000394805, vstest.console.dll, TestPluginDiscoverer: Failed to get types from assembly 'Microsoft.Diagnostics.NETCore.Client, Version=0.2.8.21101, Culture=neutral, PublicKeyToken=31bf3856ad364e35'. Error: System.Reflection.ReflectionTypeLoadException: Unable to load one or more of the requested types.
Could not load file or assembly 'Microsoft.Bcl.AsyncInterfaces, Version=1.0.0.0, Culture=neutral, PublicKeyToken=cc7b13ffcd2ddd51'. El sistema no puede encontrar el archivo especificado.
   at System.Reflection.RuntimeModule.GetTypes(RuntimeModule module)
   at System.Reflection.RuntimeModule.GetTypes()
   at Microsoft.VisualStudio.TestPlatform.Common.ExtensionFramework.TestPluginDiscoverer.GetTestExtensionsFromAssembly[TPluginInfo,TExtension](Assembly assembly, Dictionary`2 pluginInfos, String filePath) in /_/src/Microsoft.TestPlatform.Common/ExtensionFramework/TestPluginDiscoverer.cs:line 158
System.IO.FileNotFoundException: Could not load file or assembly 'Microsoft.Bcl.AsyncInterfaces, Version=1.0.0.0, Culture=neutral, PublicKeyToken=cc7b13ffcd2ddd51'. El sistema no puede encontrar el archivo especificado.
File name: 'Microsoft.Bcl.AsyncInterfaces, Version=1.0.0.0, Culture=neutral, PublicKeyToken=cc7b13ffcd2ddd51'
 ---> System.IO.FileNotFoundException: Could not load file or assembly 'Microsoft.Bcl.AsyncInterfaces, Culture=neutral, PublicKeyToken=null'. El sistema no puede encontrar el archivo especificado.
File name: 'Microsoft.Bcl.AsyncInterfaces, Culture=neutral, PublicKeyToken=null'
   at System.Reflection.RuntimeAssembly.InternalLoad(AssemblyName assemblyName, StackCrawlMark& stackMark, AssemblyLoadContext assemblyLoadContext, RuntimeAssembly requestingAssembly, Boolean throwOnFileNotFound)
   at System.Reflection.Assembly.Load(AssemblyName assemblyRef)
   at Microsoft.VisualStudio.TestPlatform.Common.ExtensionFramework.TestPluginCache.CurrentDomainAssemblyResolve(Object sender, AssemblyResolveEventArgs args) in /_/src/Microsoft.TestPlatform.Common/ExtensionFramework/TestPluginCache.cs:line 513
   at System.Runtime.Loader.AssemblyLoadContext.GetFirstResolvedAssemblyFromResolvingEvent(AssemblyName assemblyName)
   at System.Runtime.Loader.AssemblyLoadContext.ResolveUsingEvent(AssemblyName assemblyName)
   at System.Runtime.Loader.AssemblyLoadContext.ResolveUsingResolvingEvent(IntPtr gchManagedAssemblyLoadContext, AssemblyName assemblyName)
TpTrace Warning: 0 : 19412, 1, 2023/12/07, 17:15:13.290, 11414000398471, vstest.console.dll, LoaderExceptions: System.IO.FileNotFoundException: Could not load file or assembly 'Microsoft.Bcl.AsyncInterfaces, Version=1.0.0.0, Culture=neutral, PublicKeyToken=cc7b13ffcd2ddd51'. El sistema no puede encontrar el archivo especificado.
File name: 'Microsoft.Bcl.AsyncInterfaces, Version=1.0.0.0, Culture=neutral, PublicKeyToken=cc7b13ffcd2ddd51'
 ---> System.IO.FileNotFoundException: Could not load file or assembly 'Microsoft.Bcl.AsyncInterfaces, Culture=neutral, PublicKeyToken=null'. El sistema no puede encontrar el archivo especificado.
File name: 'Microsoft.Bcl.AsyncInterfaces, Culture=neutral, PublicKeyToken=null'
   at System.Reflection.RuntimeAssembly.InternalLoad(AssemblyName assemblyName, StackCrawlMark& stackMark, AssemblyLoadContext assemblyLoadContext, RuntimeAssembly requestingAssembly, Boolean throwOnFileNotFound)
   at System.Reflection.Assembly.Load(AssemblyName assemblyRef)
   at Microsoft.VisualStudio.TestPlatform.Common.ExtensionFramework.TestPluginCache.CurrentDomainAssemblyResolve(Object sender, AssemblyResolveEventArgs args) in /_/src/Microsoft.TestPlatform.Common/ExtensionFramework/TestPluginCache.cs:line 513
   at System.Runtime.Loader.AssemblyLoadContext.GetFirstResolvedAssemblyFromResolvingEvent(AssemblyName assemblyName)
   at System.Runtime.Loader.AssemblyLoadContext.ResolveUsingEvent(AssemblyName assemblyName)
   at System.Runtime.Loader.AssemblyLoadContext.ResolveUsingResolvingEvent(IntPtr gchManagedAssemblyLoadContext, AssemblyName assemblyName)
TpTrace Information: 0 : 19412, 1, 2023/12/07, 17:15:13.290, 11414000399988, vstest.console.dll, AssemblyResolver.OnResolve: Microsoft.TestPlatform.Extensions.BlameDataCollector: Resolving assembly.
TpTrace Information: 0 : 19412, 1, 2023/12/07, 17:15:13.290, 11414000400559, vstest.console.dll, AssemblyResolver.OnResolve: Microsoft.TestPlatform.Extensions.BlameDataCollector: Searching in: 'C:\Program Files\dotnet\sdk\8.0.100\Extensions'.
TpTrace Information: 0 : 19412, 1, 2023/12/07, 17:15:13.291, 11414000406576, vstest.console.dll, AssemblyResolver.OnResolve: Microsoft.TestPlatform.Extensions.BlameDataCollector: Loading assembly 'C:\Program Files\dotnet\sdk\8.0.100\Extensions\Microsoft.TestPlatform.Extensions.BlameDataCollector.dll'.
TpTrace Information: 0 : 19412, 1, 2023/12/07, 17:15:13.292, 11414000413962, vstest.console.dll, AssemblyResolver.OnResolve: Resolved assembly: Microsoft.TestPlatform.Extensions.BlameDataCollector, from path: C:\Program Files\dotnet\sdk\8.0.100\Extensions\Microsoft.TestPlatform.Extensions.BlameDataCollector.dll
TpTrace Verbose: 0 : 19412, 1, 2023/12/07, 17:15:13.292, 11414000415229, vstest.console.dll, MetadataReaderExtensionsHelper: Discovering extensions inside assembly 'Microsoft.TestPlatform.Extensions.BlameDataCollector, Version=15.0.0.0, Culture=neutral, PublicKeyToken=b03f5f7f11d50a3a' file path 'C:\Program Files\dotnet\sdk\8.0.100\Extensions\Microsoft.TestPlatform.Extensions.BlameDataCollector.dll'
TpTrace Information: 0 : 19412, 1, 2023/12/07, 17:15:13.294, 11414000433208, vstest.console.dll, AssemblyResolver.OnResolve: Microsoft.TestPlatform.Extensions.EventLogCollector: Resolving assembly.
TpTrace Information: 0 : 19412, 1, 2023/12/07, 17:15:13.294, 11414000434642, vstest.console.dll, AssemblyResolver.OnResolve: Microsoft.TestPlatform.Extensions.EventLogCollector: Searching in: 'C:\Program Files\dotnet\sdk\8.0.100\Extensions'.
TpTrace Information: 0 : 19412, 1, 2023/12/07, 17:15:13.294, 11414000441010, vstest.console.dll, AssemblyResolver.OnResolve: Microsoft.TestPlatform.Extensions.EventLogCollector: Loading assembly 'C:\Program Files\dotnet\sdk\8.0.100\Extensions\Microsoft.TestPlatform.Extensions.EventLogCollector.dll'.
TpTrace Information: 0 : 19412, 1, 2023/12/07, 17:15:13.295, 11414000446574, vstest.console.dll, AssemblyResolver.OnResolve: Resolved assembly: Microsoft.TestPlatform.Extensions.EventLogCollector, from path: C:\Program Files\dotnet\sdk\8.0.100\Extensions\Microsoft.TestPlatform.Extensions.EventLogCollector.dll
TpTrace Verbose: 0 : 19412, 1, 2023/12/07, 17:15:13.295, 11414000447352, vstest.console.dll, MetadataReaderExtensionsHelper: Discovering extensions inside assembly 'Microsoft.TestPlatform.Extensions.EventLogCollector, Version=15.0.0.0, Culture=neutral, PublicKeyToken=b03f5f7f11d50a3a' file path 'C:\Program Files\dotnet\sdk\8.0.100\Extensions\Microsoft.TestPlatform.Extensions.EventLogCollector.dll'
TpTrace Information: 0 : 19412, 1, 2023/12/07, 17:15:13.297, 11414000465855, vstest.console.dll, AssemblyResolver.OnResolve: Microsoft.TestPlatform.TestHostRuntimeProvider: Resolving assembly.
TpTrace Information: 0 : 19412, 1, 2023/12/07, 17:15:13.297, 11414000466840, vstest.console.dll, AssemblyResolver.OnResolve: Microsoft.TestPlatform.TestHostRuntimeProvider: Searching in: 'C:\Program Files\dotnet\sdk\8.0.100\Extensions'.
TpTrace Information: 0 : 19412, 1, 2023/12/07, 17:15:13.298, 11414000471686, vstest.console.dll, AssemblyResolver.OnResolve: Microsoft.TestPlatform.TestHostRuntimeProvider: Loading assembly 'C:\Program Files\dotnet\sdk\8.0.100\Extensions\Microsoft.TestPlatform.TestHostRuntimeProvider.dll'.
TpTrace Information: 0 : 19412, 1, 2023/12/07, 17:15:13.298, 11414000479339, vstest.console.dll, AssemblyResolver.OnResolve: Resolved assembly: Microsoft.TestPlatform.TestHostRuntimeProvider, from path: C:\Program Files\dotnet\sdk\8.0.100\Extensions\Microsoft.TestPlatform.TestHostRuntimeProvider.dll
TpTrace Verbose: 0 : 19412, 1, 2023/12/07, 17:15:13.298, 11414000480200, vstest.console.dll, MetadataReaderExtensionsHelper: Discovering extensions inside assembly 'Microsoft.TestPlatform.TestHostRuntimeProvider, Version=15.0.0.0, Culture=neutral, PublicKeyToken=b03f5f7f11d50a3a' file path 'C:\Program Files\dotnet\sdk\8.0.100\Extensions\Microsoft.TestPlatform.TestHostRuntimeProvider.dll'
TpTrace Information: 0 : 19412, 1, 2023/12/07, 17:15:13.300, 11414000500976, vstest.console.dll, GetTestExtensionFromType: Register extension with identifier data 'HostProvider://DefaultTestHost' and type 'Microsoft.VisualStudio.TestPlatform.CrossPlatEngine.Hosting.DefaultTestHostManager, Microsoft.TestPlatform.TestHostRuntimeProvider, Version=15.0.0.0, Culture=neutral, PublicKeyToken=b03f5f7f11d50a3a' inside file 'C:\Program Files\dotnet\sdk\8.0.100\Extensions\Microsoft.TestPlatform.TestHostRuntimeProvider.dll'
TpTrace Information: 0 : 19412, 1, 2023/12/07, 17:15:13.301, 11414000503783, vstest.console.dll, GetTestExtensionFromType: Register extension with identifier data 'HostProvider://DotnetTestHost' and type 'Microsoft.VisualStudio.TestPlatform.CrossPlatEngine.Hosting.DotnetTestHostManager, Microsoft.TestPlatform.TestHostRuntimeProvider, Version=15.0.0.0, Culture=neutral, PublicKeyToken=b03f5f7f11d50a3a' inside file 'C:\Program Files\dotnet\sdk\8.0.100\Extensions\Microsoft.TestPlatform.TestHostRuntimeProvider.dll'
TpTrace Information: 0 : 19412, 1, 2023/12/07, 17:15:13.301, 11414000504683, vstest.console.dll, AssemblyResolver.OnResolve: Microsoft.VisualStudio.TestPlatform.Extensions.Html.TestLogger: Resolving assembly.
TpTrace Information: 0 : 19412, 1, 2023/12/07, 17:15:13.301, 11414000505203, vstest.console.dll, AssemblyResolver.OnResolve: Microsoft.VisualStudio.TestPlatform.Extensions.Html.TestLogger: Searching in: 'C:\Program Files\dotnet\sdk\8.0.100\Extensions'.
TpTrace Information: 0 : 19412, 1, 2023/12/07, 17:15:13.302, 11414000512411, vstest.console.dll, AssemblyResolver.OnResolve: Microsoft.VisualStudio.TestPlatform.Extensions.Html.TestLogger: Loading assembly 'C:\Program Files\dotnet\sdk\8.0.100\Extensions\Microsoft.VisualStudio.TestPlatform.Extensions.Html.TestLogger.dll'.
TpTrace Information: 0 : 19412, 1, 2023/12/07, 17:15:13.302, 11414000518817, vstest.console.dll, AssemblyResolver.OnResolve: Resolved assembly: Microsoft.VisualStudio.TestPlatform.Extensions.Html.TestLogger, from path: C:\Program Files\dotnet\sdk\8.0.100\Extensions\Microsoft.VisualStudio.TestPlatform.Extensions.Html.TestLogger.dll
TpTrace Verbose: 0 : 19412, 1, 2023/12/07, 17:15:13.302, 11414000519625, vstest.console.dll, MetadataReaderExtensionsHelper: Discovering extensions inside assembly 'Microsoft.VisualStudio.TestPlatform.Extensions.Html.TestLogger, Version=15.0.0.0, Culture=neutral, PublicKeyToken=b03f5f7f11d50a3a' file path 'C:\Program Files\dotnet\sdk\8.0.100\Extensions\Microsoft.VisualStudio.TestPlatform.Extensions.Html.TestLogger.dll'
TpTrace Information: 0 : 19412, 1, 2023/12/07, 17:15:13.304, 11414000532842, vstest.console.dll, AssemblyResolver.OnResolve: Microsoft.VisualStudio.TestPlatform.Extensions.Trx.TestLogger: Resolving assembly.
TpTrace Information: 0 : 19412, 1, 2023/12/07, 17:15:13.304, 11414000533764, vstest.console.dll, AssemblyResolver.OnResolve: Microsoft.VisualStudio.TestPlatform.Extensions.Trx.TestLogger: Searching in: 'C:\Program Files\dotnet\sdk\8.0.100\Extensions'.
TpTrace Information: 0 : 19412, 1, 2023/12/07, 17:15:13.304, 11414000538946, vstest.console.dll, AssemblyResolver.OnResolve: Microsoft.VisualStudio.TestPlatform.Extensions.Trx.TestLogger: Loading assembly 'C:\Program Files\dotnet\sdk\8.0.100\Extensions\Microsoft.VisualStudio.TestPlatform.Extensions.Trx.TestLogger.dll'.
TpTrace Information: 0 : 19412, 1, 2023/12/07, 17:15:13.305, 11414000545449, vstest.console.dll, AssemblyResolver.OnResolve: Resolved assembly: Microsoft.VisualStudio.TestPlatform.Extensions.Trx.TestLogger, from path: C:\Program Files\dotnet\sdk\8.0.100\Extensions\Microsoft.VisualStudio.TestPlatform.Extensions.Trx.TestLogger.dll
TpTrace Verbose: 0 : 19412, 1, 2023/12/07, 17:15:13.305, 11414000551164, vstest.console.dll, MetadataReaderExtensionsHelper: Discovering extensions inside assembly 'Microsoft.VisualStudio.TestPlatform.Extensions.Trx.TestLogger, Version=15.0.0.0, Culture=neutral, PublicKeyToken=b03f5f7f11d50a3a' file path 'C:\Program Files\dotnet\sdk\8.0.100\Extensions\Microsoft.VisualStudio.TestPlatform.Extensions.Trx.TestLogger.dll'
TpTrace Verbose: 0 : 19412, 1, 2023/12/07, 17:15:13.307, 11414000565282, vstest.console.dll, TestPluginCache: Discovered the extensions using extension path ''.
TpTrace Verbose: 0 : 19412, 1, 2023/12/07, 17:15:13.307, 11414000566264, vstest.console.dll, TestPluginCache: Discoverers are ''.
TpTrace Verbose: 0 : 19412, 1, 2023/12/07, 17:15:13.307, 11414000566720, vstest.console.dll, TestPluginCache: Executors are ''.
TpTrace Verbose: 0 : 19412, 1, 2023/12/07, 17:15:13.307, 11414000566972, vstest.console.dll, TestPluginCache: Executors2 are ''.
TpTrace Verbose: 0 : 19412, 1, 2023/12/07, 17:15:13.307, 11414000567209, vstest.console.dll, TestPluginCache: Setting providers are ''.
TpTrace Verbose: 0 : 19412, 1, 2023/12/07, 17:15:13.307, 11414000567441, vstest.console.dll, TestPluginCache: Loggers are ''.
TpTrace Verbose: 0 : 19412, 1, 2023/12/07, 17:15:13.307, 11414000569455, vstest.console.dll, TestPluginCache: TestHosts are 'HostProvider://DefaultTestHost,HostProvider://DotnetTestHost'.
TpTrace Verbose: 0 : 19412, 1, 2023/12/07, 17:15:13.307, 11414000569973, vstest.console.dll, TestPluginCache: DataCollectors are ''.
TpTrace Information: 0 : 19412, 1, 2023/12/07, 17:15:13.322, 11414000718549, vstest.console.dll, RunTestsArgumentProcessor:Execute: Test run is starting.
TpTrace Verbose: 0 : 19412, 1, 2023/12/07, 17:15:13.322, 11414000719433, vstest.console.dll, RunTestsArgumentProcessor:Execute: Queuing Test run.
TpTrace Information: 0 : 19412, 1, 2023/12/07, 17:15:13.323, 11414000721576, vstest.console.dll, TestRequestManager.RunTests: run tests started.
TpTrace Information: 0 : 19412, 1, 2023/12/07, 17:15:13.324, 11414000734029, vstest.console.dll, AssemblyMetadataProvider.GetFrameworkName: Determined framework:'.NETCoreApp,Version=v8.0' for source: 'C:\Healthy\BusinessUnitTests\bin\Debug\net8.0\fine-code-coverage\build-output\Healthy.Business.UnitTests.dll'
TpTrace Information: 0 : 19412, 1, 2023/12/07, 17:15:13.324, 11414000736110, vstest.console.dll, Determined framework for all sources: .NETCoreApp,Version=v8.0
TpTrace Verbose: 0 : 19412, 1, 2023/12/07, 17:15:13.324, 11414000739793, vstest.console.dll, TestRequestManager.UpdateRunSettingsIfRequired: Default architecture: X64 IsDefaultTargetArchitecture: True, Current process architecture: X64 OperatingSystem: Windows.
TpTrace Information: 0 : 19412, 1, 2023/12/07, 17:15:13.326, 11414000756742, vstest.console.dll, AssemblyMetadataProvider.GetArchitecture: Determined architecture:AnyCPU info for assembly: C:\Healthy\BusinessUnitTests\bin\Debug\net8.0\fine-code-coverage\build-output\Healthy.Business.UnitTests.dll
TpTrace Information: 0 : 19412, 1, 2023/12/07, 17:15:13.326, 11414000757313, vstest.console.dll, Determined platform for source 'C:\Healthy\BusinessUnitTests\bin\Debug\net8.0\fine-code-coverage\build-output\Healthy.Business.UnitTests.dll' was AnyCPU and it will use the default plaform X64.
TpTrace Information: 0 : 19412, 1, 2023/12/07, 17:15:13.326, 11414000757603, vstest.console.dll, None of the sources provided any runnable platform, using the default platform: X64
TpTrace Information: 0 : 19412, 1, 2023/12/07, 17:15:13.326, 11414000758518, vstest.console.dll, Platform was updated to 'X64'.
TpTrace Information: 0 : 19412, 1, 2023/12/07, 17:15:13.329, 11414000790701, vstest.console.dll, InferRunSettingsHelper.IsTestSettingsEnabled: Unable to navigate to RunSettings/MSTest. Current node: RunSettings
TpTrace Information: 0 : 19412, 1, 2023/12/07, 17:15:13.330, 11414000796461, vstest.console.dll, AssemblyResolver.OnResolve: Microsoft.VisualStudio.TestPlatform.Fakes: Resolving assembly.
TpTrace Information: 0 : 19412, 1, 2023/12/07, 17:15:13.330, 11414000797410, vstest.console.dll, AssemblyResolver.OnResolve: Microsoft.VisualStudio.TestPlatform.Fakes: Searching in: 'C:\Program Files\dotnet\sdk\8.0.100\Extensions'.
TpTrace Information: 0 : 19412, 1, 2023/12/07, 17:15:13.330, 11414000798145, vstest.console.dll, AssemblyResolver.OnResolve: Microsoft.VisualStudio.TestPlatform.Fakes: Assembly path does not exist: 'C:\Program Files\dotnet\sdk\8.0.100\Extensions\Microsoft.VisualStudio.TestPlatform.Fakes.dll', returning.
TpTrace Information: 0 : 19412, 1, 2023/12/07, 17:15:13.330, 11414000798721, vstest.console.dll, AssemblyResolver.OnResolve: Microsoft.VisualStudio.TestPlatform.Fakes: Assembly path does not exist: 'C:\Program Files\dotnet\sdk\8.0.100\Extensions\Microsoft.VisualStudio.TestPlatform.Fakes.exe', returning.
TpTrace Information: 0 : 19412, 1, 2023/12/07, 17:15:13.330, 11414000799027, vstest.console.dll, AssemblyResolver.OnResolve: Microsoft.VisualStudio.TestPlatform.Fakes: Searching in: 'C:\Program Files\dotnet\sdk\8.0.100'.
TpTrace Information: 0 : 19412, 1, 2023/12/07, 17:15:13.330, 11414000799654, vstest.console.dll, AssemblyResolver.OnResolve: Microsoft.VisualStudio.TestPlatform.Fakes: Assembly path does not exist: 'C:\Program Files\dotnet\sdk\8.0.100\Microsoft.VisualStudio.TestPlatform.Fakes.dll', returning.
TpTrace Information: 0 : 19412, 1, 2023/12/07, 17:15:13.330, 11414000800266, vstest.console.dll, AssemblyResolver.OnResolve: Microsoft.VisualStudio.TestPlatform.Fakes: Assembly path does not exist: 'C:\Program Files\dotnet\sdk\8.0.100\Microsoft.VisualStudio.TestPlatform.Fakes.exe', returning.
TpTrace Information: 0 : 19412, 1, 2023/12/07, 17:15:13.330, 11414000800566, vstest.console.dll, AssemblyResolver.OnResolve: Microsoft.VisualStudio.TestPlatform.Fakes: Failed to load assembly.
TpTrace Information: 0 : 19412, 1, 2023/12/07, 17:15:13.331, 11414000803091, vstest.console.dll, Failed to load assembly Microsoft.VisualStudio.TestPlatform.Fakes, Version=17.0.0.0, Culture=neutral. Reason:System.IO.FileNotFoundException: Could not load file or assembly 'Microsoft.VisualStudio.TestPlatform.Fakes, Version=17.0.0.0, Culture=neutral, PublicKeyToken=null'. El sistema no puede encontrar el archivo especificado.
File name: 'Microsoft.VisualStudio.TestPlatform.Fakes, Version=17.0.0.0, Culture=neutral, PublicKeyToken=null'
   at System.Reflection.RuntimeAssembly.InternalLoad(AssemblyName assemblyName, StackCrawlMark& stackMark, AssemblyLoadContext assemblyLoadContext, RuntimeAssembly requestingAssembly, Boolean throwOnFileNotFound)
   at System.Reflection.Assembly.Load(AssemblyName assemblyRef)
   at Microsoft.VisualStudio.TestPlatform.Common.Utilities.FakesUtilities.LoadTestPlatformAssembly() in /_/src/Microsoft.TestPlatform.Common/Utilities/FakesUtilities.cs:line 272
TpTrace Verbose: 0 : 19412, 1, 2023/12/07, 17:15:13.334, 11414000832009, vstest.console.dll, TestPluginCache.DiscoverTestExtensions: finding test extensions in assemblies ends with: TestLogger.dll TPluginInfo: Microsoft.VisualStudio.TestPlatform.Common.ExtensionFramework.Utilities.TestLoggerPluginInformation TExtension: Microsoft.VisualStudio.TestPlatform.ObjectModel.Client.ITestLogger
TpTrace Verbose: 0 : 19412, 1, 2023/12/07, 17:15:13.334, 11414000832838, vstest.console.dll, TestPluginCache.GetExtensionPaths: Filtered extension paths: 
TpTrace Verbose: 0 : 19412, 1, 2023/12/07, 17:15:13.334, 11414000833221, vstest.console.dll, TestPluginCache.GetExtensionPaths: Added default extension paths: C:\Program Files\dotnet\sdk\8.0.100\Extensions\Microsoft.Diagnostics.NETCore.Client.dll
C:\Program Files\dotnet\sdk\8.0.100\Extensions\Microsoft.TestPlatform.Extensions.BlameDataCollector.dll
C:\Program Files\dotnet\sdk\8.0.100\Extensions\Microsoft.TestPlatform.Extensions.EventLogCollector.dll
C:\Program Files\dotnet\sdk\8.0.100\Extensions\Microsoft.TestPlatform.TestHostRuntimeProvider.dll
C:\Program Files\dotnet\sdk\8.0.100\Extensions\Microsoft.VisualStudio.TestPlatform.Extensions.Html.TestLogger.dll
C:\Program Files\dotnet\sdk\8.0.100\Extensions\Microsoft.VisualStudio.TestPlatform.Extensions.Trx.TestLogger.dll
TpTrace Verbose: 0 : 19412, 1, 2023/12/07, 17:15:13.334, 11414000833504, vstest.console.dll, TestPluginCache.GetExtensionPaths: Added unfilterableExtensionPaths: 
TpTrace Information: 0 : 19412, 1, 2023/12/07, 17:15:13.334, 11414000834599, vstest.console.dll, AssemblyResolver.AddSearchDirectories: Adding more searchDirectories C:\Program Files\dotnet\sdk\8.0.100\Extensions,C:\Program Files\dotnet\sdk\8.0.100
TpTrace Verbose: 0 : 19412, 1, 2023/12/07, 17:15:13.334, 11414000835043, vstest.console.dll, TestPluginCache.DiscoverTestExtensions: Discovering the extensions using extension path.
TpTrace Verbose: 0 : 19412, 1, 2023/12/07, 17:15:13.334, 11414000835365, vstest.console.dll, TestPluginCache.GetExtensionPaths: Filtered extension paths: 
TpTrace Verbose: 0 : 19412, 1, 2023/12/07, 17:15:13.334, 11414000835705, vstest.console.dll, TestPluginCache.GetExtensionPaths: Added default extension paths: C:\Program Files\dotnet\sdk\8.0.100\Extensions\Microsoft.Diagnostics.NETCore.Client.dll
C:\Program Files\dotnet\sdk\8.0.100\Extensions\Microsoft.TestPlatform.Extensions.BlameDataCollector.dll
C:\Program Files\dotnet\sdk\8.0.100\Extensions\Microsoft.TestPlatform.Extensions.EventLogCollector.dll
C:\Program Files\dotnet\sdk\8.0.100\Extensions\Microsoft.TestPlatform.TestHostRuntimeProvider.dll
C:\Program Files\dotnet\sdk\8.0.100\Extensions\Microsoft.VisualStudio.TestPlatform.Extensions.Html.TestLogger.dll
C:\Program Files\dotnet\sdk\8.0.100\Extensions\Microsoft.VisualStudio.TestPlatform.Extensions.Trx.TestLogger.dll
TpTrace Verbose: 0 : 19412, 1, 2023/12/07, 17:15:13.334, 11414000835986, vstest.console.dll, TestPluginCache.GetExtensionPaths: Added unfilterableExtensionPaths: 
TpTrace Verbose: 0 : 19412, 1, 2023/12/07, 17:15:13.334, 11414000836345, vstest.console.dll, TestPluginCache.DiscoverTestExtensions: Discovering the extensions using allExtensionPaths: C:\Program Files\dotnet\sdk\8.0.100\Extensions\Microsoft.Diagnostics.NETCore.Client.dll
C:\Program Files\dotnet\sdk\8.0.100\Extensions\Microsoft.TestPlatform.Extensions.BlameDataCollector.dll
C:\Program Files\dotnet\sdk\8.0.100\Extensions\Microsoft.TestPlatform.Extensions.EventLogCollector.dll
C:\Program Files\dotnet\sdk\8.0.100\Extensions\Microsoft.TestPlatform.TestHostRuntimeProvider.dll
C:\Program Files\dotnet\sdk\8.0.100\Extensions\Microsoft.VisualStudio.TestPlatform.Extensions.Html.TestLogger.dll
C:\Program Files\dotnet\sdk\8.0.100\Extensions\Microsoft.VisualStudio.TestPlatform.Extensions.Trx.TestLogger.dll
TpTrace Information: 0 : 19412, 1, 2023/12/07, 17:15:13.334, 11414000836801, vstest.console.dll, AssemblyResolver.AddSearchDirectories: Adding more searchDirectories C:\Program Files\dotnet\sdk\8.0.100\Extensions,C:\Program Files\dotnet\sdk\8.0.100
TpTrace Information: 0 : 19412, 1, 2023/12/07, 17:15:13.334, 11414000837144, vstest.console.dll, AssemblyResolver.AddSearchDirectories: Adding more searchDirectories C:\Program Files\dotnet\sdk\8.0.100\Extensions,C:\Program Files\dotnet\sdk\8.0.100
TpTrace Information: 0 : 19412, 1, 2023/12/07, 17:15:13.334, 11414000837558, vstest.console.dll, AssemblyResolver.AddSearchDirectories: Adding more searchDirectories C:\Program Files\dotnet\sdk\8.0.100\Extensions,C:\Program Files\dotnet\sdk\8.0.100
TpTrace Information: 0 : 19412, 1, 2023/12/07, 17:15:13.334, 11414000837841, vstest.console.dll, AssemblyResolver.AddSearchDirectories: Adding more searchDirectories C:\Program Files\dotnet\sdk\8.0.100\Extensions,C:\Program Files\dotnet\sdk\8.0.100
TpTrace Information: 0 : 19412, 1, 2023/12/07, 17:15:13.334, 11414000838119, vstest.console.dll, AssemblyResolver.AddSearchDirectories: Adding more searchDirectories C:\Program Files\dotnet\sdk\8.0.100\Extensions,C:\Program Files\dotnet\sdk\8.0.100
TpTrace Information: 0 : 19412, 1, 2023/12/07, 17:15:13.334, 11414000838451, vstest.console.dll, AssemblyResolver.AddSearchDirectories: Adding more searchDirectories C:\Program Files\dotnet\sdk\8.0.100\Extensions,C:\Program Files\dotnet\sdk\8.0.100
TpTrace Verbose: 0 : 19412, 1, 2023/12/07, 17:15:13.334, 11414000839487, vstest.console.dll, MetadataReaderExtensionsHelper: Discovering extensions inside assembly 'Microsoft.Diagnostics.NETCore.Client, Version=0.2.8.21101, Culture=neutral, PublicKeyToken=31bf3856ad364e35' file path 'C:\Program Files\dotnet\sdk\8.0.100\Extensions\Microsoft.Diagnostics.NETCore.Client.dll'
TpTrace Information: 0 : 19412, 1, 2023/12/07, 17:15:13.335, 11414000848769, vstest.console.dll, AssemblyResolver.OnResolve: Microsoft.Bcl.AsyncInterfaces: Resolving assembly.
TpTrace Information: 0 : 19412, 1, 2023/12/07, 17:15:13.335, 11414000849295, vstest.console.dll, AssemblyResolver.OnResolve: Microsoft.Bcl.AsyncInterfaces: Resolved from cache.
TpTrace Verbose: 0 : 19412, 1, 2023/12/07, 17:15:13.335, 11414000849577, vstest.console.dll, CurrentDomainAssemblyResolve: Resolving assembly 'Microsoft.Bcl.AsyncInterfaces'.
TpTrace Information: 0 : 19412, 1, 2023/12/07, 17:15:13.335, 11414000850012, vstest.console.dll, AssemblyResolver.OnResolve: Microsoft.Bcl.AsyncInterfaces: Resolving assembly.
TpTrace Information: 0 : 19412, 1, 2023/12/07, 17:15:13.335, 11414000850287, vstest.console.dll, AssemblyResolver.OnResolve: Microsoft.Bcl.AsyncInterfaces: Resolved from cache.
TpTrace Verbose: 0 : 19412, 1, 2023/12/07, 17:15:13.335, 11414000850567, vstest.console.dll, CurrentDomainAssemblyResolve: Resolving assembly 'Microsoft.Bcl.AsyncInterfaces'.
TpTrace Verbose: 0 : 19412, 1, 2023/12/07, 17:15:13.335, 11414000850808, vstest.console.dll, CurrentDomainAssemblyResolve: Failed to resolve assembly 'Microsoft.Bcl.AsyncInterfaces'.
TpTrace Verbose: 0 : 19412, 1, 2023/12/07, 17:15:13.336, 11414000852311, vstest.console.dll, CurrentDomainAssemblyResolve: Failed to resolve assembly 'Microsoft.Bcl.AsyncInterfaces'.
TpTrace Warning: 0 : 19412, 1, 2023/12/07, 17:15:13.336, 11414000855534, vstest.console.dll, TestPluginDiscoverer: Failed to get types from assembly 'Microsoft.Diagnostics.NETCore.Client, Version=0.2.8.21101, Culture=neutral, PublicKeyToken=31bf3856ad364e35'. Error: System.Reflection.ReflectionTypeLoadException: Unable to load one or more of the requested types.
Could not load file or assembly 'Microsoft.Bcl.AsyncInterfaces, Version=1.0.0.0, Culture=neutral, PublicKeyToken=cc7b13ffcd2ddd51'. El sistema no puede encontrar el archivo especificado.
   at System.Reflection.RuntimeModule.GetTypes(RuntimeModule module)
   at System.Reflection.RuntimeModule.GetTypes()
   at Microsoft.VisualStudio.TestPlatform.Common.ExtensionFramework.TestPluginDiscoverer.GetTestExtensionsFromAssembly[TPluginInfo,TExtension](Assembly assembly, Dictionary`2 pluginInfos, String filePath) in /_/src/Microsoft.TestPlatform.Common/ExtensionFramework/TestPluginDiscoverer.cs:line 158
System.IO.FileNotFoundException: Could not load file or assembly 'Microsoft.Bcl.AsyncInterfaces, Version=1.0.0.0, Culture=neutral, PublicKeyToken=cc7b13ffcd2ddd51'. El sistema no puede encontrar el archivo especificado.
File name: 'Microsoft.Bcl.AsyncInterfaces, Version=1.0.0.0, Culture=neutral, PublicKeyToken=cc7b13ffcd2ddd51'
 ---> System.IO.FileNotFoundException: Could not load file or assembly 'Microsoft.Bcl.AsyncInterfaces, Culture=neutral, PublicKeyToken=null'. El sistema no puede encontrar el archivo especificado.
File name: 'Microsoft.Bcl.AsyncInterfaces, Culture=neutral, PublicKeyToken=null'
   at System.Reflection.RuntimeAssembly.InternalLoad(AssemblyName assemblyName, StackCrawlMark& stackMark, AssemblyLoadContext assemblyLoadContext, RuntimeAssembly requestingAssembly, Boolean throwOnFileNotFound)
   at System.Reflection.Assembly.Load(AssemblyName assemblyRef)
   at Microsoft.VisualStudio.TestPlatform.Common.ExtensionFramework.TestPluginCache.CurrentDomainAssemblyResolve(Object sender, AssemblyResolveEventArgs args) in /_/src/Microsoft.TestPlatform.Common/ExtensionFramework/TestPluginCache.cs:line 513
   at System.Runtime.Loader.AssemblyLoadContext.GetFirstResolvedAssemblyFromResolvingEvent(AssemblyName assemblyName)
   at System.Runtime.Loader.AssemblyLoadContext.ResolveUsingEvent(AssemblyName assemblyName)
   at System.Runtime.Loader.AssemblyLoadContext.ResolveUsingResolvingEvent(IntPtr gchManagedAssemblyLoadContext, AssemblyName assemblyName)
TpTrace Warning: 0 : 19412, 1, 2023/12/07, 17:15:13.336, 11414000857148, vstest.console.dll, LoaderExceptions: System.IO.FileNotFoundException: Could not load file or assembly 'Microsoft.Bcl.AsyncInterfaces, Version=1.0.0.0, Culture=neutral, PublicKeyToken=cc7b13ffcd2ddd51'. El sistema no puede encontrar el archivo especificado.
File name: 'Microsoft.Bcl.AsyncInterfaces, Version=1.0.0.0, Culture=neutral, PublicKeyToken=cc7b13ffcd2ddd51'
 ---> System.IO.FileNotFoundException: Could not load file or assembly 'Microsoft.Bcl.AsyncInterfaces, Culture=neutral, PublicKeyToken=null'. El sistema no puede encontrar el archivo especificado.
File name: 'Microsoft.Bcl.AsyncInterfaces, Culture=neutral, PublicKeyToken=null'
   at System.Reflection.RuntimeAssembly.InternalLoad(AssemblyName assemblyName, StackCrawlMark& stackMark, AssemblyLoadContext assemblyLoadContext, RuntimeAssembly requestingAssembly, Boolean throwOnFileNotFound)
   at System.Reflection.Assembly.Load(AssemblyName assemblyRef)
   at Microsoft.VisualStudio.TestPlatform.Common.ExtensionFramework.TestPluginCache.CurrentDomainAssemblyResolve(Object sender, AssemblyResolveEventArgs args) in /_/src/Microsoft.TestPlatform.Common/ExtensionFramework/TestPluginCache.cs:line 513
   at System.Runtime.Loader.AssemblyLoadContext.GetFirstResolvedAssemblyFromResolvingEvent(AssemblyName assemblyName)
   at System.Runtime.Loader.AssemblyLoadContext.ResolveUsingEvent(AssemblyName assemblyName)
   at System.Runtime.Loader.AssemblyLoadContext.ResolveUsingResolvingEvent(IntPtr gchManagedAssemblyLoadContext, AssemblyName assemblyName)
TpTrace Verbose: 0 : 19412, 1, 2023/12/07, 17:15:13.336, 11414000858077, vstest.console.dll, MetadataReaderExtensionsHelper: Discovering extensions inside assembly 'Microsoft.TestPlatform.Extensions.BlameDataCollector, Version=15.0.0.0, Culture=neutral, PublicKeyToken=b03f5f7f11d50a3a' file path 'C:\Program Files\dotnet\sdk\8.0.100\Extensions\Microsoft.TestPlatform.Extensions.BlameDataCollector.dll'
TpTrace Information: 0 : 19412, 1, 2023/12/07, 17:15:13.337, 11414000863966, vstest.console.dll, GetTestExtensionFromType: Register extension with identifier data 'logger://Microsoft/TestPlatform/Extensions/Blame/v1' and type 'Microsoft.TestPlatform.Extensions.BlameDataCollector.BlameLogger, Microsoft.TestPlatform.Extensions.BlameDataCollector, Version=15.0.0.0, Culture=neutral, PublicKeyToken=b03f5f7f11d50a3a' inside file 'C:\Program Files\dotnet\sdk\8.0.100\Extensions\Microsoft.TestPlatform.Extensions.BlameDataCollector.dll'
TpTrace Verbose: 0 : 19412, 1, 2023/12/07, 17:15:13.337, 11414000864583, vstest.console.dll, MetadataReaderExtensionsHelper: Discovering extensions inside assembly 'Microsoft.TestPlatform.Extensions.EventLogCollector, Version=15.0.0.0, Culture=neutral, PublicKeyToken=b03f5f7f11d50a3a' file path 'C:\Program Files\dotnet\sdk\8.0.100\Extensions\Microsoft.TestPlatform.Extensions.EventLogCollector.dll'
TpTrace Verbose: 0 : 19412, 1, 2023/12/07, 17:15:13.337, 11414000868504, vstest.console.dll, MetadataReaderExtensionsHelper: Discovering extensions inside assembly 'Microsoft.TestPlatform.TestHostRuntimeProvider, Version=15.0.0.0, Culture=neutral, PublicKeyToken=b03f5f7f11d50a3a' file path 'C:\Program Files\dotnet\sdk\8.0.100\Extensions\Microsoft.TestPlatform.TestHostRuntimeProvider.dll'
TpTrace Verbose: 0 : 19412, 1, 2023/12/07, 17:15:13.338, 11414000873600, vstest.console.dll, MetadataReaderExtensionsHelper: Discovering extensions inside assembly 'Microsoft.VisualStudio.TestPlatform.Extensions.Html.TestLogger, Version=15.0.0.0, Culture=neutral, PublicKeyToken=b03f5f7f11d50a3a' file path 'C:\Program Files\dotnet\sdk\8.0.100\Extensions\Microsoft.VisualStudio.TestPlatform.Extensions.Html.TestLogger.dll'
TpTrace Information: 0 : 19412, 1, 2023/12/07, 17:15:13.338, 11414000880293, vstest.console.dll, GetTestExtensionFromType: Register extension with identifier data 'logger://Microsoft/TestPlatform/HtmlLogger/v1' and type 'Microsoft.VisualStudio.TestPlatform.Extensions.HtmlLogger.HtmlLogger, Microsoft.VisualStudio.TestPlatform.Extensions.Html.TestLogger, Version=15.0.0.0, Culture=neutral, PublicKeyToken=b03f5f7f11d50a3a' inside file 'C:\Program Files\dotnet\sdk\8.0.100\Extensions\Microsoft.VisualStudio.TestPlatform.Extensions.Html.TestLogger.dll'
TpTrace Verbose: 0 : 19412, 1, 2023/12/07, 17:15:13.338, 11414000881037, vstest.console.dll, MetadataReaderExtensionsHelper: Discovering extensions inside assembly 'Microsoft.VisualStudio.TestPlatform.Extensions.Trx.TestLogger, Version=15.0.0.0, Culture=neutral, PublicKeyToken=b03f5f7f11d50a3a' file path 'C:\Program Files\dotnet\sdk\8.0.100\Extensions\Microsoft.VisualStudio.TestPlatform.Extensions.Trx.TestLogger.dll'
TpTrace Information: 0 : 19412, 1, 2023/12/07, 17:15:13.339, 11414000886755, vstest.console.dll, GetTestExtensionFromType: Register extension with identifier data 'logger://Microsoft/TestPlatform/TrxLogger/v1' and type 'Microsoft.VisualStudio.TestPlatform.Extensions.TrxLogger.TrxLogger, Microsoft.VisualStudio.TestPlatform.Extensions.Trx.TestLogger, Version=15.0.0.0, Culture=neutral, PublicKeyToken=b03f5f7f11d50a3a' inside file 'C:\Program Files\dotnet\sdk\8.0.100\Extensions\Microsoft.VisualStudio.TestPlatform.Extensions.Trx.TestLogger.dll'
TpTrace Verbose: 0 : 19412, 1, 2023/12/07, 17:15:13.339, 11414000888014, vstest.console.dll, TestPluginCache: Discovered the extensions using extension path ''.
TpTrace Verbose: 0 : 19412, 1, 2023/12/07, 17:15:13.339, 11414000888556, vstest.console.dll, TestPluginCache: Discoverers are ''.
TpTrace Verbose: 0 : 19412, 1, 2023/12/07, 17:15:13.339, 11414000888812, vstest.console.dll, TestPluginCache: Executors are ''.
TpTrace Verbose: 0 : 19412, 1, 2023/12/07, 17:15:13.339, 11414000889041, vstest.console.dll, TestPluginCache: Executors2 are ''.
TpTrace Verbose: 0 : 19412, 1, 2023/12/07, 17:15:13.339, 11414000889323, vstest.console.dll, TestPluginCache: Setting providers are ''.
TpTrace Verbose: 0 : 19412, 1, 2023/12/07, 17:15:13.339, 11414000890065, vstest.console.dll, TestPluginCache: Loggers are 'logger://Microsoft/TestPlatform/Extensions/Blame/v1,logger://Microsoft/TestPlatform/HtmlLogger/v1,logger://Microsoft/TestPlatform/TrxLogger/v1'.
TpTrace Verbose: 0 : 19412, 1, 2023/12/07, 17:15:13.339, 11414000890560, vstest.console.dll, TestPluginCache: TestHosts are 'HostProvider://DefaultTestHost,HostProvider://DotnetTestHost'.
TpTrace Verbose: 0 : 19412, 1, 2023/12/07, 17:15:13.339, 11414000890848, vstest.console.dll, TestPluginCache: DataCollectors are ''.
TpTrace Information: 0 : 19412, 1, 2023/12/07, 17:15:13.340, 11414000899760, vstest.console.dll, TestPluginManager.CreateTestExtension: Attempting to load test extension: Microsoft.TestPlatform.Extensions.BlameDataCollector.BlameLogger
TpTrace Verbose: 0 : 19412, 1, 2023/12/07, 17:15:13.348, 11414000974628, vstest.console.dll, TestEngine: Initializing Parallel Execution as MaxCpuCount is set to: 1
TpTrace Information: 0 : 19412, 1, 2023/12/07, 17:15:13.349, 11414000989729, vstest.console.dll, TestPluginManager.CreateTestExtension: Attempting to load test extension: Microsoft.VisualStudio.TestPlatform.CrossPlatEngine.Hosting.DefaultTestHostManager
TpTrace Information: 0 : 19412, 1, 2023/12/07, 17:15:13.350, 11414000995843, vstest.console.dll, TestPluginManager.CreateTestExtension: Attempting to load test extension: Microsoft.VisualStudio.TestPlatform.CrossPlatEngine.Hosting.DotnetTestHostManager
TpTrace Information: 0 : 19412, 1, 2023/12/07, 17:15:13.351, 11414001001461, vstest.console.dll, InferRunSettingsHelper.IsTestSettingsEnabled: Unable to navigate to RunSettings/MSTest. Current node: RunSettings
TpTrace Verbose: 0 : 19412, 1, 2023/12/07, 17:15:13.351, 11414001006550, vstest.console.dll, ParallelOperationManager.ClearSlots: Clearing all slots. Slots should accept more work: True
TpTrace Verbose: 0 : 19412, 1, 2023/12/07, 17:15:13.352, 11414001013154, vstest.console.dll, ParallelOperationManager.SetOccupiedSlotCount: Setting slot counts AvailableSlotCount = 1, OccupiedSlotCount = 0.
TpTrace Verbose: 0 : 19412, 1, 2023/12/07, 17:15:13.352, 11414001016543, vstest.console.dll, Occupied slots:

TpTrace Verbose: 0 : 19412, 1, 2023/12/07, 17:15:13.356, 11414001052796, vstest.console.dll, TestEngine.GetExecutionManager: Chosen execution manager 'Microsoft.VisualStudio.TestPlatform.CrossPlatEngine.Client.Parallel.ParallelProxyExecutionManager, Microsoft.TestPlatform.CrossPlatEngine, Version=15.0.0.0, Culture=neutral, PublicKeyToken=b03f5f7f11d50a3a' ParallelLevel '1'.
TpTrace Verbose: 0 : 19412, 1, 2023/12/07, 17:15:13.356, 11414001054104, vstest.console.dll, TestRunRequest.ExecuteAsync: Creating test run request.
TpTrace Verbose: 0 : 19412, 1, 2023/12/07, 17:15:13.356, 11414001056260, vstest.console.dll, TestRunRequest.ExecuteAsync: Starting.
TpTrace Information: 0 : 19412, 1, 2023/12/07, 17:15:13.357, 11414001068662, vstest.console.dll, TestRunRequest.ExecuteAsync: Starting run with settings:TestRunCriteria:
   KeepAlive=False,FrequencyOfRunStatsChangeEvent=10,RunStatsChangeEventTimeout=00:00:01.5000000,TestCaseFilter=,TestExecutorLauncher=
   Settingsxml=<RunSettings>
  <RunConfiguration>
    <ResultsDirectory>C:\Healthy\BusinessUnitTests\bin\Debug\net8.0\fine-code-coverage\coverage-tool-output</ResultsDirectory>
    <TargetPlatform>X64</TargetPlatform>
    <TargetFrameworkVersion>.NETCoreApp,Version=v8.0</TargetFrameworkVersion>
    <DesignMode>False</DesignMode>
    <CollectSourceInformation>False</CollectSourceInformation>
  </RunConfiguration>
  <LoggerRunSettings>
    <Loggers>
      <Logger friendlyName="blame" enabled="True" />
      <Logger friendlyName="Console" uri="logger://microsoft/TestPlatform/ConsoleLogger/v1" assemblyQualifiedName="Microsoft.VisualStudio.TestPlatform.CommandLine.Internal.ConsoleLogger, vstest.console, Version=15.0.0.0, Culture=neutral, PublicKeyToken=b03f5f7f11d50a3a" codeBase="C:\Program Files\dotnet\sdk\8.0.100\vstest.console.dll" enabled="True" />
    </Loggers>
  </LoggerRunSettings>
  <DataCollectionRunSettings>
    <DataCollectors>
      <DataCollector friendlyName="blame" enabled="True">
        <Configuration>
          <ResultsDirectory>C:\Healthy\BusinessUnitTests\bin\Debug\net8.0\fine-code-coverage\coverage-tool-output</ResultsDirectory>
        </Configuration>
      </DataCollector>
    </DataCollectors>
  </DataCollectionRunSettings>
</RunSettings>

TpTrace Verbose: 0 : 19412, 1, 2023/12/07, 17:15:13.357, 11414001069254, vstest.console.dll, TestRunRequest.ExecuteAsync: Wait for the first run request is over.
TpTrace Verbose: 0 : 19412, 1, 2023/12/07, 17:15:13.358, 11414001072040, vstest.console.dll, MulticastDelegateUtilities.SafeInvoke: TestRun.TestRunStart: Invoking callbacks was skipped because there are no subscribers.
TpTrace Verbose: 0 : 19412, 4, 2023/12/07, 17:15:13.358, 11414001074099, vstest.console.dll, MulticastDelegateUtilities.SafeInvoke: InternalTestLoggerEvents.SendTestRunStart: Invoking callback 1/1 for Microsoft.VisualStudio.TestPlatform.CommandLine.Internal.ConsoleLogger., took 0 ms.
TpTrace Verbose: 0 : 19412, 1, 2023/12/07, 17:15:13.359, 11414001083530, vstest.console.dll, ParallelProxyExecutionManager: Start execution. Total sources: 1
TpTrace Verbose: 0 : 19412, 1, 2023/12/07, 17:15:13.359, 11414001087567, vstest.console.dll, ParallelOperationManager.StartWork: Starting adding 1 workloads.
TpTrace Verbose: 0 : 19412, 1, 2023/12/07, 17:15:13.359, 11414001088294, vstest.console.dll, ParallelOperationManager.ClearSlots: Clearing all slots. Slots should accept more work: True
TpTrace Verbose: 0 : 19412, 1, 2023/12/07, 17:15:13.359, 11414001089034, vstest.console.dll, ParallelOperationManager.SetOccupiedSlotCount: Setting slot counts AvailableSlotCount = 1, OccupiedSlotCount = 0.
TpTrace Verbose: 0 : 19412, 1, 2023/12/07, 17:15:13.359, 11414001089436, vstest.console.dll, Occupied slots:

TpTrace Verbose: 0 : 19412, 1, 2023/12/07, 17:15:13.361, 11414001102863, vstest.console.dll, TestRequestSender is acting as server.
TpTrace Verbose: 0 : 19412, 1, 2023/12/07, 17:15:13.362, 11414001112947, vstest.console.dll, ParallelOperationManager.RunWorkInParallel: Adding 1 workload to slot, remaining workloads 0.
TpTrace Verbose: 0 : 19412, 1, 2023/12/07, 17:15:13.362, 11414001113533, vstest.console.dll, ParallelOperationManager.SetOccupiedSlotCount: Setting slot counts AvailableSlotCount = 0, OccupiedSlotCount = 1.
TpTrace Verbose: 0 : 19412, 1, 2023/12/07, 17:15:13.362, 11414001114559, vstest.console.dll, Occupied slots:
0: C:\Healthy\BusinessUnitTests\bin\Debug\net8.0\fine-code-coverage\build-output\Healthy.Business.UnitTests.dll
TpTrace Verbose: 0 : 19412, 1, 2023/12/07, 17:15:13.363, 11414001125555, vstest.console.dll, ParallelOperationManager.RunWorkInParallel: Started host in slot number 0 for work (source): C:\Healthy\BusinessUnitTests\bin\Debug\net8.0\fine-code-coverage\build-output\Healthy.Business.UnitTests.dll.
TpTrace Verbose: 0 : 19412, 1, 2023/12/07, 17:15:13.364, 11414001133665, vstest.console.dll, ParallelOperationManager.RunWorkInParallel: We started 1 work items, which is the max parallel level. Won't start more work.
TpTrace Verbose: 0 : 19412, 1, 2023/12/07, 17:15:13.364, 11414001134351, vstest.console.dll, ParallelOperationManager.RunWorkInParallel: We started 1 work items in here, returning True.
TpTrace Information: 0 : 19412, 1, 2023/12/07, 17:15:13.364, 11414001134898, vstest.console.dll, TestRunRequest.ExecuteAsync: Started.
TpTrace Verbose: 0 : 19412, 5, 2023/12/07, 17:15:13.364, 11414001135247, vstest.console.dll, ParallelProxyExecutionManager.StartTestRunOnConcurrentManager: Initializing uninitialized client. Started clients: 0
TpTrace Verbose: 0 : 19412, 5, 2023/12/07, 17:15:13.364, 11414001136639, vstest.console.dll, DataCollectionRequestSender.InitializeCommunication : Initialize communication. 
TpTrace Verbose: 0 : 19412, 1, 2023/12/07, 17:15:13.365, 11414001141616, vstest.console.dll, TestRunRequest.WaitForCompletion: Waiting with timeout -1.
TpTrace Information: 0 : 19412, 5, 2023/12/07, 17:15:13.371, 11414001202526, vstest.console.dll, Listening on Endpoint : 127.0.0.1:56451
TpTrace Verbose: 0 : 19412, 5, 2023/12/07, 17:15:13.376, 11414001259408, vstest.console.dll, DotnetDataCollectionLauncher: Adding  --runtimeconfig "C:\Program Files\dotnet\sdk\8.0.100\datacollector.runtimeconfig.json" in args
TpTrace Verbose: 0 : 19412, 5, 2023/12/07, 17:15:13.376, 11414001260863, vstest.console.dll, DotnetDataCollectionLauncher: Adding  --depsfile "C:\Program Files\dotnet\sdk\8.0.100\datacollector.deps.json" in args
TpTrace Verbose: 0 : 19412, 5, 2023/12/07, 17:15:13.377, 11414001262419, vstest.console.dll, DotnetDataCollectionLauncher: Full path of dotnet.exe is C:\Program Files\dotnet\dotnet.exe
TpTrace Information: 0 : 19412, 5, 2023/12/07, 17:15:13.382, 11414001320528, vstest.console.dll, ProxyDataCollectionManager.Initialize: Launched datacollector processId: 7880 port: 56451
TpTrace Information: 0 : 19412, 5, 2023/12/07, 17:15:13.383, 11414001322266, vstest.console.dll, ProxyDataCollectionManager.Initialize: waiting for connection with timeout: 90 seconds
TpTrace Verbose: 0 : 19412, 5, 2023/12/07, 17:15:13.383, 11414001322857, vstest.console.dll, DataCollectionRequestSender.WaitForRequestHandlerConnection : Waiting for connection with timeout: 90000
TpTrace Information: 0 : 19412, 7, 2023/12/07, 17:15:13.528, 11414002778521, vstest.console.dll, Using the buffer size of 16384 bytes
TpTrace Information: 0 : 19412, 7, 2023/12/07, 17:15:13.528, 11414002779632, vstest.console.dll, Accepted Client request and set the flag
TpTrace Verbose: 0 : 19412, 5, 2023/12/07, 17:15:13.528, 11414002778643, vstest.console.dll, SocketCommunicationManager.WaitForClientConnection took: 145 ms, with 90000 ms timeout, and finished with True.
TpTrace Verbose: 0 : 19412, 5, 2023/12/07, 17:15:13.529, 11414002781797, vstest.console.dll, ProxyDataCollectionManager.InvokeDataCollectionServiceAction: Starting.
TpTrace Information: 0 : 19412, 5, 2023/12/07, 17:15:13.529, 11414002782625, vstest.console.dll, ProxyDataCollectionManager.BeforeTestRunStart: Get environment variable and port for datacollector processId: 7880 port: 56451
TpTrace Verbose: 0 : 19412, 5, 2023/12/07, 17:15:13.529, 11414002783787, vstest.console.dll, DataCollectionRequestSender.SendBeforeTestRunStartAndGetResult: Send BeforeTestRunStart message with settingsXml <RunSettings><RunConfiguration><ResultsDirectory>C:\Healthy\BusinessUnitTests\bin\Debug\net8.0\fine-code-coverage\coverage-tool-output</ResultsDirectory><TargetPlatform>X64</TargetPlatform><TargetFrameworkVersion>.NETCoreApp,Version=v8.0</TargetFrameworkVersion><DesignMode>False</DesignMode><CollectSourceInformation>False</CollectSourceInformation><TestAdaptersPaths>C:\Program Files\dotnet\sdk\8.0.100\Extensions</TestAdaptersPaths></RunConfiguration><LoggerRunSettings><Loggers><Logger friendlyName="blame" enabled="True" /><Logger friendlyName="Console" uri="logger://microsoft/TestPlatform/ConsoleLogger/v1" assemblyQualifiedName="Microsoft.VisualStudio.TestPlatform.CommandLine.Internal.ConsoleLogger, vstest.console, Version=15.0.0.0, Culture=neutral, PublicKeyToken=b03f5f7f11d50a3a" codeBase="C:\Program Files\dotnet\sdk\8.0.100\vstest.console.dll" enabled="True" /></Loggers></LoggerRunSettings><DataCollectionRunSettings><DataCollectors><DataCollector friendlyName="blame" enabled="True"><Configuration><ResultsDirectory>C:\Healthy\BusinessUnitTests\bin\Debug\net8.0\fine-code-coverage\coverage-tool-output</ResultsDirectory></Configuration></DataCollector></DataCollectors></DataCollectionRunSettings></RunSettings> and sources System.Collections.Generic.List`1[System.String]: 
TpTrace Verbose: 0 : 19412, 5, 2023/12/07, 17:15:13.579, 11414003285411, vstest.console.dll, DataCollectionRequestSender.SendBeforeTestRunStartAndGetResult: Received message: (DataCollection.SendMessage) -> {"MessageType":"DataCollection.SendMessage","Payload":{"FriendlyName":null,"Uri":null,"TestCaseId":"00000000-0000-0000-0000-000000000000","Message":"Logging DataCollector Diagnostics in file: C:\\Healthy\\BusinessUnitTests\\bin\\Debug\\net8.0\\fine-code-coverage\\coverage-tool-output\\diagnostics.datacollector.23-12-07_17-15-13_37658_5.log","Level":0}}
TpTrace Verbose: 0 : 19412, 5, 2023/12/07, 17:15:13.669, 11414004187948, vstest.console.dll, DataCollectionRequestSender.SendBeforeTestRunStartAndGetResult: Received message: (DataCollection.BeforeTestRunStartResult) -> {"MessageType":"DataCollection.BeforeTestRunStartResult","Payload":{"EnvironmentVariables":{},"DataCollectionEventsPort":56453}}
TpTrace Information: 0 : 19412, 5, 2023/12/07, 17:15:13.674, 11414004235807, vstest.console.dll, ProxyDataCollectionManager.BeforeTestRunStart: SendBeforeTestRunStartAndGetResult successful, env variable from datacollector:   and testhost port: 56453
TpTrace Information: 0 : 19412, 5, 2023/12/07, 17:15:13.674, 11414004237220, vstest.console.dll, ProxyDataCollectionManager.InvokeDataCollectionServiceAction: Completed.
TpTrace Verbose: 0 : 19412, 5, 2023/12/07, 17:15:13.674, 11414004237802, vstest.console.dll, ParallelProxyExecutionManager.StartTestRunOnConcurrentManager: Initializing test run. Started clients: 0
TpTrace Verbose: 0 : 19412, 5, 2023/12/07, 17:15:13.674, 11414004239028, vstest.console.dll, ProxyExecutionManager: Test host is always Lazy initialize.
TpTrace Verbose: 0 : 19412, 5, 2023/12/07, 17:15:13.675, 11414004241724, vstest.console.dll, TestRequestSender.InitializeCommunication: initialize communication. 
TpTrace Information: 0 : 19412, 5, 2023/12/07, 17:15:13.675, 11414004248950, vstest.console.dll, SocketServer.Start: Listening on endpoint : 127.0.0.1:56454
TpTrace Verbose: 0 : 19412, 5, 2023/12/07, 17:15:13.677, 11414004263207, vstest.console.dll, DotnetTestHostmanager.GetTestHostProcessStartInfo: Platform environment 'X64' target architecture 'X64' framework '.NETCoreApp,Version=v8.0' OS 'Windows'
TpTrace Verbose: 0 : 19412, 5, 2023/12/07, 17:15:13.677, 11414004267004, vstest.console.dll, DotnetTestHostmanager: Adding  --runtimeconfig "C:\Healthy\BusinessUnitTests\bin\Debug\net8.0\fine-code-coverage\build-output\Healthy.Business.UnitTests.runtimeconfig.json" in args
TpTrace Verbose: 0 : 19412, 5, 2023/12/07, 17:15:13.677, 11414004269061, vstest.console.dll, DotnetTestHostmanager: Adding  --depsfile "C:\Healthy\BusinessUnitTests\bin\Debug\net8.0\fine-code-coverage\build-output\Healthy.Business.UnitTests.deps.json" in args
TpTrace Verbose: 0 : 19412, 5, 2023/12/07, 17:15:13.678, 11414004272707, vstest.console.dll, DotnetTestHostmanager.IsWinOnArm: Current PROCESSOR_ARCHITECTURE from environment variable 'AMD64'
TpTrace Verbose: 0 : 19412, 5, 2023/12/07, 17:15:13.678, 11414004273615, vstest.console.dll, DotnetTestHostmanager.IsWinOnArm: Is Windows on ARM 'False'
TpTrace Verbose: 0 : 19412, 5, 2023/12/07, 17:15:13.678, 11414004274673, vstest.console.dll, DotnetTestHostManager: testhost.exe found at path: C:\Healthy\BusinessUnitTests\bin\Debug\net8.0\fine-code-coverage\build-output\testhost.exe
TpTrace Verbose: 0 : 19412, 5, 2023/12/07, 17:15:13.678, 11414004275359, vstest.console.dll, DotnetTestHostmanager: Full path of host exe is C:\Healthy\BusinessUnitTests\bin\Debug\net8.0\fine-code-coverage\build-output\testhost.exe
TpTrace Verbose: 0 : 19412, 5, 2023/12/07, 17:15:13.678, 11414004277059, vstest.console.dll, DotnetTestHostmanager.LaunchTestHostAsync: Found 'VSTEST_WINAPPHOST_DOTNET_ROOT' in env variables, value 'C:\Program Files\dotnet', forwarding to 'DOTNET_ROOT'
TpTrace Verbose: 0 : 19412, 5, 2023/12/07, 17:15:13.678, 11414004278778, vstest.console.dll, DotnetTestHostManager: Starting process 'C:\Healthy\BusinessUnitTests\bin\Debug\net8.0\fine-code-coverage\build-output\testhost.exe' with command line ' --runtimeconfig "C:\Healthy\BusinessUnitTests\bin\Debug\net8.0\fine-code-coverage\build-output\Healthy.Business.UnitTests.runtimeconfig.json" --depsfile "C:\Healthy\BusinessUnitTests\bin\Debug\net8.0\fine-code-coverage\build-output\Healthy.Business.UnitTests.deps.json" --port 56454 --endpoint 127.0.0.1:056454 --role client --parentprocessid 19412 --diag "C:\Healthy\BusinessUnitTests\bin\Debug\net8.0\fine-code-coverage\coverage-tool-output\diagnostics.host.23-12-07_17-15-13_67652_5.log" --tracelevel 4 --datacollectionport 56453 --telemetryoptedin false'
TpTrace Verbose: 0 : 19412, 5, 2023/12/07, 17:15:13.686, 11414004355294, vstest.console.dll, MulticastDelegateUtilities.SafeInvoke: HostProviderEvents.OnHostLaunched: Invoking callback 1/2 for Microsoft.VisualStudio.TestPlatform.CrossPlatEngine.Client.ProxyExecutionManagerWithDataCollection., took 1 ms.
TpTrace Verbose: 0 : 19412, 5, 2023/12/07, 17:15:13.686, 11414004359123, vstest.console.dll, Test Runtime launched
TpTrace Verbose: 0 : 19412, 5, 2023/12/07, 17:15:13.686, 11414004360218, vstest.console.dll, MulticastDelegateUtilities.SafeInvoke: HostProviderEvents.OnHostLaunched: Invoking callback 2/2 for Microsoft.VisualStudio.TestPlatform.CrossPlatEngine.Client.ProxyOperationManager., took 0 ms.
TpTrace Verbose: 0 : 19412, 5, 2023/12/07, 17:15:13.687, 11414004361967, vstest.console.dll, TestRequestSender.WaitForRequestHandlerConnection: waiting for connection with timeout: 90000.
TpTrace Verbose: 0 : 19412, 5, 2023/12/07, 17:15:13.888, 11414006378191, vstest.console.dll, TestRequestSender.WaitForRequestHandlerConnection: waiting took 201 ms, with timeout 90000 ms, and result 0, which is success.
TpTrace Verbose: 0 : 19412, 7, 2023/12/07, 17:15:13.888, 11414006378191, vstest.console.dll, MulticastDelegateUtilities.SafeInvoke: SocketServer: ClientConnected: Invoking callback 1/1 for Microsoft.VisualStudio.TestPlatform.CommunicationUtilities.TestRequestSender., took 0 ms.
TpTrace Verbose: 0 : 19412, 7, 2023/12/07, 17:15:13.888, 11414006380611, vstest.console.dll, SocketServer.OnClientConnected: Client connected for endPoint: 127.0.0.1:56454, starting MessageLoopAsync:
TpTrace Verbose: 0 : 19412, 7, 2023/12/07, 17:15:13.889, 11414006386717, vstest.console.dll, TcpClientExtensions.MessageLoopAsync: Polling on remoteEndPoint: 127.0.0.1:56455 localEndPoint: 127.0.0.1:56454
TpTrace Verbose: 0 : 19412, 5, 2023/12/07, 17:15:13.889, 11414006391040, vstest.console.dll, TestRequestSender.CheckVersionWithTestHost: Sending check version message: {"MessageType":"ProtocolVersion","Payload":7}
TpTrace Verbose: 0 : 19412, 7, 2023/12/07, 17:15:14.002, 11414007519325, vstest.console.dll, TcpClientExtensions.MessageLoopAsync: NotifyDataAvailable remoteEndPoint: 127.0.0.1:56455 localEndPoint: 127.0.0.1:56454
TpTrace Verbose: 0 : 19412, 7, 2023/12/07, 17:15:14.002, 11414007521352, vstest.console.dll, TestRequestSender.CheckVersionWithTestHost: onMessageReceived received message: (ProtocolVersion) -> {"MessageType":"ProtocolVersion","Payload":7}
TpTrace Verbose: 0 : 19412, 7, 2023/12/07, 17:15:14.003, 11414007527177, vstest.console.dll, MulticastDelegateUtilities.SafeInvoke: LengthPrefixCommunicationChannel: MessageReceived: Invoking callback 1/1 for Microsoft.VisualStudio.TestPlatform.CommunicationUtilities.TestRequestSender+<>c__DisplayClass29_0., took 0 ms.
TpTrace Verbose: 0 : 19412, 7, 2023/12/07, 17:15:14.003, 11414007528027, vstest.console.dll, TcpClientExtensions.MessageLoopAsync: Polling on remoteEndPoint: 127.0.0.1:56455 localEndPoint: 127.0.0.1:56454
TpTrace Verbose: 0 : 19412, 5, 2023/12/07, 17:15:14.003, 11414007528261, vstest.console.dll, TestPluginCache.GetExtensionPaths: Filtered extension paths: 
TpTrace Verbose: 0 : 19412, 5, 2023/12/07, 17:15:14.003, 11414007529233, vstest.console.dll, TestPluginCache.GetExtensionPaths: Added default extension paths: C:\Program Files\dotnet\sdk\8.0.100\Extensions\Microsoft.Diagnostics.NETCore.Client.dll
C:\Program Files\dotnet\sdk\8.0.100\Extensions\Microsoft.TestPlatform.Extensions.BlameDataCollector.dll
C:\Program Files\dotnet\sdk\8.0.100\Extensions\Microsoft.TestPlatform.Extensions.EventLogCollector.dll
C:\Program Files\dotnet\sdk\8.0.100\Extensions\Microsoft.TestPlatform.TestHostRuntimeProvider.dll
C:\Program Files\dotnet\sdk\8.0.100\Extensions\Microsoft.VisualStudio.TestPlatform.Extensions.Html.TestLogger.dll
C:\Program Files\dotnet\sdk\8.0.100\Extensions\Microsoft.VisualStudio.TestPlatform.Extensions.Trx.TestLogger.dll
TpTrace Verbose: 0 : 19412, 5, 2023/12/07, 17:15:14.003, 11414007530503, vstest.console.dll, TestPluginCache.GetExtensionPaths: Added unfilterableExtensionPaths: 
TpTrace Verbose: 0 : 19412, 5, 2023/12/07, 17:15:14.007, 11414007564238, vstest.console.dll, TestRequestSender.InitializeExecution: Sending initialize execution with message: {"Version":7,"MessageType":"TestExecution.Initialize","Payload":["C:\\Healthy\\BusinessUnitTests\\bin\\Debug\\net8.0\\fine-code-coverage\\build-output\\xunit.runner.visualstudio.dotnetcore.testadapter.dll"]}
TpTrace Verbose: 0 : 19412, 5, 2023/12/07, 17:15:14.007, 11414007566086, vstest.console.dll, ParallelProxyExecutionManager.StartTestRunOnConcurrentManager: Execution starting. Started clients: 1
TpTrace Verbose: 0 : 19412, 5, 2023/12/07, 17:15:14.007, 11414007568827, vstest.console.dll, TestRunRequest:SendTestRunMessage: Starting.
TpTrace Verbose: 0 : 19412, 5, 2023/12/07, 17:15:14.007, 11414007570314, vstest.console.dll, MulticastDelegateUtilities.SafeInvoke: TestRun.LogMessages: Invoking callback 1/1 for Microsoft.VisualStudio.TestPlatform.CommandLine.TestRunResultAggregator., took 0 ms.
TpTrace Information: 0 : 19412, 5, 2023/12/07, 17:15:14.007, 11414007570748, vstest.console.dll, TestRunRequest:SendTestRunMessage: Completed.
TpTrace Verbose: 0 : 19412, 4, 2023/12/07, 17:15:14.008, 11414007572578, vstest.console.dll, MulticastDelegateUtilities.SafeInvoke: InternalTestLoggerEvents.SendTestRunMessage: Invoking callback 1/1 for Microsoft.VisualStudio.TestPlatform.CommandLine.Internal.ConsoleLogger., took 0 ms.
TpTrace Warning: 0 : 19412, 5, 2023/12/07, 17:15:14.008, 11414007576015, vstest.console.dll, InferRunSettingsHelper.MakeRunsettingsCompatible: Removing the following settings: TargetPlatform from RunSettings file. To use those settings please move to latest version of Microsoft.NET.Test.Sdk
TpTrace Verbose: 0 : 19412, 7, 2023/12/07, 17:15:14.010, 11414007599469, vstest.console.dll, TcpClientExtensions.MessageLoopAsync: NotifyDataAvailable remoteEndPoint: 127.0.0.1:56455 localEndPoint: 127.0.0.1:56454
TpTrace Verbose: 0 : 19412, 7, 2023/12/07, 17:15:14.011, 11414007604599, vstest.console.dll, TestRequestSender.OnExecutionMessageReceived: Received message: {"Version":7,"MessageType":"TestSession.Message","Payload":{"MessageLevel":0,"Message":"Logging TestHost Diagnostics in file: C:\\Healthy\\BusinessUnitTests\\bin\\Debug\\net8.0\\fine-code-coverage\\coverage-tool-output\\diagnostics.host.23-12-07_17-15-13_67652_5.log"}}
TpTrace Verbose: 0 : 19412, 7, 2023/12/07, 17:15:14.014, 11414007636856, vstest.console.dll, TestRunRequest:SendTestRunMessage: Starting.
TpTrace Verbose: 0 : 19412, 7, 2023/12/07, 17:15:14.018, 11414007677581, vstest.console.dll, MulticastDelegateUtilities.SafeInvoke: TestRun.LogMessages: Invoking callback 1/1 for Microsoft.VisualStudio.TestPlatform.CommandLine.TestRunResultAggregator., took 0 ms.
TpTrace Verbose: 0 : 19412, 4, 2023/12/07, 17:15:14.018, 11414007677727, vstest.console.dll, MulticastDelegateUtilities.SafeInvoke: InternalTestLoggerEvents.SendTestRunMessage: Invoking callback 1/1 for Microsoft.VisualStudio.TestPlatform.CommandLine.Internal.ConsoleLogger., took 0 ms.
TpTrace Information: 0 : 19412, 7, 2023/12/07, 17:15:14.018, 11414007679122, vstest.console.dll, TestRunRequest:SendTestRunMessage: Completed.
TpTrace Verbose: 0 : 19412, 7, 2023/12/07, 17:15:14.018, 11414007680779, vstest.console.dll, MulticastDelegateUtilities.SafeInvoke: LengthPrefixCommunicationChannel: MessageReceived: Invoking callback 1/1 for Microsoft.VisualStudio.TestPlatform.CommunicationUtilities.TestRequestSender+<>c__DisplayClass34_0., took 7 ms.
TpTrace Verbose: 0 : 19412, 7, 2023/12/07, 17:15:14.019, 11414007681506, vstest.console.dll, TcpClientExtensions.MessageLoopAsync: Polling on remoteEndPoint: 127.0.0.1:56455 localEndPoint: 127.0.0.1:56454
TpTrace Verbose: 0 : 19412, 5, 2023/12/07, 17:15:14.019, 11414007683909, vstest.console.dll, TestRequestSender.StartTestRun: Sending test run with message: {"Version":7,"MessageType":"TestExecution.StartWithSources","Payload":{"AdapterSourceMap":{"_none_":["C:\\Healthy\\BusinessUnitTests\\bin\\Debug\\net8.0\\fine-code-coverage\\build-output\\Healthy.Business.UnitTests.dll"]},"RunSettings":"<RunSettings>\r\n  <RunConfiguration>\r\n    <ResultsDirectory>C:\\Healthy\\BusinessUnitTests\\bin\\Debug\\net8.0\\fine-code-coverage\\coverage-tool-output</ResultsDirectory>\r\n    <TargetFrameworkVersion>.NETCoreApp,Version=v8.0</TargetFrameworkVersion>\r\n    <DesignMode>False</DesignMode>\r\n    <CollectSourceInformation>False</CollectSourceInformation>\r\n  </RunConfiguration>\r\n  <LoggerRunSettings>\r\n    <Loggers>\r\n      <Logger friendlyName=\"blame\" enabled=\"True\" />\r\n      <Logger friendlyName=\"Console\" uri=\"logger://microsoft/TestPlatform/ConsoleLogger/v1\" assemblyQualifiedName=\"Microsoft.VisualStudio.TestPlatform.CommandLine.Internal.ConsoleLogger, vstest.console, Version=15.0.0.0, Culture=neutral, PublicKeyToken=b03f5f7f11d50a3a\" codeBase=\"C:\\Program Files\\dotnet\\sdk\\8.0.100\\vstest.console.dll\" enabled=\"True\" />\r\n    </Loggers>\r\n  </LoggerRunSettings>\r\n  <DataCollectionRunSettings>\r\n    <DataCollectors>\r\n      <DataCollector friendlyName=\"blame\" enabled=\"True\">\r\n        <Configuration>\r\n          <ResultsDirectory>C:\\Healthy\\BusinessUnitTests\\bin\\Debug\\net8.0\\fine-code-coverage\\coverage-tool-output</ResultsDirectory>\r\n        </Configuration>\r\n      </DataCollector>\r\n    </DataCollectors>\r\n  </DataCollectionRunSettings>\r\n</RunSettings>","TestExecutionContext":{"FrequencyOfRunStatsChangeEvent":10,"RunStatsChangeEventTimeout":"00:00:01.5000000","InIsolation":false,"KeepAlive":false,"AreTestCaseLevelEventsRequired":false,"IsDebug":false,"TestCaseFilter":null,"FilterOptions":null},"Package":null}}
TpTrace Verbose: 0 : 19412, 5, 2023/12/07, 17:15:14.019, 11414007685264, vstest.console.dll, ParallelProxyExecutionManager.StartTestRunOnConcurrentManager: Execution started. Started clients: 1
TpTrace Verbose: 0 : 19412, 7, 2023/12/07, 17:15:14.156, 11414009054416, vstest.console.dll, TcpClientExtensions.MessageLoopAsync: NotifyDataAvailable remoteEndPoint: 127.0.0.1:56455 localEndPoint: 127.0.0.1:56454
TpTrace Verbose: 0 : 19412, 7, 2023/12/07, 17:15:14.156, 11414009056178, vstest.console.dll, TestRequestSender.OnExecutionMessageReceived: Received message: {"Version":7,"MessageType":"TestSession.Message","Payload":{"MessageLevel":0,"Message":"[xUnit.net 00:00:00.00] xUnit.net VSTest Adapter v2.4.5+1caef2f33e (64-bit .NET 8.0.0)"}}
TpTrace Verbose: 0 : 19412, 7, 2023/12/07, 17:15:14.156, 11414009058701, vstest.console.dll, TestRunRequest:SendTestRunMessage: Starting.
TpTrace Verbose: 0 : 19412, 7, 2023/12/07, 17:15:14.156, 11414009059488, vstest.console.dll, MulticastDelegateUtilities.SafeInvoke: TestRun.LogMessages: Invoking callback 1/1 for Microsoft.VisualStudio.TestPlatform.CommandLine.TestRunResultAggregator., took 0 ms.
TpTrace Information: 0 : 19412, 7, 2023/12/07, 17:15:14.156, 11414009059866, vstest.console.dll, TestRunRequest:SendTestRunMessage: Completed.
TpTrace Verbose: 0 : 19412, 4, 2023/12/07, 17:15:14.156, 11414009059865, vstest.console.dll, MulticastDelegateUtilities.SafeInvoke: InternalTestLoggerEvents.SendTestRunMessage: Invoking callback 1/1 for Microsoft.VisualStudio.TestPlatform.CommandLine.Internal.ConsoleLogger., took 0 ms.
TpTrace Verbose: 0 : 19412, 7, 2023/12/07, 17:15:14.156, 11414009060330, vstest.console.dll, MulticastDelegateUtilities.SafeInvoke: LengthPrefixCommunicationChannel: MessageReceived: Invoking callback 1/1 for Microsoft.VisualStudio.TestPlatform.CommunicationUtilities.TestRequestSender+<>c__DisplayClass34_0., took 0 ms.
TpTrace Verbose: 0 : 19412, 7, 2023/12/07, 17:15:14.157, 11414009061913, vstest.console.dll, TcpClientExtensions.MessageLoopAsync: Polling on remoteEndPoint: 127.0.0.1:56455 localEndPoint: 127.0.0.1:56454
TpTrace Verbose: 0 : 19412, 7, 2023/12/07, 17:15:14.817, 11414015670706, vstest.console.dll, TcpClientExtensions.MessageLoopAsync: NotifyDataAvailable remoteEndPoint: 127.0.0.1:56455 localEndPoint: 127.0.0.1:56454
TpTrace Verbose: 0 : 19412, 7, 2023/12/07, 17:15:14.818, 11414015673178, vstest.console.dll, TestRequestSender.OnExecutionMessageReceived: Received message: {"Version":7,"MessageType":"TestSession.Message","Payload":{"MessageLevel":0,"Message":"[xUnit.net 00:00:00.66]   Discovering: Healthy.Business.UnitTests"}}
TpTrace Verbose: 0 : 19412, 7, 2023/12/07, 17:15:14.818, 11414015675140, vstest.console.dll, TestRunRequest:SendTestRunMessage: Starting.
TpTrace Verbose: 0 : 19412, 7, 2023/12/07, 17:15:14.818, 11414015676141, vstest.console.dll, MulticastDelegateUtilities.SafeInvoke: TestRun.LogMessages: Invoking callback 1/1 for Microsoft.VisualStudio.TestPlatform.CommandLine.TestRunResultAggregator., took 0 ms.
TpTrace Verbose: 0 : 19412, 4, 2023/12/07, 17:15:14.818, 11414015676655, vstest.console.dll, MulticastDelegateUtilities.SafeInvoke: InternalTestLoggerEvents.SendTestRunMessage: Invoking callback 1/1 for Microsoft.VisualStudio.TestPlatform.CommandLine.Internal.ConsoleLogger., took 0 ms.
TpTrace Information: 0 : 19412, 7, 2023/12/07, 17:15:14.818, 11414015676694, vstest.console.dll, TestRunRequest:SendTestRunMessage: Completed.
TpTrace Verbose: 0 : 19412, 7, 2023/12/07, 17:15:14.818, 11414015677984, vstest.console.dll, MulticastDelegateUtilities.SafeInvoke: LengthPrefixCommunicationChannel: MessageReceived: Invoking callback 1/1 for Microsoft.VisualStudio.TestPlatform.CommunicationUtilities.TestRequestSender+<>c__DisplayClass34_0., took 0 ms.
TpTrace Verbose: 0 : 19412, 7, 2023/12/07, 17:15:14.818, 11414015678564, vstest.console.dll, TcpClientExtensions.MessageLoopAsync: Polling on remoteEndPoint: 127.0.0.1:56455 localEndPoint: 127.0.0.1:56454
TpTrace Verbose: 0 : 19412, 7, 2023/12/07, 17:15:14.861, 11414016105572, vstest.console.dll, TcpClientExtensions.MessageLoopAsync: NotifyDataAvailable remoteEndPoint: 127.0.0.1:56455 localEndPoint: 127.0.0.1:56454
TpTrace Verbose: 0 : 19412, 7, 2023/12/07, 17:15:14.861, 11414016106818, vstest.console.dll, TestRequestSender.OnExecutionMessageReceived: Received message: {"Version":7,"MessageType":"TestSession.Message","Payload":{"MessageLevel":0,"Message":"[xUnit.net 00:00:00.70]   Discovered:  Healthy.Business.UnitTests"}}
TpTrace Verbose: 0 : 19412, 7, 2023/12/07, 17:15:14.861, 11414016107964, vstest.console.dll, TestRunRequest:SendTestRunMessage: Starting.
TpTrace Verbose: 0 : 19412, 7, 2023/12/07, 17:15:14.861, 11414016108695, vstest.console.dll, MulticastDelegateUtilities.SafeInvoke: TestRun.LogMessages: Invoking callback 1/1 for Microsoft.VisualStudio.TestPlatform.CommandLine.TestRunResultAggregator., took 0 ms.
TpTrace Information: 0 : 19412, 7, 2023/12/07, 17:15:14.861, 11414016109126, vstest.console.dll, TestRunRequest:SendTestRunMessage: Completed.
TpTrace Verbose: 0 : 19412, 4, 2023/12/07, 17:15:14.861, 11414016109085, vstest.console.dll, MulticastDelegateUtilities.SafeInvoke: InternalTestLoggerEvents.SendTestRunMessage: Invoking callback 1/1 for Microsoft.VisualStudio.TestPlatform.CommandLine.Internal.ConsoleLogger., took 0 ms.
TpTrace Verbose: 0 : 19412, 7, 2023/12/07, 17:15:14.861, 11414016109501, vstest.console.dll, MulticastDelegateUtilities.SafeInvoke: LengthPrefixCommunicationChannel: MessageReceived: Invoking callback 1/1 for Microsoft.VisualStudio.TestPlatform.CommunicationUtilities.TestRequestSender+<>c__DisplayClass34_0., took 0 ms.
TpTrace Verbose: 0 : 19412, 7, 2023/12/07, 17:15:14.861, 11414016110803, vstest.console.dll, TcpClientExtensions.MessageLoopAsync: Polling on remoteEndPoint: 127.0.0.1:56455 localEndPoint: 127.0.0.1:56454
TpTrace Verbose: 0 : 19412, 7, 2023/12/07, 17:15:14.863, 11414016130208, vstest.console.dll, TcpClientExtensions.MessageLoopAsync: NotifyDataAvailable remoteEndPoint: 127.0.0.1:56455 localEndPoint: 127.0.0.1:56454
TpTrace Verbose: 0 : 19412, 7, 2023/12/07, 17:15:14.863, 11414016131062, vstest.console.dll, TestRequestSender.OnExecutionMessageReceived: Received message: {"Version":7,"MessageType":"TestSession.Message","Payload":{"MessageLevel":0,"Message":"[xUnit.net 00:00:00.71]   Starting:    Healthy.Business.UnitTests"}}
TpTrace Verbose: 0 : 19412, 7, 2023/12/07, 17:15:14.864, 11414016131997, vstest.console.dll, TestRunRequest:SendTestRunMessage: Starting.
TpTrace Verbose: 0 : 19412, 7, 2023/12/07, 17:15:14.864, 11414016132581, vstest.console.dll, MulticastDelegateUtilities.SafeInvoke: TestRun.LogMessages: Invoking callback 1/1 for Microsoft.VisualStudio.TestPlatform.CommandLine.TestRunResultAggregator., took 0 ms.
TpTrace Verbose: 0 : 19412, 4, 2023/12/07, 17:15:14.864, 11414016132737, vstest.console.dll, MulticastDelegateUtilities.SafeInvoke: InternalTestLoggerEvents.SendTestRunMessage: Invoking callback 1/1 for Microsoft.VisualStudio.TestPlatform.CommandLine.Internal.ConsoleLogger., took 0 ms.
TpTrace Information: 0 : 19412, 7, 2023/12/07, 17:15:14.864, 11414016133246, vstest.console.dll, TestRunRequest:SendTestRunMessage: Completed.
TpTrace Verbose: 0 : 19412, 7, 2023/12/07, 17:15:14.864, 11414016133607, vstest.console.dll, MulticastDelegateUtilities.SafeInvoke: LengthPrefixCommunicationChannel: MessageReceived: Invoking callback 1/1 for Microsoft.VisualStudio.TestPlatform.CommunicationUtilities.TestRequestSender+<>c__DisplayClass34_0., took 0 ms.
TpTrace Verbose: 0 : 19412, 7, 2023/12/07, 17:15:14.864, 11414016133916, vstest.console.dll, TcpClientExtensions.MessageLoopAsync: Polling on remoteEndPoint: 127.0.0.1:56455 localEndPoint: 127.0.0.1:56454
TpTrace Verbose: 0 : 19412, 7, 2023/12/07, 17:15:15.579, 11414023288496, vstest.console.dll, TcpClientExtensions.MessageLoopAsync: NotifyDataAvailable remoteEndPoint: 127.0.0.1:56455 localEndPoint: 127.0.0.1:56454
TpTrace Verbose: 0 : 19412, 7, 2023/12/07, 17:15:15.580, 11414023291672, vstest.console.dll, TestRequestSender.OnExecutionMessageReceived: Received message: {"Version":7,"MessageType":"TestExecution.StatsChange","Payload":{"NewTestResults":[{"TestCase":{"Id":"e83103e8-1e33-61a6-1203-5de5b23c40bf","FullyQualifiedName":"Healthy.Business.UnitTests.SpecificationsTests.UserEspecificationUnitTest.ValidUser_WhenCall_ReturnsErrorOfNullEmptyOrWhiteSpaceLastFirstName","DisplayName":"Healthy.Business.UnitTests.SpecificationsTests.UserEspecificationUnitTest.ValidUser_WhenCall_ReturnsErrorOfNullEmptyOrWhiteSpaceLastFirstName(lastFirstName: \" \")","ExecutorUri":"executor://xunit/VsTestRunner2/netcoreapp","Source":"C:\\Healthy\\BusinessUnitTests\\bin\\Debug\\net8.0\\fine-code-coverage\\build-output\\Healthy.Business.UnitTests.dll","CodeFilePath":null,"LineNumber":0,"Properties":[]},"Attachments":[],"Outcome":1,"ErrorMessage":null,"ErrorStackTrace":null,"DisplayName":"Healthy.Business.UnitTests.SpecificationsTests.UserEspecificationUnitTest.ValidUser_WhenCall_ReturnsErrorOfNullEmptyOrWhiteSpaceLastFirstName(lastFirstName: \" \")","Messages":[],"ComputerName":"LAPTOP-CLM1QPJK","Duration":"00:00:00.1349292","StartTime":"2023-12-07T22:15:15.0463099+00:00","EndTime":"2023-12-07T22:15:15.0463467+00:00","Properties":[]},{"TestCase":{"Id":"61812c9a-b65f-1bd5-278b-1c9f4f20bd75","FullyQualifiedName":"Healthy.Business.UnitTests.SpecificationsTests.UserEspecificationUnitTest.ValidUser_WhenCall_ReturnsErrorOfNullEmptyOrWhiteSpaceLastFirstName","DisplayName":"Healthy.Business.UnitTests.SpecificationsTests.UserEspecificationUnitTest.ValidUser_WhenCall_ReturnsErrorOfNullEmptyOrWhiteSpaceLastFirstName(lastFirstName: \"\")","ExecutorUri":"executor://xunit/VsTestRunner2/netcoreapp","Source":"C:\\Healthy\\BusinessUnitTests\\bin\\Debug\\net8.0\\fine-code-coverage\\build-output\\Healthy.Business.UnitTests.dll","CodeFilePath":null,"LineNumber":0,"Properties":[]},"Attachments":[],"Outcome":1,"ErrorMessage":null,"ErrorStackTrace":null,"DisplayName":"Healthy.Business.UnitTests.SpecificationsTests.UserEspecificationUnitTest.ValidUser_WhenCall_ReturnsErrorOfNullEmptyOrWhiteSpaceLastFirstName(lastFirstName: \"\")","Messages":[],"ComputerName":"LAPTOP-CLM1QPJK","Duration":"00:00:00.0005741","StartTime":"2023-12-07T22:15:15.0700863+00:00","EndTime":"2023-12-07T22:15:15.0700865+00:00","Properties":[]},{"TestCase":{"Id":"b6077b28-dd4f-885f-008e-f6f4234d1c60","FullyQualifiedName":"Healthy.Business.UnitTests.SpecificationsTests.UserEspecificationUnitTest.ValidUser_WhenCall_ReturnsErrorOfNullEmptyOrWhiteSpaceLastFirstName","DisplayName":"Healthy.Business.UnitTests.SpecificationsTests.UserEspecificationUnitTest.ValidUser_WhenCall_ReturnsErrorOfNullEmptyOrWhiteSpaceLastFirstName(lastFirstName: null)","ExecutorUri":"executor://xunit/VsTestRunner2/netcoreapp","Source":"C:\\Healthy\\BusinessUnitTests\\bin\\Debug\\net8.0\\fine-code-coverage\\build-output\\Healthy.Business.UnitTests.dll","CodeFilePath":null,"LineNumber":0,"Properties":[]},"Attachments":[],"Outcome":1,"ErrorMessage":null,"ErrorStackTrace":null,"DisplayName":"Healthy.Business.UnitTests.SpecificationsTests.UserEspecificationUnitTest.ValidUser_WhenCall_ReturnsErrorOfNullEmptyOrWhiteSpaceLastFirstName(lastFirstName: null)","Messages":[],"ComputerName":"LAPTOP-CLM1QPJK","Duration":"00:00:00.0001776","StartTime":"2023-12-07T22:15:15.0760201+00:00","EndTime":"2023-12-07T22:15:15.0760204+00:00","Properties":[]},{"TestCase":{"Id":"43130194-94c7-1a37-abbe-666da23f358a","FullyQualifiedName":"Healthy.Business.UnitTests.SpecificationsTests.UserEspecificationUnitTest.ValidUser_WhenCall_ReturnsErrorOfNullEmptyOrWhiteSpaceFirstName","DisplayName":"Healthy.Business.UnitTests.SpecificationsTests.UserEspecificationUnitTest.ValidUser_WhenCall_ReturnsErrorOfNullEmptyOrWhiteSpaceFirstName(firstName: \"\")","ExecutorUri":"executor://xunit/VsTestRunner2/netcoreapp","Source":"C:\\Healthy\\BusinessUnitTests\\bin\\Debug\\net8.0\\fine-code-coverage\\build-output\\Healthy.Business.UnitTests.dll","CodeFilePath":null,"LineNumber":0,"Properties":[]},"Attachments":[],"Outcome":1,"ErrorMessage":null,"ErrorStackTrace":null,"DisplayName":"Healthy.Business.UnitTests.SpecificationsTests.UserEspecificationUnitTest.ValidUser_WhenCall_ReturnsErrorOfNullEmptyOrWhiteSpaceFirstName(firstName: \"\")","Messages":[],"ComputerName":"LAPTOP-CLM1QPJK","Duration":"00:00:00.0002974","StartTime":"2023-12-07T22:15:15.0799113+00:00","EndTime":"2023-12-07T22:15:15.0799115+00:00","Properties":[]},{"TestCase":{"Id":"f719580b-3df1-a186-12c7-26bef1a72002","FullyQualifiedName":"Healthy.Business.UnitTests.SpecificationsTests.UserEspecificationUnitTest.ValidUser_WhenCall_ReturnsErrorOfNullEmptyOrWhiteSpaceFirstName","DisplayName":"Healthy.Business.UnitTests.SpecificationsTests.UserEspecificationUnitTest.ValidUser_WhenCall_ReturnsErrorOfNullEmptyOrWhiteSpaceFirstName(firstName: null)","ExecutorUri":"executor://xunit/VsTestRunner2/netcoreapp","Source":"C:\\Healthy\\BusinessUnitTests\\bin\\Debug\\net8.0\\fine-code-coverage\\build-output\\Healthy.Business.UnitTests.dll","CodeFilePath":null,"LineNumber":0,"Properties":[]},"Attachments":[],"Outcome":1,"ErrorMessage":null,"ErrorStackTrace":null,"DisplayName":"Healthy.Business.UnitTests.SpecificationsTests.UserEspecificationUnitTest.ValidUser_WhenCall_ReturnsErrorOfNullEmptyOrWhiteSpaceFirstName(firstName: null)","Messages":[],"ComputerName":"LAPTOP-CLM1QPJK","Duration":"00:00:00.0002960","StartTime":"2023-12-07T22:15:15.0839304+00:00","EndTime":"2023-12-07T22:15:15.0839306+00:00","Properties":[]},{"TestCase":{"Id":"bd69d71d-ef8d-598c-32ec-a9dde59f80aa","FullyQualifiedName":"Healthy.Business.UnitTests.SpecificationsTests.UserEspecificationUnitTest.ValidUser_WhenCall_ReturnsErrorOfNullEmptyOrWhiteSpaceFirstName","DisplayName":"Healthy.Business.UnitTests.SpecificationsTests.UserEspecificationUnitTest.ValidUser_WhenCall_ReturnsErrorOfNullEmptyOrWhiteSpaceFirstName(firstName: \" \")","ExecutorUri":"executor://xunit/VsTestRunner2/netcoreapp","Source":"C:\\Healthy\\BusinessUnitTests\\bin\\Debug\\net8.0\\fine-code-coverage\\build-output\\Healthy.Business.UnitTests.dll","CodeFilePath":null,"LineNumber":0,"Properties":[]},"Attachments":[],"Outcome":1,"ErrorMessage":null,"ErrorStackTrace":null,"DisplayName":"Healthy.Business.UnitTests.SpecificationsTests.UserEspecificationUnitTest.ValidUser_WhenCall_ReturnsErrorOfNullEmptyOrWhiteSpaceFirstName(firstName: \" \")","Messages":[],"ComputerName":"LAPTOP-CLM1QPJK","Duration":"00:00:00.0001537","StartTime":"2023-12-07T22:15:15.0873614+00:00","EndTime":"2023-12-07T22:15:15.0873616+00:00","Properties":[]},{"TestCase":{"Id":"2c16598b-ffde-d6ea-b7ce-4e4554491953","FullyQualifiedName":"Healthy.Business.UnitTests.UsesCasesTests.CreateUserUseCaseUnitTest.CreateUserUseCaseExecute_WhenTrySaveUserIntoDatabase_ReturnEmptyListOfErrorsAndSaveUser","DisplayName":"Healthy.Business.UnitTests.UsesCasesTests.CreateUserUseCaseUnitTest.CreateUserUseCaseExecute_WhenTrySaveUserIntoDatabase_ReturnEmptyListOfErrorsAndSaveUser","ExecutorUri":"executor://xunit/VsTestRunner2/netcoreapp","Source":"C:\\Healthy\\BusinessUnitTests\\bin\\Debug\\net8.0\\fine-code-coverage\\build-output\\Healthy.Business.UnitTests.dll","CodeFilePath":null,"LineNumber":0,"Properties":[]},"Attachments":[],"Outcome":1,"ErrorMessage":null,"ErrorStackTrace":null,"DisplayName":"Healthy.Business.UnitTests.UsesCasesTests.CreateUserUseCaseUnitTest.CreateUserUseCaseExecute_WhenTrySaveUserIntoDatabase_ReturnEmptyListOfErrorsAndSaveUser","Messages":[],"ComputerName":"LAPTOP-CLM1QPJK","Duration":"00:00:00.6376017","StartTime":"2023-12-07T22:15:15.5424471+00:00","EndTime":"2023-12-07T22:15:15.5424475+00:00","Properties":[]}],"TestRunStatistics":{"ExecutedTests":7,"Stats":{"Passed":7}},"ActiveTests":[{"Id":"3d613fd9-f78c-e643-c382-a77417c4607d","FullyQualifiedName":"Healthy.Business.UnitTests.UsesCasesTests.EditUserUseCaseUnitTest.EditUserUseCaseExecute_WhenTrySaveUserIntoDatabase_ReturnEmptyListOfErrorsAndEditUser","DisplayName":"Healthy.Business.UnitTests.UsesCasesTests.EditUserUseCaseUnitTest.EditUserUseCaseExecute_WhenTrySaveUserIntoDatabase_ReturnEmptyListOfErrorsAndEditUser","ExecutorUri":"executor://xunit/VsTestRunner2/netcoreapp","Source":"C:\\Healthy\\BusinessUnitTests\\bin\\Debug\\net8.0\\fine-code-coverage\\build-output\\Healthy.Business.UnitTests.dll","CodeFilePath":null,"LineNumber":0,"Properties":[]},{"Id":"30eefd0f-ce38-52e2-e735-865e13f9528b","FullyQualifiedName":"Healthy.Business.UnitTests.SpecificationsTests.UserEspecificationUnitTest.ValidUser_WhenTrySaveDuplicateUserEmailIntoDatabase_ReturnErrorOfExistigEmailAndNoInsert","DisplayName":"Healthy.Business.UnitTests.SpecificationsTests.UserEspecificationUnitTest.ValidUser_WhenTrySaveDuplicateUserEmailIntoDatabase_ReturnErrorOfExistigEmailAndNoInsert","ExecutorUri":"executor://xunit/VsTestRunner2/netcoreapp","Source":"C:\\Healthy\\BusinessUnitTests\\bin\\Debug\\net8.0\\fine-code-coverage\\build-output\\Healthy.Business.UnitTests.dll","CodeFilePath":null,"LineNumber":0,"Properties":[]},{"Id":"09be641f-24d4-7f44-fc18-691690b7aa17","FullyQualifiedName":"Healthy.Business.UnitTests.UsesCasesTests.CreateUserUseCaseUnitTest.CreateUserUseCaseExecute_WhenTrySaveInvalidUserIntoDatabase_ReturnListOfErrorsAndNotInsertUser","DisplayName":"Healthy.Business.UnitTests.UsesCasesTests.CreateUserUseCaseUnitTest.CreateUserUseCaseExecute_WhenTrySaveInvalidUserIntoDatabase_ReturnListOfErrorsAndNotInsertUser","ExecutorUri":"executor://xunit/VsTestRunner2/netcoreapp","Source":"C:\\Healthy\\BusinessUnitTests\\bin\\Debug\\net8.0\\fine-code-coverage\\build-output\\Healthy.Business.UnitTests.dll","CodeFilePath":null,"LineNumber":0,"Properties":[]}]}}
TpTrace Verbose: 0 : 19412, 7, 2023/12/07, 17:15:15.606, 11414023555811, vstest.console.dll, TestRunRequest:SendTestRunStatsChange: Starting.
TpTrace Verbose: 0 : 19412, 7, 2023/12/07, 17:15:15.606, 11414023557179, vstest.console.dll, InProgress is Healthy.Business.UnitTests.UsesCasesTests.EditUserUseCaseUnitTest.EditUserUseCaseExecute_WhenTrySaveUserIntoDatabase_ReturnEmptyListOfErrorsAndEditUser
TpTrace Verbose: 0 : 19412, 7, 2023/12/07, 17:15:15.606, 11414023557556, vstest.console.dll, InProgress is Healthy.Business.UnitTests.SpecificationsTests.UserEspecificationUnitTest.ValidUser_WhenTrySaveDuplicateUserEmailIntoDatabase_ReturnErrorOfExistigEmailAndNoInsert
TpTrace Verbose: 0 : 19412, 7, 2023/12/07, 17:15:15.606, 11414023557898, vstest.console.dll, InProgress is Healthy.Business.UnitTests.UsesCasesTests.CreateUserUseCaseUnitTest.CreateUserUseCaseExecute_WhenTrySaveInvalidUserIntoDatabase_ReturnListOfErrorsAndNotInsertUser
TpTrace Verbose: 0 : 19412, 7, 2023/12/07, 17:15:15.606, 11414023560098, vstest.console.dll, MulticastDelegateUtilities.SafeInvoke: TestRun.RunStatsChanged: Invoking callbacks was skipped because there are no subscribers.
TpTrace Information: 0 : 19412, 7, 2023/12/07, 17:15:15.606, 11414023560502, vstest.console.dll, TestRunRequest:SendTestRunStatsChange: Completed.
TpTrace Verbose: 0 : 19412, 7, 2023/12/07, 17:15:15.606, 11414023560796, vstest.console.dll, MulticastDelegateUtilities.SafeInvoke: LengthPrefixCommunicationChannel: MessageReceived: Invoking callback 1/1 for Microsoft.VisualStudio.TestPlatform.CommunicationUtilities.TestRequestSender+<>c__DisplayClass34_0., took 26 ms.
TpTrace Verbose: 0 : 19412, 7, 2023/12/07, 17:15:15.606, 11414023561103, vstest.console.dll, TcpClientExtensions.MessageLoopAsync: Polling on remoteEndPoint: 127.0.0.1:56455 localEndPoint: 127.0.0.1:56454
TpTrace Verbose: 0 : 19412, 4, 2023/12/07, 17:15:15.610, 11414023591452, vstest.console.dll, MulticastDelegateUtilities.SafeInvoke: InternalTestLoggerEvents.SendTestResult: Invoking callback 1/1 for Microsoft.VisualStudio.TestPlatform.CommandLine.Internal.ConsoleLogger., took 3 ms.
TpTrace Verbose: 0 : 19412, 4, 2023/12/07, 17:15:15.610, 11414023594588, vstest.console.dll, MulticastDelegateUtilities.SafeInvoke: InternalTestLoggerEvents.SendTestResult: Invoking callback 1/1 for Microsoft.VisualStudio.TestPlatform.CommandLine.Internal.ConsoleLogger., took 0 ms.
TpTrace Verbose: 0 : 19412, 4, 2023/12/07, 17:15:15.610, 11414023595256, vstest.console.dll, MulticastDelegateUtilities.SafeInvoke: InternalTestLoggerEvents.SendTestResult: Invoking callback 1/1 for Microsoft.VisualStudio.TestPlatform.CommandLine.Internal.ConsoleLogger., took 0 ms.
TpTrace Verbose: 0 : 19412, 4, 2023/12/07, 17:15:15.610, 11414023595706, vstest.console.dll, MulticastDelegateUtilities.SafeInvoke: InternalTestLoggerEvents.SendTestResult: Invoking callback 1/1 for Microsoft.VisualStudio.TestPlatform.CommandLine.Internal.ConsoleLogger., took 0 ms.
TpTrace Verbose: 0 : 19412, 4, 2023/12/07, 17:15:15.610, 11414023596130, vstest.console.dll, MulticastDelegateUtilities.SafeInvoke: InternalTestLoggerEvents.SendTestResult: Invoking callback 1/1 for Microsoft.VisualStudio.TestPlatform.CommandLine.Internal.ConsoleLogger., took 0 ms.
TpTrace Verbose: 0 : 19412, 4, 2023/12/07, 17:15:15.610, 11414023596617, vstest.console.dll, MulticastDelegateUtilities.SafeInvoke: InternalTestLoggerEvents.SendTestResult: Invoking callback 1/1 for Microsoft.VisualStudio.TestPlatform.CommandLine.Internal.ConsoleLogger., took 0 ms.
TpTrace Verbose: 0 : 19412, 4, 2023/12/07, 17:15:15.610, 11414023597069, vstest.console.dll, MulticastDelegateUtilities.SafeInvoke: InternalTestLoggerEvents.SendTestResult: Invoking callback 1/1 for Microsoft.VisualStudio.TestPlatform.CommandLine.Internal.ConsoleLogger., took 0 ms.
TpTrace Verbose: 0 : 19412, 7, 2023/12/07, 17:15:15.611, 11414023603582, vstest.console.dll, TcpClientExtensions.MessageLoopAsync: NotifyDataAvailable remoteEndPoint: 127.0.0.1:56455 localEndPoint: 127.0.0.1:56454
TpTrace Verbose: 0 : 19412, 7, 2023/12/07, 17:15:15.611, 11414023605617, vstest.console.dll, TestRequestSender.OnExecutionMessageReceived: Received message: {"Version":7,"MessageType":"TestExecution.StatsChange","Payload":{"NewTestResults":[{"TestCase":{"Id":"3d613fd9-f78c-e643-c382-a77417c4607d","FullyQualifiedName":"Healthy.Business.UnitTests.UsesCasesTests.EditUserUseCaseUnitTest.EditUserUseCaseExecute_WhenTrySaveUserIntoDatabase_ReturnEmptyListOfErrorsAndEditUser","DisplayName":"Healthy.Business.UnitTests.UsesCasesTests.EditUserUseCaseUnitTest.EditUserUseCaseExecute_WhenTrySaveUserIntoDatabase_ReturnEmptyListOfErrorsAndEditUser","ExecutorUri":"executor://xunit/VsTestRunner2/netcoreapp","Source":"C:\\Healthy\\BusinessUnitTests\\bin\\Debug\\net8.0\\fine-code-coverage\\build-output\\Healthy.Business.UnitTests.dll","CodeFilePath":null,"LineNumber":0,"Properties":[]},"Attachments":[],"Outcome":1,"ErrorMessage":null,"ErrorStackTrace":null,"DisplayName":"Healthy.Business.UnitTests.UsesCasesTests.EditUserUseCaseUnitTest.EditUserUseCaseExecute_WhenTrySaveUserIntoDatabase_ReturnEmptyListOfErrorsAndEditUser","Messages":[],"ComputerName":"LAPTOP-CLM1QPJK","Duration":"00:00:00.6524506","StartTime":"2023-12-07T22:15:15.5817297+00:00","EndTime":"2023-12-07T22:15:15.5817299+00:00","Properties":[]},{"TestCase":{"Id":"30eefd0f-ce38-52e2-e735-865e13f9528b","FullyQualifiedName":"Healthy.Business.UnitTests.SpecificationsTests.UserEspecificationUnitTest.ValidUser_WhenTrySaveDuplicateUserEmailIntoDatabase_ReturnErrorOfExistigEmailAndNoInsert","DisplayName":"Healthy.Business.UnitTests.SpecificationsTests.UserEspecificationUnitTest.ValidUser_WhenTrySaveDuplicateUserEmailIntoDatabase_ReturnErrorOfExistigEmailAndNoInsert","ExecutorUri":"executor://xunit/VsTestRunner2/netcoreapp","Source":"C:\\Healthy\\BusinessUnitTests\\bin\\Debug\\net8.0\\fine-code-coverage\\build-output\\Healthy.Business.UnitTests.dll","CodeFilePath":null,"LineNumber":0,"Properties":[]},"Attachments":[],"Outcome":1,"ErrorMessage":null,"ErrorStackTrace":null,"DisplayName":"Healthy.Business.UnitTests.SpecificationsTests.UserEspecificationUnitTest.ValidUser_WhenTrySaveDuplicateUserEmailIntoDatabase_ReturnErrorOfExistigEmailAndNoInsert","Messages":[],"ComputerName":"LAPTOP-CLM1QPJK","Duration":"00:00:00.5143834","StartTime":"2023-12-07T22:15:15.5856134+00:00","EndTime":"2023-12-07T22:15:15.5856136+00:00","Properties":[]},{"TestCase":{"Id":"95942e59-cd43-d4f8-d752-bb7e13b294a9","FullyQualifiedName":"Healthy.Business.UnitTests.SpecificationsTests.UserEspecificationUnitTest.ValidUser_WhenCall_ReturnsErrorOfNullEmptyOrWhiteSpaceNickName","DisplayName":"Healthy.Business.UnitTests.SpecificationsTests.UserEspecificationUnitTest.ValidUser_WhenCall_ReturnsErrorOfNullEmptyOrWhiteSpaceNickName(nickName: \"\")","ExecutorUri":"executor://xunit/VsTestRunner2/netcoreapp","Source":"C:\\Healthy\\BusinessUnitTests\\bin\\Debug\\net8.0\\fine-code-coverage\\build-output\\Healthy.Business.UnitTests.dll","CodeFilePath":null,"LineNumber":0,"Properties":[]},"Attachments":[],"Outcome":1,"ErrorMessage":null,"ErrorStackTrace":null,"DisplayName":"Healthy.Business.UnitTests.SpecificationsTests.UserEspecificationUnitTest.ValidUser_WhenCall_ReturnsErrorOfNullEmptyOrWhiteSpaceNickName(nickName: \"\")","Messages":[],"ComputerName":"LAPTOP-CLM1QPJK","Duration":"00:00:00.0004196","StartTime":"2023-12-07T22:15:15.5889527+00:00","EndTime":"2023-12-07T22:15:15.5889529+00:00","Properties":[]},{"TestCase":{"Id":"00d73ab1-2690-3ff6-45aa-3f752e1ddeb0","FullyQualifiedName":"Healthy.Business.UnitTests.SpecificationsTests.UserEspecificationUnitTest.ValidUser_WhenCall_ReturnsErrorOfNullEmptyOrWhiteSpaceNickName","DisplayName":"Healthy.Business.UnitTests.SpecificationsTests.UserEspecificationUnitTest.ValidUser_WhenCall_ReturnsErrorOfNullEmptyOrWhiteSpaceNickName(nickName: \" \")","ExecutorUri":"executor://xunit/VsTestRunner2/netcoreapp","Source":"C:\\Healthy\\BusinessUnitTests\\bin\\Debug\\net8.0\\fine-code-coverage\\build-output\\Healthy.Business.UnitTests.dll","CodeFilePath":null,"LineNumber":0,"Properties":[]},"Attachments":[],"Outcome":1,"ErrorMessage":null,"ErrorStackTrace":null,"DisplayName":"Healthy.Business.UnitTests.SpecificationsTests.UserEspecificationUnitTest.ValidUser_WhenCall_ReturnsErrorOfNullEmptyOrWhiteSpaceNickName(nickName: \" \")","Messages":[],"ComputerName":"LAPTOP-CLM1QPJK","Duration":"00:00:00.0003470","StartTime":"2023-12-07T22:15:15.5929417+00:00","EndTime":"2023-12-07T22:15:15.5929419+00:00","Properties":[]},{"TestCase":{"Id":"973fd067-4eb7-c375-f092-4207e40c66e1","FullyQualifiedName":"Healthy.Business.UnitTests.SpecificationsTests.UserEspecificationUnitTest.ValidUser_WhenCall_ReturnsErrorOfNullEmptyOrWhiteSpaceNickName","DisplayName":"Healthy.Business.UnitTests.SpecificationsTests.UserEspecificationUnitTest.ValidUser_WhenCall_ReturnsErrorOfNullEmptyOrWhiteSpaceNickName(nickName: null)","ExecutorUri":"executor://xunit/VsTestRunner2/netcoreapp","Source":"C:\\Healthy\\BusinessUnitTests\\bin\\Debug\\net8.0\\fine-code-coverage\\build-output\\Healthy.Business.UnitTests.dll","CodeFilePath":null,"LineNumber":0,"Properties":[]},"Attachments":[],"Outcome":1,"ErrorMessage":null,"ErrorStackTrace":null,"DisplayName":"Healthy.Business.UnitTests.SpecificationsTests.UserEspecificationUnitTest.ValidUser_WhenCall_ReturnsErrorOfNullEmptyOrWhiteSpaceNickName(nickName: null)","Messages":[],"ComputerName":"LAPTOP-CLM1QPJK","Duration":"00:00:00.0001208","StartTime":"2023-12-07T22:15:15.5955498+00:00","EndTime":"2023-12-07T22:15:15.59555+00:00","Properties":[]},{"TestCase":{"Id":"2a751221-3b22-51fb-7f59-85bf93fdc09d","FullyQualifiedName":"Healthy.Business.UnitTests.UsesCasesTests.EditUserUseCaseUnitTest.EditUserUseCaseExecute_WhenTryEditInvalidUserIntoDatabase_ReturnErrorsAndNotEditUser","DisplayName":"Healthy.Business.UnitTests.UsesCasesTests.EditUserUseCaseUnitTest.EditUserUseCaseExecute_WhenTryEditInvalidUserIntoDatabase_ReturnErrorsAndNotEditUser","ExecutorUri":"executor://xunit/VsTestRunner2/netcoreapp","Source":"C:\\Healthy\\BusinessUnitTests\\bin\\Debug\\net8.0\\fine-code-coverage\\build-output\\Healthy.Business.UnitTests.dll","CodeFilePath":null,"LineNumber":0,"Properties":[]},"Attachments":[],"Outcome":1,"ErrorMessage":null,"ErrorStackTrace":null,"DisplayName":"Healthy.Business.UnitTests.UsesCasesTests.EditUserUseCaseUnitTest.EditUserUseCaseExecute_WhenTryEditInvalidUserIntoDatabase_ReturnErrorsAndNotEditUser","Messages":[],"ComputerName":"LAPTOP-CLM1QPJK","Duration":"00:00:00.0254850","StartTime":"2023-12-07T22:15:15.6018831+00:00","EndTime":"2023-12-07T22:15:15.6018833+00:00","Properties":[]},{"TestCase":{"Id":"09be641f-24d4-7f44-fc18-691690b7aa17","FullyQualifiedName":"Healthy.Business.UnitTests.UsesCasesTests.CreateUserUseCaseUnitTest.CreateUserUseCaseExecute_WhenTrySaveInvalidUserIntoDatabase_ReturnListOfErrorsAndNotInsertUser","DisplayName":"Healthy.Business.UnitTests.UsesCasesTests.CreateUserUseCaseUnitTest.CreateUserUseCaseExecute_WhenTrySaveInvalidUserIntoDatabase_ReturnListOfErrorsAndNotInsertUser","ExecutorUri":"executor://xunit/VsTestRunner2/netcoreapp","Source":"C:\\Healthy\\BusinessUnitTests\\bin\\Debug\\net8.0\\fine-code-coverage\\build-output\\Healthy.Business.UnitTests.dll","CodeFilePath":null,"LineNumber":0,"Properties":[]},"Attachments":[],"Outcome":1,"ErrorMessage":null,"ErrorStackTrace":null,"DisplayName":"Healthy.Business.UnitTests.UsesCasesTests.CreateUserUseCaseUnitTest.CreateUserUseCaseExecute_WhenTrySaveInvalidUserIntoDatabase_ReturnListOfErrorsAndNotInsertUser","Messages":[],"ComputerName":"LAPTOP-CLM1QPJK","Duration":"00:00:00.0403469","StartTime":"2023-12-07T22:15:15.6032186+00:00","EndTime":"2023-12-07T22:15:15.6032187+00:00","Properties":[]},{"TestCase":{"Id":"9a4e8d31-ee45-7160-566f-7888bccb5018","FullyQualifiedName":"Healthy.Business.UnitTests.SpecificationsTests.UserEspecificationUnitTest.EditUser_WhenTrySaveAndDetectNoExistUser_ReturnErrorOfUserNotExist","DisplayName":"Healthy.Business.UnitTests.SpecificationsTests.UserEspecificationUnitTest.EditUser_WhenTrySaveAndDetectNoExistUser_ReturnErrorOfUserNotExist","ExecutorUri":"executor://xunit/VsTestRunner2/netcoreapp","Source":"C:\\Healthy\\BusinessUnitTests\\bin\\Debug\\net8.0\\fine-code-coverage\\build-output\\Healthy.Business.UnitTests.dll","CodeFilePath":null,"LineNumber":0,"Properties":[]},"Attachments":[],"Outcome":1,"ErrorMessage":null,"ErrorStackTrace":null,"DisplayName":"Healthy.Business.UnitTests.SpecificationsTests.UserEspecificationUnitTest.EditUser_WhenTrySaveAndDetectNoExistUser_ReturnErrorOfUserNotExist","Messages":[],"ComputerName":"LAPTOP-CLM1QPJK","Duration":"00:00:00.0236967","StartTime":"2023-12-07T22:15:15.6052406+00:00","EndTime":"2023-12-07T22:15:15.6052408+00:00","Properties":[]},{"TestCase":{"Id":"67a7e008-5e15-d2c8-d024-153d927ed1c2","FullyQualifiedName":"Healthy.Business.UnitTests.SpecificationsTests.UserEspecificationUnitTest.ValidUser_WhenCall_ReturnsErrorOfInvalidBirthDay","DisplayName":"Healthy.Business.UnitTests.SpecificationsTests.UserEspecificationUnitTest.ValidUser_WhenCall_ReturnsErrorOfInvalidBirthDay","ExecutorUri":"executor://xunit/VsTestRunner2/netcoreapp","Source":"C:\\Healthy\\BusinessUnitTests\\bin\\Debug\\net8.0\\fine-code-coverage\\build-output\\Healthy.Business.UnitTests.dll","CodeFilePath":null,"LineNumber":0,"Properties":[]},"Attachments":[],"Outcome":1,"ErrorMessage":null,"ErrorStackTrace":null,"DisplayName":"Healthy.Business.UnitTests.SpecificationsTests.UserEspecificationUnitTest.ValidUser_WhenCall_ReturnsErrorOfInvalidBirthDay","Messages":[],"ComputerName":"LAPTOP-CLM1QPJK","Duration":"00:00:00.0004794","StartTime":"2023-12-07T22:15:15.6079472+00:00","EndTime":"2023-12-07T22:15:15.6079474+00:00","Properties":[]}],"TestRunStatistics":{"ExecutedTests":16,"Stats":{"Passed":16}},"ActiveTests":[{"Id":"4237aec6-f3dc-fbe2-e55d-c659e1cbdb1c","FullyQualifiedName":"Healthy.Business.UnitTests.SpecificationsTests.UserEspecificationUnitTest.ValidUser_WhenCallAndUserIsNull_ReturnErrorForNullUser","DisplayName":"Healthy.Business.UnitTests.SpecificationsTests.UserEspecificationUnitTest.ValidUser_WhenCallAndUserIsNull_ReturnErrorForNullUser","ExecutorUri":"executor://xunit/VsTestRunner2/netcoreapp","Source":"C:\\Healthy\\BusinessUnitTests\\bin\\Debug\\net8.0\\fine-code-coverage\\build-output\\Healthy.Business.UnitTests.dll","CodeFilePath":null,"LineNumber":0,"Properties":[]}]}}
TpTrace Verbose: 0 : 19412, 7, 2023/12/07, 17:15:15.612, 11414023619211, vstest.console.dll, TestRunRequest:SendTestRunStatsChange: Starting.
TpTrace Verbose: 0 : 19412, 7, 2023/12/07, 17:15:15.612, 11414023619868, vstest.console.dll, InProgress is Healthy.Business.UnitTests.SpecificationsTests.UserEspecificationUnitTest.ValidUser_WhenCallAndUserIsNull_ReturnErrorForNullUser
TpTrace Verbose: 0 : 19412, 7, 2023/12/07, 17:15:15.612, 11414023620469, vstest.console.dll, MulticastDelegateUtilities.SafeInvoke: TestRun.RunStatsChanged: Invoking callbacks was skipped because there are no subscribers.
TpTrace Information: 0 : 19412, 7, 2023/12/07, 17:15:15.612, 11414023620764, vstest.console.dll, TestRunRequest:SendTestRunStatsChange: Completed.
TpTrace Verbose: 0 : 19412, 7, 2023/12/07, 17:15:15.612, 11414023621036, vstest.console.dll, MulticastDelegateUtilities.SafeInvoke: LengthPrefixCommunicationChannel: MessageReceived: Invoking callback 1/1 for Microsoft.VisualStudio.TestPlatform.CommunicationUtilities.TestRequestSender+<>c__DisplayClass34_0., took 1 ms.
TpTrace Verbose: 0 : 19412, 4, 2023/12/07, 17:15:15.612, 11414023621057, vstest.console.dll, MulticastDelegateUtilities.SafeInvoke: InternalTestLoggerEvents.SendTestResult: Invoking callback 1/1 for Microsoft.VisualStudio.TestPlatform.CommandLine.Internal.ConsoleLogger., took 0 ms.
TpTrace Verbose: 0 : 19412, 7, 2023/12/07, 17:15:15.613, 11414023621390, vstest.console.dll, TcpClientExtensions.MessageLoopAsync: Polling on remoteEndPoint: 127.0.0.1:56455 localEndPoint: 127.0.0.1:56454
TpTrace Verbose: 0 : 19412, 4, 2023/12/07, 17:15:15.613, 11414023622095, vstest.console.dll, MulticastDelegateUtilities.SafeInvoke: InternalTestLoggerEvents.SendTestResult: Invoking callback 1/1 for Microsoft.VisualStudio.TestPlatform.CommandLine.Internal.ConsoleLogger., took 0 ms.
TpTrace Verbose: 0 : 19412, 4, 2023/12/07, 17:15:15.613, 11414023622606, vstest.console.dll, MulticastDelegateUtilities.SafeInvoke: InternalTestLoggerEvents.SendTestResult: Invoking callback 1/1 for Microsoft.VisualStudio.TestPlatform.CommandLine.Internal.ConsoleLogger., took 0 ms.
TpTrace Verbose: 0 : 19412, 4, 2023/12/07, 17:15:15.613, 11414023622994, vstest.console.dll, MulticastDelegateUtilities.SafeInvoke: InternalTestLoggerEvents.SendTestResult: Invoking callback 1/1 for Microsoft.VisualStudio.TestPlatform.CommandLine.Internal.ConsoleLogger., took 0 ms.
TpTrace Verbose: 0 : 19412, 4, 2023/12/07, 17:15:15.613, 11414023623380, vstest.console.dll, MulticastDelegateUtilities.SafeInvoke: InternalTestLoggerEvents.SendTestResult: Invoking callback 1/1 for Microsoft.VisualStudio.TestPlatform.CommandLine.Internal.ConsoleLogger., took 0 ms.
TpTrace Verbose: 0 : 19412, 4, 2023/12/07, 17:15:15.613, 11414023623784, vstest.console.dll, MulticastDelegateUtilities.SafeInvoke: InternalTestLoggerEvents.SendTestResult: Invoking callback 1/1 for Microsoft.VisualStudio.TestPlatform.CommandLine.Internal.ConsoleLogger., took 0 ms.
TpTrace Verbose: 0 : 19412, 4, 2023/12/07, 17:15:15.613, 11414023624311, vstest.console.dll, MulticastDelegateUtilities.SafeInvoke: InternalTestLoggerEvents.SendTestResult: Invoking callback 1/1 for Microsoft.VisualStudio.TestPlatform.CommandLine.Internal.ConsoleLogger., took 0 ms.
TpTrace Verbose: 0 : 19412, 4, 2023/12/07, 17:15:15.613, 11414023624750, vstest.console.dll, MulticastDelegateUtilities.SafeInvoke: InternalTestLoggerEvents.SendTestResult: Invoking callback 1/1 for Microsoft.VisualStudio.TestPlatform.CommandLine.Internal.ConsoleLogger., took 0 ms.
TpTrace Verbose: 0 : 19412, 4, 2023/12/07, 17:15:15.613, 11414023625159, vstest.console.dll, MulticastDelegateUtilities.SafeInvoke: InternalTestLoggerEvents.SendTestResult: Invoking callback 1/1 for Microsoft.VisualStudio.TestPlatform.CommandLine.Internal.ConsoleLogger., took 0 ms.
TpTrace Verbose: 0 : 19412, 7, 2023/12/07, 17:15:15.619, 11414023687737, vstest.console.dll, TcpClientExtensions.MessageLoopAsync: NotifyDataAvailable remoteEndPoint: 127.0.0.1:56455 localEndPoint: 127.0.0.1:56454
TpTrace Verbose: 0 : 19412, 7, 2023/12/07, 17:15:15.619, 11414023689084, vstest.console.dll, TestRequestSender.OnExecutionMessageReceived: Received message: {"Version":7,"MessageType":"TestSession.Message","Payload":{"MessageLevel":0,"Message":"[xUnit.net 00:00:01.46]   Finished:    Healthy.Business.UnitTests"}}
TpTrace Verbose: 0 : 19412, 7, 2023/12/07, 17:15:15.619, 11414023690401, vstest.console.dll, TestRunRequest:SendTestRunMessage: Starting.
TpTrace Verbose: 0 : 19412, 7, 2023/12/07, 17:15:15.619, 11414023691001, vstest.console.dll, MulticastDelegateUtilities.SafeInvoke: TestRun.LogMessages: Invoking callback 1/1 for Microsoft.VisualStudio.TestPlatform.CommandLine.TestRunResultAggregator., took 0 ms.
TpTrace Verbose: 0 : 19412, 4, 2023/12/07, 17:15:15.619, 11414023691229, vstest.console.dll, MulticastDelegateUtilities.SafeInvoke: InternalTestLoggerEvents.SendTestRunMessage: Invoking callback 1/1 for Microsoft.VisualStudio.TestPlatform.CommandLine.Internal.ConsoleLogger., took 0 ms.
TpTrace Information: 0 : 19412, 7, 2023/12/07, 17:15:15.619, 11414023691288, vstest.console.dll, TestRunRequest:SendTestRunMessage: Completed.
TpTrace Verbose: 0 : 19412, 7, 2023/12/07, 17:15:15.620, 11414023692241, vstest.console.dll, MulticastDelegateUtilities.SafeInvoke: LengthPrefixCommunicationChannel: MessageReceived: Invoking callback 1/1 for Microsoft.VisualStudio.TestPlatform.CommunicationUtilities.TestRequestSender+<>c__DisplayClass34_0., took 0 ms.
TpTrace Verbose: 0 : 19412, 7, 2023/12/07, 17:15:15.620, 11414023692565, vstest.console.dll, TcpClientExtensions.MessageLoopAsync: Polling on remoteEndPoint: 127.0.0.1:56455 localEndPoint: 127.0.0.1:56454
TpTrace Verbose: 0 : 19412, 7, 2023/12/07, 17:15:15.638, 11414023878039, vstest.console.dll, TcpClientExtensions.MessageLoopAsync: NotifyDataAvailable remoteEndPoint: 127.0.0.1:56455 localEndPoint: 127.0.0.1:56454
TpTrace Verbose: 0 : 19412, 7, 2023/12/07, 17:15:15.638, 11414023879802, vstest.console.dll, TestRequestSender.OnExecutionMessageReceived: Received message: {"Version":7,"MessageType":"TestExecution.Completed","Payload":{"TestRunCompleteArgs":{"TestRunStatistics":{"ExecutedTests":19,"Stats":{"Passed":19}},"IsCanceled":false,"IsAborted":false,"Error":null,"AttachmentSets":[],"InvokedDataCollectors":[],"ElapsedTimeInRunningTests":"00:00:01.4771315","Metrics":{},"DiscoveredExtensions":{"TestDiscoverers":["Xunit.Runner.VisualStudio.VsTestRunner, xunit.runner.visualstudio.dotnetcore.testadapter, Version=2.4.0.0, Culture=neutral, PublicKeyToken=8d05b1bb7a6fdb6c"],"TestExecutors":["executor://xunit/VsTestRunner2/netcoreapp"],"TestExecutors2":[],"TestSettingsProviders":[]}},"LastRunTests":{"NewTestResults":[{"TestCase":{"Id":"4237aec6-f3dc-fbe2-e55d-c659e1cbdb1c","FullyQualifiedName":"Healthy.Business.UnitTests.SpecificationsTests.UserEspecificationUnitTest.ValidUser_WhenCallAndUserIsNull_ReturnErrorForNullUser","DisplayName":"Healthy.Business.UnitTests.SpecificationsTests.UserEspecificationUnitTest.ValidUser_WhenCallAndUserIsNull_ReturnErrorForNullUser","ExecutorUri":"executor://xunit/VsTestRunner2/netcoreapp","Source":"C:\\Healthy\\BusinessUnitTests\\bin\\Debug\\net8.0\\fine-code-coverage\\build-output\\Healthy.Business.UnitTests.dll","CodeFilePath":null,"LineNumber":0,"Properties":[]},"Attachments":[],"Outcome":1,"ErrorMessage":null,"ErrorStackTrace":null,"DisplayName":"Healthy.Business.UnitTests.SpecificationsTests.UserEspecificationUnitTest.ValidUser_WhenCallAndUserIsNull_ReturnErrorForNullUser","Messages":[],"ComputerName":"LAPTOP-CLM1QPJK","Duration":"00:00:00.0003454","StartTime":"2023-12-07T22:15:15.6124613+00:00","EndTime":"2023-12-07T22:15:15.6124615+00:00","Properties":[]},{"TestCase":{"Id":"7ec991ec-6371-6786-b20a-433fd26439b1","FullyQualifiedName":"Healthy.Business.UnitTests.SpecificationsTests.UserEspecificationUnitTest.ValidUser_WhenTrySaveDuplicateUserNickNameIntoDatabase_ReturnErrorOfExistigNickNameAndNoInsert","DisplayName":"Healthy.Business.UnitTests.SpecificationsTests.UserEspecificationUnitTest.ValidUser_WhenTrySaveDuplicateUserNickNameIntoDatabase_ReturnErrorOfExistigNickNameAndNoInsert","ExecutorUri":"executor://xunit/VsTestRunner2/netcoreapp","Source":"C:\\Healthy\\BusinessUnitTests\\bin\\Debug\\net8.0\\fine-code-coverage\\build-output\\Healthy.Business.UnitTests.dll","CodeFilePath":null,"LineNumber":0,"Properties":[]},"Attachments":[],"Outcome":1,"ErrorMessage":null,"ErrorStackTrace":null,"DisplayName":"Healthy.Business.UnitTests.SpecificationsTests.UserEspecificationUnitTest.ValidUser_WhenTrySaveDuplicateUserNickNameIntoDatabase_ReturnErrorOfExistigNickNameAndNoInsert","Messages":[],"ComputerName":"LAPTOP-CLM1QPJK","Duration":"00:00:00.0030862","StartTime":"2023-12-07T22:15:15.6148482+00:00","EndTime":"2023-12-07T22:15:15.6148483+00:00","Properties":[]},{"TestCase":{"Id":"16f609b9-a4b2-85b7-0b3e-c5d96540db58","FullyQualifiedName":"Healthy.Business.UnitTests.SpecificationsTests.UserEspecificationUnitTest.ValidUser_WhenCall_ReturnsErrorOfInvalidEmail","DisplayName":"Healthy.Business.UnitTests.SpecificationsTests.UserEspecificationUnitTest.ValidUser_WhenCall_ReturnsErrorOfInvalidEmail","ExecutorUri":"executor://xunit/VsTestRunner2/netcoreapp","Source":"C:\\Healthy\\BusinessUnitTests\\bin\\Debug\\net8.0\\fine-code-coverage\\build-output\\Healthy.Business.UnitTests.dll","CodeFilePath":null,"LineNumber":0,"Properties":[]},"Attachments":[],"Outcome":1,"ErrorMessage":null,"ErrorStackTrace":null,"DisplayName":"Healthy.Business.UnitTests.SpecificationsTests.UserEspecificationUnitTest.ValidUser_WhenCall_ReturnsErrorOfInvalidEmail","Messages":[],"ComputerName":"LAPTOP-CLM1QPJK","Duration":"00:00:00.0006051","StartTime":"2023-12-07T22:15:15.6170686+00:00","EndTime":"2023-12-07T22:15:15.6170688+00:00","Properties":[]}],"TestRunStatistics":{"ExecutedTests":19,"Stats":{"Passed":19}},"ActiveTests":[]},"RunAttachments":[],"ExecutorUris":["executor://xunit/VsTestRunner2/netcoreapp"]}}
TpTrace Verbose: 0 : 19412, 7, 2023/12/07, 17:15:15.638, 11414023880747, vstest.console.dll, TestRequestSender.EndSession: Sending end session.
TpTrace Verbose: 0 : 19412, 7, 2023/12/07, 17:15:15.639, 11414023882416, vstest.console.dll, ProxyOperationManager.Close: waiting for test host to exit for 100 ms
TpTrace Verbose: 0 : 19412, 12, 2023/12/07, 17:15:15.673, 11414024222714, vstest.console.dll, TestHostManagerCallbacks.ctor: Experimental forwarding output is disabled.
TpTrace Warning: 0 : 19412, 12, 2023/12/07, 17:15:15.673, 11414024224196, vstest.console.dll, TestHostManagerCallbacks.ErrorReceivedCallback Test host standard error line: 
TpTrace Verbose: 0 : 19412, 12, 2023/12/07, 17:15:15.699, 11414024482311, vstest.console.dll, TestHostProvider.ExitCallBack: Host exited starting callback.
TpTrace Information: 0 : 19412, 12, 2023/12/07, 17:15:15.699, 11414024483771, vstest.console.dll, TestHostManagerCallbacks.ExitCallBack: Testhost processId: 2936 exited with exitcode: 0 error: ''
TpTrace Verbose: 0 : 19412, 12, 2023/12/07, 17:15:15.699, 11414024484242, vstest.console.dll, DotnetTestHostManager.OnHostExited: invoking OnHostExited callback
TpTrace Verbose: 0 : 19412, 12, 2023/12/07, 17:15:15.699, 11414024484767, vstest.console.dll, CrossPlatEngine.TestHostManagerHostExited: calling on client process exit callback.
TpTrace Information: 0 : 19412, 12, 2023/12/07, 17:15:15.699, 11414024485280, vstest.console.dll, TestRequestSender.OnClientProcessExit: Test host process exited. Standard error: 
TpTrace Information: 0 : 19412, 7, 2023/12/07, 17:15:15.699, 11414024485604, vstest.console.dll, SocketServer.Stop: Stop server endPoint: 127.0.0.1:56454
TpTrace Information: 0 : 19412, 12, 2023/12/07, 17:15:15.699, 11414024485756, vstest.console.dll, SocketServer.Stop: Stop server endPoint: 127.0.0.1:56454
TpTrace Information: 0 : 19412, 7, 2023/12/07, 17:15:15.699, 11414024486215, vstest.console.dll, SocketServer.Stop: Cancellation requested. Stopping message loop.
TpTrace Information: 0 : 19412, 12, 2023/12/07, 17:15:15.699, 11414024486777, vstest.console.dll, SocketServer.Stop: Cancellation requested. Stopping message loop.
TpTrace Verbose: 0 : 19412, 12, 2023/12/07, 17:15:15.699, 11414024487616, vstest.console.dll, MulticastDelegateUtilities.SafeInvoke: HostProviderEvents.OnHostExited: Invoking callback 1/1 for Microsoft.VisualStudio.TestPlatform.CrossPlatEngine.Client.ProxyOperationManager., took 0 ms.
TpTrace Information: 0 : 19412, 7, 2023/12/07, 17:15:15.699, 11414024488133, vstest.console.dll, Closing the connection
TpTrace Verbose: 0 : 19412, 7, 2023/12/07, 17:15:15.699, 11414024490072, vstest.console.dll, ProxyDataCollectionManager.InvokeDataCollectionServiceAction: Starting.
TpTrace Information: 0 : 19412, 7, 2023/12/07, 17:15:15.699, 11414024490512, vstest.console.dll, ProxyDataCollectionManager.AfterTestRunEnd: Get attachment set and invoked data collectors processId: 7880 port: 56451
TpTrace Verbose: 0 : 19412, 7, 2023/12/07, 17:15:15.699, 11414024491313, vstest.console.dll, DataCollectionRequestSender.SendAfterTestRunStartAndGetResult: Send AfterTestRunEnd message with isCancelled: False
TpTrace Verbose: 0 : 19412, 7, 2023/12/07, 17:15:15.706, 11414024558605, vstest.console.dll, DataCollectionRequestSender.SendAfterTestRunStartAndGetResult: Received message: (DataCollection.AfterTestRunEndResult) -> {"MessageType":"DataCollection.AfterTestRunEndResult","Payload":{"AttachmentSets":[],"InvokedDataCollectors":[{"Uri":"datacollector://Microsoft/TestPlatform/Extensions/Blame/v1","FriendlyName":"Blame","AssemblyQualifiedName":"Microsoft.TestPlatform.Extensions.BlameDataCollector.BlameCollector, Microsoft.TestPlatform.Extensions.BlameDataCollector, Version=15.0.0.0, Culture=neutral, PublicKeyToken=b03f5f7f11d50a3a","FilePath":"C:\\Program Files\\dotnet\\sdk\\8.0.100\\Extensions\\Microsoft.TestPlatform.Extensions.BlameDataCollector.dll","HasAttachmentProcessor":false}],"Metrics":{}}}
TpTrace Information: 0 : 19412, 7, 2023/12/07, 17:15:15.712, 11414024617327, vstest.console.dll, ProxyDataCollectionManager.InvokeDataCollectionServiceAction: Completed.
TpTrace Warning: 0 : 19412, 10, 2023/12/07, 17:15:15.721, 11414024705691, vstest.console.dll, DataCollectionLauncher.ErrorReceivedCallback datacollector standard error line: 
TpTrace Information: 0 : 19412, 10, 2023/12/07, 17:15:15.729, 11414024781674, vstest.console.dll, DataCollectionLauncher.ExitCallBack: Data collector exited with exitcode: 0 error: ''
TpTrace Verbose: 0 : 19412, 7, 2023/12/07, 17:15:15.753, 11414025022311, vstest.console.dll, TestRunRequest:SendTestRunStatsChange: Starting.
TpTrace Verbose: 0 : 19412, 7, 2023/12/07, 17:15:15.753, 11414025023321, vstest.console.dll, MulticastDelegateUtilities.SafeInvoke: TestRun.RunStatsChanged: Invoking callbacks was skipped because there are no subscribers.
TpTrace Information: 0 : 19412, 7, 2023/12/07, 17:15:15.753, 11414025023633, vstest.console.dll, TestRunRequest:SendTestRunStatsChange: Completed.
TpTrace Verbose: 0 : 19412, 4, 2023/12/07, 17:15:15.753, 11414025024235, vstest.console.dll, MulticastDelegateUtilities.SafeInvoke: InternalTestLoggerEvents.SendTestResult: Invoking callback 1/1 for Microsoft.VisualStudio.TestPlatform.CommandLine.Internal.ConsoleLogger., took 0 ms.
TpTrace Verbose: 0 : 19412, 4, 2023/12/07, 17:15:15.753, 11414025025001, vstest.console.dll, MulticastDelegateUtilities.SafeInvoke: InternalTestLoggerEvents.SendTestResult: Invoking callback 1/1 for Microsoft.VisualStudio.TestPlatform.CommandLine.Internal.ConsoleLogger., took 0 ms.
TpTrace Verbose: 0 : 19412, 4, 2023/12/07, 17:15:15.753, 11414025025451, vstest.console.dll, MulticastDelegateUtilities.SafeInvoke: InternalTestLoggerEvents.SendTestResult: Invoking callback 1/1 for Microsoft.VisualStudio.TestPlatform.CommandLine.Internal.ConsoleLogger., took 0 ms.
TpTrace Verbose: 0 : 19412, 7, 2023/12/07, 17:15:15.753, 11414025026509, vstest.console.dll, ParallelProxyExecutionManager: HandlePartialRunComplete: Total workloads = 1, Total started clients = 1 Total completed clients = 1, Run complete = True, Run canceled: False.
TpTrace Verbose: 0 : 19412, 7, 2023/12/07, 17:15:15.753, 11414025026892, vstest.console.dll, ParallelProxyExecutionManager: HandlePartialRunComplete: All runs completed stopping all managers.
TpTrace Verbose: 0 : 19412, 7, 2023/12/07, 17:15:15.753, 11414025027199, vstest.console.dll, ParallelOperationManager.StopAllManagers: Stopping all managers.
TpTrace Verbose: 0 : 19412, 7, 2023/12/07, 17:15:15.753, 11414025027506, vstest.console.dll, ParallelOperationManager.ClearSlots: Clearing all slots. Slots should accept more work: False
TpTrace Verbose: 0 : 19412, 7, 2023/12/07, 17:15:15.753, 11414025027913, vstest.console.dll, ParallelOperationManager.SetOccupiedSlotCount: Setting slot counts AvailableSlotCount = 1, OccupiedSlotCount = 0.
TpTrace Verbose: 0 : 19412, 7, 2023/12/07, 17:15:15.753, 11414025028376, vstest.console.dll, Occupied slots:

TpTrace Verbose: 0 : 19412, 4, 2023/12/07, 17:15:15.761, 11414025109790, vstest.console.dll, MulticastDelegateUtilities.SafeInvoke: InternalTestLoggerEvents.SendTestRunComplete: Invoking callback 1/2 for Microsoft.TestPlatform.Extensions.BlameDataCollector.BlameLogger., took 0 ms.
TpTrace Verbose: 0 : 19412, 4, 2023/12/07, 17:15:15.767, 11414025164632, vstest.console.dll, MulticastDelegateUtilities.SafeInvoke: InternalTestLoggerEvents.SendTestRunComplete: Invoking callback 2/2 for Microsoft.VisualStudio.TestPlatform.CommandLine.Internal.ConsoleLogger., took 5 ms.
TpTrace Verbose: 0 : 19412, 7, 2023/12/07, 17:15:15.767, 11414025167557, vstest.console.dll, TestRunRequest:TestRunComplete: Starting. IsAborted:False IsCanceled:False.
TpTrace Verbose: 0 : 19412, 7, 2023/12/07, 17:15:15.767, 11414025169285, vstest.console.dll, ParallelOperationManager.DoActionOnAllManagers: Calling an action on all managers.
TpTrace Verbose: 0 : 19412, 7, 2023/12/07, 17:15:15.768, 11414025178731, vstest.console.dll, TestLoggerManager.HandleTestRunComplete: Ignoring as the object is disposed.
TpTrace Verbose: 0 : 19412, 7, 2023/12/07, 17:15:15.768, 11414025180686, vstest.console.dll, MulticastDelegateUtilities.SafeInvoke: TestRun.TestRunComplete: Invoking callback 1/2 for Microsoft.VisualStudio.TestPlatform.CommandLine.TestRunResultAggregator., took 0 ms.
TpTrace Verbose: 0 : 19412, 7, 2023/12/07, 17:15:15.769, 11414025181827, vstest.console.dll, MulticastDelegateUtilities.SafeInvoke: TestRun.TestRunComplete: Invoking callback 2/2 for Microsoft.VisualStudio.TestPlatform.CommandLine.Processors.RunTestsArgumentExecutor+TestRunRequestEventsRegistrar., took 0 ms.
TpTrace Information: 0 : 19412, 7, 2023/12/07, 17:15:15.769, 11414025182887, vstest.console.dll, TestRunRequest:TestRunComplete: Completed.
TpTrace Verbose: 0 : 19412, 7, 2023/12/07, 17:15:15.769, 11414025183278, vstest.console.dll, TestRequestSender.SetOperationComplete: Setting operation complete.
TpTrace Verbose: 0 : 19412, 1, 2023/12/07, 17:15:15.769, 11414025183267, vstest.console.dll, TestRunRequest.Dispose: Starting.
TpTrace Information: 0 : 19412, 1, 2023/12/07, 17:15:15.769, 11414025184156, vstest.console.dll, TestRunRequest.Dispose: Completed.
TpTrace Information: 0 : 19412, 7, 2023/12/07, 17:15:15.769, 11414025183612, vstest.console.dll, SocketServer.Stop: Stop server endPoint: 127.0.0.1:56454
TpTrace Information: 0 : 19412, 7, 2023/12/07, 17:15:15.769, 11414025184963, vstest.console.dll, SocketServer.Stop: Cancellation requested. Stopping message loop.
TpTrace Information: 0 : 19412, 1, 2023/12/07, 17:15:15.769, 11414025185161, vstest.console.dll, TestRequestManager.RunTests: run tests completed.
TpTrace Verbose: 0 : 19412, 7, 2023/12/07, 17:15:15.769, 11414025185348, vstest.console.dll, MulticastDelegateUtilities.SafeInvoke: LengthPrefixCommunicationChannel: MessageReceived: Invoking callback 1/1 for Microsoft.VisualStudio.TestPlatform.CommunicationUtilities.TestRequestSender+<>c__DisplayClass34_0., took 130 ms.
TpTrace Information: 0 : 19412, 1, 2023/12/07, 17:15:15.769, 11414025186055, vstest.console.dll, RunTestsArgumentProcessor:Execute: Test run is completed.
TpTrace Information: 0 : 19412, 7, 2023/12/07, 17:15:15.769, 11414025186199, vstest.console.dll, SocketServer.PrivateStop: Stopping server endPoint: 127.0.0.1:56454 error: 
TpTrace Verbose: 0 : 19412, 1, 2023/12/07, 17:15:15.769, 11414025188124, vstest.console.dll, Executor.Execute: Exiting with exit code of 0
TpTrace Verbose: 0 : 19412, 7, 2023/12/07, 17:15:15.769, 11414025190476, vstest.console.dll, LengthPrefixCommunicationChannel.Dispose: Dispose reader and writer.
TpTrace Information: 0 : 19412, 7, 2023/12/07, 17:15:15.769, 11414025191245, vstest.console.dll, SocketServer.Stop: Raise disconnected event endPoint: 127.0.0.1:56454 error: 
TpTrace Verbose: 0 : 19412, 7, 2023/12/07, 17:15:15.770, 11414025192049, vstest.console.dll, TestRequestSender: OnTestRunAbort: Operation is already complete. Skip error message.
