<?xml version="1.0" encoding="utf-8"?>
<coverage line-rate="0.9003" branch-rate="0.7894" version="1.9" timestamp="1701987315" lines-covered="262" lines-valid="291" branches-covered="30" branches-valid="38">
  <sources>
    <source>C:\</source>
  </sources>
  <packages>
    <package name="Healthy.Business" line-rate="0.74" branch-rate="1" complexity="37">
      <classes>
        <class name="Healthy.Business.UseCases.Implementations.CreateUserUseCase" filename="Healthy\Healthy.Business\UseCases\Implementations\CreateUserUseCase.cs" line-rate="1" branch-rate="1" complexity="1">
          <methods>
            <method name=".ctor" signature="(Healthy.Business.Specifications.Definitions.IUserSpecification,Healthy.Infraestructure.HealthyDbContext)" line-rate="1" branch-rate="1" complexity="1">
              <lines>
                <line number="15" hits="2" branch="False" />
                <line number="16" hits="2" branch="False" />
                <line number="17" hits="2" branch="False" />
                <line number="18" hits="2" branch="False" />
                <line number="19" hits="2" branch="False" />
              </lines>
            </method>
          </methods>
          <lines>
            <line number="15" hits="2" branch="False" />
            <line number="16" hits="2" branch="False" />
            <line number="17" hits="2" branch="False" />
            <line number="18" hits="2" branch="False" />
            <line number="19" hits="2" branch="False" />
          </lines>
        </class>
        <class name="Healthy.Business.UseCases.Implementations.CreateUserUseCase/&lt;Execute&gt;d__3" filename="Healthy\Healthy.Business\UseCases\Implementations\CreateUserUseCase.cs" line-rate="1" branch-rate="1" complexity="2">
          <methods>
            <method name="MoveNext" signature="()" line-rate="1" branch-rate="1" complexity="2">
              <lines>
                <line number="21" hits="2" branch="False" />
                <line number="22" hits="2" branch="False" />
                <line number="24" hits="2" branch="True" condition-coverage="100% (2/2)">
                  <conditions>
                    <condition number="57" type="jump" coverage="100%" />
                  </conditions>
                </line>
                <line number="25" hits="1" branch="False" />
                <line number="26" hits="1" branch="False" />
                <line number="27" hits="1" branch="False" />
                <line number="28" hits="1" branch="False" />
                <line number="30" hits="2" branch="False" />
                <line number="31" hits="2" branch="False" />
              </lines>
            </method>
          </methods>
          <lines>
            <line number="21" hits="2" branch="False" />
            <line number="22" hits="2" branch="False" />
            <line number="24" hits="2" branch="True" condition-coverage="100% (2/2)">
              <conditions>
                <condition number="57" type="jump" coverage="100%" />
              </conditions>
            </line>
            <line number="25" hits="1" branch="False" />
            <line number="26" hits="1" branch="False" />
            <line number="27" hits="1" branch="False" />
            <line number="28" hits="1" branch="False" />
            <line number="30" hits="2" branch="False" />
            <line number="31" hits="2" branch="False" />
          </lines>
        </class>
        <class name="Healthy.Business.UseCases.Implementations.EditUserUseCase" filename="Healthy\Healthy.Business\UseCases\Implementations\EditUserUseCase.cs" line-rate="1" branch-rate="1" complexity="1">
          <methods>
            <method name=".ctor" signature="(Healthy.Business.Specifications.Definitions.IUserSpecification,Healthy.Infraestructure.HealthyDbContext)" line-rate="1" branch-rate="1" complexity="1">
              <lines>
                <line number="14" hits="4" branch="False" />
                <line number="15" hits="2" branch="False" />
                <line number="16" hits="2" branch="False" />
                <line number="17" hits="2" branch="False" />
              </lines>
            </method>
          </methods>
          <lines>
            <line number="14" hits="4" branch="False" />
            <line number="15" hits="2" branch="False" />
            <line number="16" hits="2" branch="False" />
            <line number="17" hits="2" branch="False" />
          </lines>
        </class>
        <class name="Healthy.Business.UseCases.Implementations.EditUserUseCase/&lt;Execute&gt;d__3" filename="Healthy\Healthy.Business\UseCases\Implementations\EditUserUseCase.cs" line-rate="1" branch-rate="1" complexity="2">
          <methods>
            <method name="MoveNext" signature="()" line-rate="1" branch-rate="1" complexity="2">
              <lines>
                <line number="19" hits="2" branch="False" />
                <line number="20" hits="2" branch="False" />
                <line number="22" hits="2" branch="True" condition-coverage="100% (2/2)">
                  <conditions>
                    <condition number="52" type="jump" coverage="100%" />
                  </conditions>
                </line>
                <line number="23" hits="1" branch="False" />
                <line number="24" hits="1" branch="False" />
                <line number="25" hits="1" branch="False" />
                <line number="26" hits="1" branch="False" />
                <line number="27" hits="2" branch="False" />
                <line number="28" hits="2" branch="False" />
              </lines>
            </method>
          </methods>
          <lines>
            <line number="19" hits="2" branch="False" />
            <line number="20" hits="2" branch="False" />
            <line number="22" hits="2" branch="True" condition-coverage="100% (2/2)">
              <conditions>
                <condition number="52" type="jump" coverage="100%" />
              </conditions>
            </line>
            <line number="23" hits="1" branch="False" />
            <line number="24" hits="1" branch="False" />
            <line number="25" hits="1" branch="False" />
            <line number="26" hits="1" branch="False" />
            <line number="27" hits="2" branch="False" />
            <line number="28" hits="2" branch="False" />
          </lines>
        </class>
        <class name="Healthy.Business.Specifications.Implementations.UserSpecification" filename="Healthy\Healthy.Business\Specifications\Implementations\UserSpecification.cs" line-rate="1" branch-rate="1" complexity="6">
          <methods>
            <method name="ExistUserAndRequireEdit" signature="(Healthy.Domain.Entities.User)" line-rate="1" branch-rate="1" complexity="1">
              <lines>
                <line number="48" hits="3" branch="False" />
                <line number="49" hits="3" branch="False" />
                <line number="50" hits="3" branch="False" />
              </lines>
            </method>
            <method name="ExistEmail" signature="(Healthy.Domain.Entities.User)" line-rate="1" branch-rate="1" complexity="1">
              <lines>
                <line number="52" hits="5" branch="False" />
                <line number="53" hits="5" branch="False" />
                <line number="54" hits="5" branch="False" />
              </lines>
            </method>
            <method name="ExistNickName" signature="(Healthy.Domain.Entities.User)" line-rate="1" branch-rate="1" complexity="1">
              <lines>
                <line number="57" hits="4" branch="False" />
                <line number="58" hits="4" branch="False" />
                <line number="59" hits="4" branch="False" />
              </lines>
            </method>
            <method name="IsValidEmail" signature="(System.String)" line-rate="1" branch-rate="1" complexity="1">
              <lines>
                <line number="61" hits="16" branch="False" />
                <line number="62" hits="16" branch="False" />
                <line number="65" hits="16" branch="False" />
                <line number="66" hits="16" branch="False" />
                <line number="67" hits="15" branch="False" />
                <line number="68" hits="1" branch="False" />
                <line number="69" hits="1" branch="False" />
                <line number="70" hits="1" branch="False" />
                <line number="71" hits="1" branch="False" />
                <line number="73" hits="16" branch="False" />
                <line number="74" hits="16" branch="False" />
              </lines>
            </method>
            <method name="InvalidateBirthDate" signature="(Healthy.Domain.Entities.User)" line-rate="1" branch-rate="1" complexity="1">
              <lines>
                <line number="77" hits="6" branch="False" />
                <line number="78" hits="6" branch="False" />
                <line number="79" hits="6" branch="False" />
              </lines>
            </method>
            <method name=".ctor" signature="(Healthy.Infraestructure.HealthyDbContext)" line-rate="1" branch-rate="1" complexity="1">
              <lines>
                <line number="14" hits="15" branch="False" />
                <line number="15" hits="15" branch="False" />
                <line number="16" hits="15" branch="False" />
                <line number="17" hits="15" branch="False" />
              </lines>
            </method>
          </methods>
          <lines>
            <line number="48" hits="3" branch="False" />
            <line number="49" hits="3" branch="False" />
            <line number="50" hits="3" branch="False" />
            <line number="52" hits="5" branch="False" />
            <line number="53" hits="5" branch="False" />
            <line number="54" hits="5" branch="False" />
            <line number="57" hits="4" branch="False" />
            <line number="58" hits="4" branch="False" />
            <line number="59" hits="4" branch="False" />
            <line number="61" hits="16" branch="False" />
            <line number="62" hits="16" branch="False" />
            <line number="65" hits="16" branch="False" />
            <line number="66" hits="16" branch="False" />
            <line number="67" hits="15" branch="False" />
            <line number="68" hits="1" branch="False" />
            <line number="69" hits="1" branch="False" />
            <line number="70" hits="1" branch="False" />
            <line number="71" hits="1" branch="False" />
            <line number="73" hits="16" branch="False" />
            <line number="74" hits="16" branch="False" />
            <line number="77" hits="6" branch="False" />
            <line number="78" hits="6" branch="False" />
            <line number="79" hits="6" branch="False" />
            <line number="14" hits="15" branch="False" />
            <line number="15" hits="15" branch="False" />
            <line number="16" hits="15" branch="False" />
            <line number="17" hits="15" branch="False" />
          </lines>
        </class>
        <class name="Healthy.Business.Specifications.Implementations.UserSpecification/&lt;Valid&gt;d__2" filename="Healthy\Healthy.Business\Specifications\Implementations\UserSpecification.cs" line-rate="1" branch-rate="1" complexity="18">
          <methods>
            <method name="MoveNext" signature="()" line-rate="1" branch-rate="1" complexity="18">
              <lines>
                <line number="19" hits="17" branch="False" />
                <line number="20" hits="17" branch="True" condition-coverage="100% (2/2)">
                  <conditions>
                    <condition number="120" type="jump" coverage="100%" />
                  </conditions>
                </line>
                <line number="21" hits="1" branch="False" />
                <line number="23" hits="16" branch="True" condition-coverage="100% (2/2)">
                  <conditions>
                    <condition number="176" type="jump" coverage="100%" />
                  </conditions>
                </line>
                <line number="24" hits="1" branch="False" />
                <line number="26" hits="15" branch="True" condition-coverage="100% (2/2)">
                  <conditions>
                    <condition number="223" type="jump" coverage="100%" />
                  </conditions>
                </line>
                <line number="27" hits="3" branch="False" />
                <line number="29" hits="12" branch="True" condition-coverage="100% (2/2)">
                  <conditions>
                    <condition number="272" type="jump" coverage="100%" />
                  </conditions>
                </line>
                <line number="30" hits="3" branch="False" />
                <line number="32" hits="9" branch="True" condition-coverage="100% (2/2)">
                  <conditions>
                    <condition number="321" type="jump" coverage="100%" />
                  </conditions>
                </line>
                <line number="33" hits="3" branch="False" />
                <line number="35" hits="6" branch="True" condition-coverage="100% (2/2)">
                  <conditions>
                    <condition number="371" type="jump" coverage="100%" />
                  </conditions>
                </line>
                <line number="36" hits="1" branch="False" />
                <line number="38" hits="5" branch="True" condition-coverage="100% (2/2)">
                  <conditions>
                    <condition number="421" type="jump" coverage="100%" />
                  </conditions>
                </line>
                <line number="39" hits="3" branch="False" />
                <line number="41" hits="4" branch="True" condition-coverage="100% (2/2)">
                  <conditions>
                    <condition number="471" type="jump" coverage="100%" />
                  </conditions>
                </line>
                <line number="42" hits="4" branch="False" />
                <line number="44" hits="3" branch="True" condition-coverage="100% (2/2)">
                  <conditions>
                    <condition number="524" type="jump" coverage="100%" />
                  </conditions>
                </line>
                <line number="45" hits="3" branch="False" />
                <line number="46" hits="3" branch="False" />
              </lines>
            </method>
          </methods>
          <lines>
            <line number="19" hits="17" branch="False" />
            <line number="20" hits="17" branch="True" condition-coverage="100% (2/2)">
              <conditions>
                <condition number="120" type="jump" coverage="100%" />
              </conditions>
            </line>
            <line number="21" hits="1" branch="False" />
            <line number="23" hits="16" branch="True" condition-coverage="100% (2/2)">
              <conditions>
                <condition number="176" type="jump" coverage="100%" />
              </conditions>
            </line>
            <line number="24" hits="1" branch="False" />
            <line number="26" hits="15" branch="True" condition-coverage="100% (2/2)">
              <conditions>
                <condition number="223" type="jump" coverage="100%" />
              </conditions>
            </line>
            <line number="27" hits="3" branch="False" />
            <line number="29" hits="12" branch="True" condition-coverage="100% (2/2)">
              <conditions>
                <condition number="272" type="jump" coverage="100%" />
              </conditions>
            </line>
            <line number="30" hits="3" branch="False" />
            <line number="32" hits="9" branch="True" condition-coverage="100% (2/2)">
              <conditions>
                <condition number="321" type="jump" coverage="100%" />
              </conditions>
            </line>
            <line number="33" hits="3" branch="False" />
            <line number="35" hits="6" branch="True" condition-coverage="100% (2/2)">
              <conditions>
                <condition number="371" type="jump" coverage="100%" />
              </conditions>
            </line>
            <line number="36" hits="1" branch="False" />
            <line number="38" hits="5" branch="True" condition-coverage="100% (2/2)">
              <conditions>
                <condition number="421" type="jump" coverage="100%" />
              </conditions>
            </line>
            <line number="39" hits="3" branch="False" />
            <line number="41" hits="4" branch="True" condition-coverage="100% (2/2)">
              <conditions>
                <condition number="471" type="jump" coverage="100%" />
              </conditions>
            </line>
            <line number="42" hits="4" branch="False" />
            <line number="44" hits="3" branch="True" condition-coverage="100% (2/2)">
              <conditions>
                <condition number="524" type="jump" coverage="100%" />
              </conditions>
            </line>
            <line number="45" hits="3" branch="False" />
            <line number="46" hits="3" branch="False" />
          </lines>
        </class>
        <class name="Healthy.Business.Services.Implementations.ServiceUsers" filename="Healthy\Healthy.Business\Services\Implementations\ServiceUsers.cs" line-rate="0" branch-rate="1" complexity="1">
          <methods>
            <method name=".ctor" signature="(MediatR.IMediator)" line-rate="0" branch-rate="1" complexity="1">
              <lines>
                <line number="19" hits="0" branch="False" />
                <line number="20" hits="0" branch="False" />
                <line number="21" hits="0" branch="False" />
                <line number="22" hits="0" branch="False" />
              </lines>
            </method>
          </methods>
          <lines>
            <line number="19" hits="0" branch="False" />
            <line number="20" hits="0" branch="False" />
            <line number="21" hits="0" branch="False" />
            <line number="22" hits="0" branch="False" />
          </lines>
        </class>
        <class name="Healthy.Business.Services.Implementations.ServiceUsers/&lt;CreateUser&gt;d__2" filename="Healthy\Healthy.Business\Services\Implementations\ServiceUsers.cs" line-rate="0" branch-rate="1" complexity="1">
          <methods>
            <method name="MoveNext" signature="()" line-rate="0" branch-rate="1" complexity="1">
              <lines>
                <line number="25" hits="0" branch="False" />
                <line number="26" hits="0" branch="False" />
                <line number="27" hits="0" branch="False" />
                <line number="28" hits="0" branch="False" />
              </lines>
            </method>
          </methods>
          <lines>
            <line number="25" hits="0" branch="False" />
            <line number="26" hits="0" branch="False" />
            <line number="27" hits="0" branch="False" />
            <line number="28" hits="0" branch="False" />
          </lines>
        </class>
        <class name="Healthy.Business.Services.Implementations.ServiceUsers/&lt;EditUser&gt;d__3" filename="Healthy\Healthy.Business\Services\Implementations\ServiceUsers.cs" line-rate="0" branch-rate="1" complexity="1">
          <methods>
            <method name="MoveNext" signature="()" line-rate="0" branch-rate="1" complexity="1">
              <lines>
                <line number="31" hits="0" branch="False" />
                <line number="32" hits="0" branch="False" />
                <line number="33" hits="0" branch="False" />
                <line number="34" hits="0" branch="False" />
              </lines>
            </method>
          </methods>
          <lines>
            <line number="31" hits="0" branch="False" />
            <line number="32" hits="0" branch="False" />
            <line number="33" hits="0" branch="False" />
            <line number="34" hits="0" branch="False" />
          </lines>
        </class>
        <class name="Healthy.Business.Handlers.RegisterUserHandler" filename="Healthy\Healthy.Business\Handlers\RegisterUserHandler.cs" line-rate="0" branch-rate="1" complexity="1">
          <methods>
            <method name=".ctor" signature="(Healthy.Business.UseCases.Definitions.ICreateUserUseCase)" line-rate="0" branch-rate="1" complexity="1">
              <lines>
                <line number="17" hits="0" branch="False" />
                <line number="18" hits="0" branch="False" />
                <line number="19" hits="0" branch="False" />
                <line number="20" hits="0" branch="False" />
              </lines>
            </method>
          </methods>
          <lines>
            <line number="17" hits="0" branch="False" />
            <line number="18" hits="0" branch="False" />
            <line number="19" hits="0" branch="False" />
            <line number="20" hits="0" branch="False" />
          </lines>
        </class>
        <class name="Healthy.Business.Handlers.RegisterUserHandler/&lt;Handle&gt;d__2" filename="Healthy\Healthy.Business\Handlers\RegisterUserHandler.cs" line-rate="0" branch-rate="1" complexity="1">
          <methods>
            <method name="MoveNext" signature="()" line-rate="0" branch-rate="1" complexity="1">
              <lines>
                <line number="22" hits="0" branch="False" />
                <line number="23" hits="0" branch="False" />
                <line number="24" hits="0" branch="False" />
              </lines>
            </method>
          </methods>
          <lines>
            <line number="22" hits="0" branch="False" />
            <line number="23" hits="0" branch="False" />
            <line number="24" hits="0" branch="False" />
          </lines>
        </class>
        <class name="Healthy.Business.Handlers.UpdateInformationUserHandler" filename="Healthy\Healthy.Business\Handlers\UpdateInformationUserHandler.cs" line-rate="0" branch-rate="1" complexity="1">
          <methods>
            <method name=".ctor" signature="(Healthy.Business.UseCases.Definitions.IEditUserUseCase)" line-rate="0" branch-rate="1" complexity="1">
              <lines>
                <line number="16" hits="0" branch="False" />
                <line number="17" hits="0" branch="False" />
                <line number="18" hits="0" branch="False" />
                <line number="19" hits="0" branch="False" />
              </lines>
            </method>
          </methods>
          <lines>
            <line number="16" hits="0" branch="False" />
            <line number="17" hits="0" branch="False" />
            <line number="18" hits="0" branch="False" />
            <line number="19" hits="0" branch="False" />
          </lines>
        </class>
        <class name="Healthy.Business.Handlers.UpdateInformationUserHandler/&lt;Handle&gt;d__2" filename="Healthy\Healthy.Business\Handlers\UpdateInformationUserHandler.cs" line-rate="0" branch-rate="1" complexity="1">
          <methods>
            <method name="MoveNext" signature="()" line-rate="0" branch-rate="1" complexity="1">
              <lines>
                <line number="21" hits="0" branch="False" />
                <line number="22" hits="0" branch="False" />
                <line number="23" hits="0" branch="False" />
              </lines>
            </method>
          </methods>
          <lines>
            <line number="21" hits="0" branch="False" />
            <line number="22" hits="0" branch="False" />
            <line number="23" hits="0" branch="False" />
          </lines>
        </class>
      </classes>
    </package>
    <package name="Healthy.Business.UnitTests" line-rate="0.9936" branch-rate="0.5" complexity="26">
      <classes>
        <class name="AutoGeneratedProgram" filename="Users\felip\.nuget\packages\microsoft.net.test.sdk\17.6.0\build\netcoreapp3.1\Microsoft.NET.Test.Sdk.Program.cs" line-rate="0" branch-rate="1" complexity="1">
          <methods>
            <method name="Main" signature="(System.String[])" line-rate="0" branch-rate="1" complexity="1">
              <lines>
                <line number="4" hits="0" branch="False" />
              </lines>
            </method>
          </methods>
          <lines>
            <line number="4" hits="0" branch="False" />
          </lines>
        </class>
        <class name="Healthy.Business.UnitTests.UsesCasesTests.CreateUserUseCaseUnitTest" filename="Healthy\BusinessUnitTests\UsesCasesTests\CreateUserUseCaseUnitTest.cs" line-rate="1" branch-rate="1" complexity="2">
          <methods>
            <method name="&lt;.ctor&gt;b__5_1" signature="()" line-rate="1" branch-rate="1" complexity="1">
              <lines>
                <line number="31" hits="4" branch="False" />
              </lines>
            </method>
            <method name=".ctor" signature="()" line-rate="1" branch-rate="1" complexity="1">
              <lines>
                <line number="18" hits="2" branch="False" />
                <line number="19" hits="2" branch="False" />
                <line number="20" hits="2" branch="False" />
                <line number="21" hits="2" branch="False" />
                <line number="22" hits="2" branch="False" />
                <line number="23" hits="2" branch="False" />
                <line number="24" hits="2" branch="False" />
                <line number="25" hits="2" branch="False" />
                <line number="26" hits="2" branch="False" />
                <line number="27" hits="2" branch="False" />
                <line number="28" hits="2" branch="False" />
                <line number="29" hits="2" branch="False" />
                <line number="30" hits="2" branch="False" />
                <line number="32" hits="2" branch="False" />
                <line number="34" hits="2" branch="False" />
              </lines>
            </method>
          </methods>
          <lines>
            <line number="31" hits="4" branch="False" />
            <line number="18" hits="2" branch="False" />
            <line number="19" hits="2" branch="False" />
            <line number="20" hits="2" branch="False" />
            <line number="21" hits="2" branch="False" />
            <line number="22" hits="2" branch="False" />
            <line number="23" hits="2" branch="False" />
            <line number="24" hits="2" branch="False" />
            <line number="25" hits="2" branch="False" />
            <line number="26" hits="2" branch="False" />
            <line number="27" hits="2" branch="False" />
            <line number="28" hits="2" branch="False" />
            <line number="29" hits="2" branch="False" />
            <line number="30" hits="2" branch="False" />
            <line number="32" hits="2" branch="False" />
            <line number="34" hits="2" branch="False" />
          </lines>
        </class>
        <class name="Healthy.Business.UnitTests.UsesCasesTests.CreateUserUseCaseUnitTest/&lt;CreateUserUseCaseExecute_WhenTrySaveInvalidUserIntoDatabase_ReturnListOfErrorsAndNotInsertUser&gt;d__7" filename="Healthy\BusinessUnitTests\UsesCasesTests\CreateUserUseCaseUnitTest.cs" line-rate="1" branch-rate="0.5" complexity="2">
          <methods>
            <method name="MoveNext" signature="()" line-rate="1" branch-rate="0.5" complexity="2">
              <lines>
                <line number="47" hits="1" branch="False" />
                <line number="48" hits="1" branch="False" />
                <line number="49" hits="1" branch="False" />
                <line number="50" hits="1" branch="False" />
                <line number="51" hits="1" branch="False" />
                <line number="52" hits="1" branch="False" />
                <line number="53" hits="1" branch="False" />
                <line number="54" hits="1" branch="False" />
                <line number="55" hits="1" branch="False" />
                <line number="57" hits="1" branch="False" />
                <line number="59" hits="1" branch="True" condition-coverage="50% (1/2)">
                  <conditions>
                    <condition number="358" type="jump" coverage="50%" />
                  </conditions>
                </line>
                <line number="60" hits="1" branch="False" />
              </lines>
            </method>
          </methods>
          <lines>
            <line number="47" hits="1" branch="False" />
            <line number="48" hits="1" branch="False" />
            <line number="49" hits="1" branch="False" />
            <line number="50" hits="1" branch="False" />
            <line number="51" hits="1" branch="False" />
            <line number="52" hits="1" branch="False" />
            <line number="53" hits="1" branch="False" />
            <line number="54" hits="1" branch="False" />
            <line number="55" hits="1" branch="False" />
            <line number="57" hits="1" branch="False" />
            <line number="59" hits="1" branch="True" condition-coverage="50% (1/2)">
              <conditions>
                <condition number="358" type="jump" coverage="50%" />
              </conditions>
            </line>
            <line number="60" hits="1" branch="False" />
          </lines>
        </class>
        <class name="Healthy.Business.UnitTests.UsesCasesTests.CreateUserUseCaseUnitTest/&lt;CreateUserUseCaseExecute_WhenTrySaveUserIntoDatabase_ReturnEmptyListOfErrorsAndSaveUser&gt;d__6" filename="Healthy\BusinessUnitTests\UsesCasesTests\CreateUserUseCaseUnitTest.cs" line-rate="1" branch-rate="0.5" complexity="2">
          <methods>
            <method name="MoveNext" signature="()" line-rate="1" branch-rate="0.5" complexity="2">
              <lines>
                <line number="37" hits="1" branch="False" />
                <line number="38" hits="1" branch="False" />
                <line number="40" hits="1" branch="False" />
                <line number="42" hits="1" branch="True" condition-coverage="50% (1/2)">
                  <conditions>
                    <condition number="271" type="jump" coverage="50%" />
                  </conditions>
                </line>
                <line number="43" hits="1" branch="False" />
              </lines>
            </method>
          </methods>
          <lines>
            <line number="37" hits="1" branch="False" />
            <line number="38" hits="1" branch="False" />
            <line number="40" hits="1" branch="False" />
            <line number="42" hits="1" branch="True" condition-coverage="50% (1/2)">
              <conditions>
                <condition number="271" type="jump" coverage="50%" />
              </conditions>
            </line>
            <line number="43" hits="1" branch="False" />
          </lines>
        </class>
        <class name="Healthy.Business.UnitTests.UsesCasesTests.EditUserUseCaseUnitTest" filename="Healthy\BusinessUnitTests\UsesCasesTests\EditUserUseCaseUnitTest.cs" line-rate="1" branch-rate="1" complexity="2">
          <methods>
            <method name="&lt;.ctor&gt;b__5_1" signature="()" line-rate="1" branch-rate="1" complexity="1">
              <lines>
                <line number="31" hits="4" branch="False" />
              </lines>
            </method>
            <method name=".ctor" signature="()" line-rate="1" branch-rate="1" complexity="1">
              <lines>
                <line number="18" hits="2" branch="False" />
                <line number="19" hits="2" branch="False" />
                <line number="20" hits="2" branch="False" />
                <line number="21" hits="2" branch="False" />
                <line number="22" hits="2" branch="False" />
                <line number="23" hits="2" branch="False" />
                <line number="24" hits="2" branch="False" />
                <line number="25" hits="2" branch="False" />
                <line number="26" hits="2" branch="False" />
                <line number="27" hits="2" branch="False" />
                <line number="28" hits="2" branch="False" />
                <line number="29" hits="2" branch="False" />
                <line number="30" hits="2" branch="False" />
                <line number="32" hits="2" branch="False" />
                <line number="34" hits="2" branch="False" />
                <line number="35" hits="2" branch="False" />
                <line number="37" hits="2" branch="False" />
              </lines>
            </method>
          </methods>
          <lines>
            <line number="31" hits="4" branch="False" />
            <line number="18" hits="2" branch="False" />
            <line number="19" hits="2" branch="False" />
            <line number="20" hits="2" branch="False" />
            <line number="21" hits="2" branch="False" />
            <line number="22" hits="2" branch="False" />
            <line number="23" hits="2" branch="False" />
            <line number="24" hits="2" branch="False" />
            <line number="25" hits="2" branch="False" />
            <line number="26" hits="2" branch="False" />
            <line number="27" hits="2" branch="False" />
            <line number="28" hits="2" branch="False" />
            <line number="29" hits="2" branch="False" />
            <line number="30" hits="2" branch="False" />
            <line number="32" hits="2" branch="False" />
            <line number="34" hits="2" branch="False" />
            <line number="35" hits="2" branch="False" />
            <line number="37" hits="2" branch="False" />
          </lines>
        </class>
        <class name="Healthy.Business.UnitTests.UsesCasesTests.EditUserUseCaseUnitTest/&lt;EditUserUseCaseExecute_WhenTryEditInvalidUserIntoDatabase_ReturnErrorsAndNotEditUser&gt;d__7" filename="Healthy\BusinessUnitTests\UsesCasesTests\EditUserUseCaseUnitTest.cs" line-rate="1" branch-rate="0.5" complexity="2">
          <methods>
            <method name="MoveNext" signature="()" line-rate="1" branch-rate="0.5" complexity="2">
              <lines>
                <line number="66" hits="1" branch="False" />
                <line number="67" hits="1" branch="False" />
                <line number="69" hits="1" branch="False" />
                <line number="70" hits="1" branch="False" />
                <line number="71" hits="1" branch="False" />
                <line number="72" hits="1" branch="False" />
                <line number="73" hits="1" branch="False" />
                <line number="75" hits="1" branch="False" />
                <line number="77" hits="1" branch="True" condition-coverage="50% (1/2)">
                  <conditions>
                    <condition number="324" type="jump" coverage="50%" />
                  </conditions>
                </line>
                <line number="78" hits="1" branch="False" />
              </lines>
            </method>
          </methods>
          <lines>
            <line number="66" hits="1" branch="False" />
            <line number="67" hits="1" branch="False" />
            <line number="69" hits="1" branch="False" />
            <line number="70" hits="1" branch="False" />
            <line number="71" hits="1" branch="False" />
            <line number="72" hits="1" branch="False" />
            <line number="73" hits="1" branch="False" />
            <line number="75" hits="1" branch="False" />
            <line number="77" hits="1" branch="True" condition-coverage="50% (1/2)">
              <conditions>
                <condition number="324" type="jump" coverage="50%" />
              </conditions>
            </line>
            <line number="78" hits="1" branch="False" />
          </lines>
        </class>
        <class name="Healthy.Business.UnitTests.UsesCasesTests.EditUserUseCaseUnitTest/&lt;EditUserUseCaseExecute_WhenTrySaveUserIntoDatabase_ReturnEmptyListOfErrorsAndEditUser&gt;d__6" filename="Healthy\BusinessUnitTests\UsesCasesTests\EditUserUseCaseUnitTest.cs" line-rate="1" branch-rate="0.5" complexity="2">
          <methods>
            <method name="MoveNext" signature="()" line-rate="1" branch-rate="0.5" complexity="2">
              <lines>
                <line number="40" hits="1" branch="False" />
                <line number="41" hits="1" branch="False" />
                <line number="42" hits="1" branch="False" />
                <line number="43" hits="1" branch="False" />
                <line number="44" hits="1" branch="False" />
                <line number="45" hits="1" branch="False" />
                <line number="46" hits="1" branch="False" />
                <line number="47" hits="1" branch="False" />
                <line number="49" hits="1" branch="False" />
                <line number="51" hits="1" branch="False" />
                <line number="53" hits="1" branch="False" />
                <line number="54" hits="1" branch="False" />
                <line number="55" hits="1" branch="False" />
                <line number="56" hits="1" branch="False" />
                <line number="57" hits="1" branch="False" />
                <line number="58" hits="1" branch="False" />
                <line number="59" hits="1" branch="False" />
                <line number="60" hits="1" branch="False" />
                <line number="61" hits="1" branch="True" condition-coverage="50% (1/2)">
                  <conditions>
                    <condition number="736" type="jump" coverage="50%" />
                  </conditions>
                </line>
                <line number="62" hits="1" branch="False" />
              </lines>
            </method>
          </methods>
          <lines>
            <line number="40" hits="1" branch="False" />
            <line number="41" hits="1" branch="False" />
            <line number="42" hits="1" branch="False" />
            <line number="43" hits="1" branch="False" />
            <line number="44" hits="1" branch="False" />
            <line number="45" hits="1" branch="False" />
            <line number="46" hits="1" branch="False" />
            <line number="47" hits="1" branch="False" />
            <line number="49" hits="1" branch="False" />
            <line number="51" hits="1" branch="False" />
            <line number="53" hits="1" branch="False" />
            <line number="54" hits="1" branch="False" />
            <line number="55" hits="1" branch="False" />
            <line number="56" hits="1" branch="False" />
            <line number="57" hits="1" branch="False" />
            <line number="58" hits="1" branch="False" />
            <line number="59" hits="1" branch="False" />
            <line number="60" hits="1" branch="False" />
            <line number="61" hits="1" branch="True" condition-coverage="50% (1/2)">
              <conditions>
                <condition number="736" type="jump" coverage="50%" />
              </conditions>
            </line>
            <line number="62" hits="1" branch="False" />
          </lines>
        </class>
        <class name="Healthy.Business.UnitTests.SpecificationsTests.UserEspecificationUnitTest" filename="Healthy\BusinessUnitTests\SpecificationsTests\UserEspecificationUnitTest.cs" line-rate="1" branch-rate="0.5" complexity="9">
          <methods>
            <method name="ValidUser_WhenCallAndUserIsNull_ReturnErrorForNullUser" signature="()" line-rate="1" branch-rate="1" complexity="1">
              <lines>
                <line number="30" hits="1" branch="False" />
                <line number="31" hits="1" branch="False" />
                <line number="33" hits="1" branch="False" />
                <line number="35" hits="1" branch="False" />
                <line number="36" hits="1" branch="False" />
              </lines>
            </method>
            <method name="ValidUser_WhenCall_ReturnsErrorOfInvalidEmail" signature="()" line-rate="1" branch-rate="1" complexity="1">
              <lines>
                <line number="40" hits="1" branch="False" />
                <line number="41" hits="1" branch="False" />
                <line number="43" hits="1" branch="False" />
                <line number="45" hits="1" branch="False" />
                <line number="46" hits="1" branch="False" />
              </lines>
            </method>
            <method name="ValidUser_WhenCall_ReturnsErrorOfInvalidBirthDay" signature="()" line-rate="1" branch-rate="1" complexity="1">
              <lines>
                <line number="50" hits="1" branch="False" />
                <line number="51" hits="1" branch="False" />
                <line number="53" hits="1" branch="False" />
                <line number="55" hits="1" branch="False" />
                <line number="56" hits="1" branch="False" />
              </lines>
            </method>
            <method name="ValidUser_WhenCall_ReturnsErrorOfNullEmptyOrWhiteSpaceFirstName" signature="(System.String)" line-rate="1" branch-rate="1" complexity="1">
              <lines>
                <line number="63" hits="3" branch="False" />
                <line number="64" hits="3" branch="False" />
                <line number="66" hits="3" branch="False" />
                <line number="68" hits="3" branch="False" />
                <line number="69" hits="3" branch="False" />
              </lines>
            </method>
            <method name="ValidUser_WhenCall_ReturnsErrorOfNullEmptyOrWhiteSpaceLastFirstName" signature="(System.String)" line-rate="1" branch-rate="1" complexity="1">
              <lines>
                <line number="76" hits="3" branch="False" />
                <line number="77" hits="3" branch="False" />
                <line number="79" hits="3" branch="False" />
                <line number="81" hits="3" branch="False" />
                <line number="82" hits="3" branch="False" />
              </lines>
            </method>
            <method name="ValidUser_WhenCall_ReturnsErrorOfNullEmptyOrWhiteSpaceNickName" signature="(System.String)" line-rate="1" branch-rate="1" complexity="1">
              <lines>
                <line number="89" hits="3" branch="False" />
                <line number="90" hits="3" branch="False" />
                <line number="92" hits="3" branch="False" />
                <line number="94" hits="3" branch="False" />
                <line number="95" hits="3" branch="False" />
              </lines>
            </method>
            <method name="ValidUser_WhenTrySaveDuplicateUserEmailIntoDatabase_ReturnErrorOfExistigEmailAndNoInsert" signature="()" line-rate="1" branch-rate="0.5" complexity="2">
              <lines>
                <line number="99" hits="1" branch="False" />
                <line number="100" hits="1" branch="False" />
                <line number="101" hits="1" branch="False" />
                <line number="102" hits="1" branch="False" />
                <line number="103" hits="1" branch="False" />
                <line number="105" hits="1" branch="False" />
                <line number="107" hits="1" branch="False" />
                <line number="109" hits="1" branch="False" />
                <line number="110" hits="1" branch="True" condition-coverage="50% (1/2)">
                  <conditions>
                    <condition number="197" type="jump" coverage="50%" />
                  </conditions>
                </line>
                <line number="111" hits="1" branch="False" />
              </lines>
            </method>
            <method name=".ctor" signature="()" line-rate="1" branch-rate="1" complexity="1">
              <lines>
                <line number="14" hits="15" branch="False" />
                <line number="15" hits="15" branch="False" />
                <line number="16" hits="15" branch="False" />
                <line number="17" hits="15" branch="False" />
                <line number="18" hits="15" branch="False" />
                <line number="19" hits="15" branch="False" />
                <line number="20" hits="15" branch="False" />
                <line number="21" hits="15" branch="False" />
                <line number="22" hits="15" branch="False" />
                <line number="23" hits="15" branch="False" />
                <line number="24" hits="15" branch="False" />
                <line number="25" hits="15" branch="False" />
                <line number="26" hits="15" branch="False" />
              </lines>
            </method>
          </methods>
          <lines>
            <line number="30" hits="1" branch="False" />
            <line number="31" hits="1" branch="False" />
            <line number="33" hits="1" branch="False" />
            <line number="35" hits="1" branch="False" />
            <line number="36" hits="1" branch="False" />
            <line number="40" hits="1" branch="False" />
            <line number="41" hits="1" branch="False" />
            <line number="43" hits="1" branch="False" />
            <line number="45" hits="1" branch="False" />
            <line number="46" hits="1" branch="False" />
            <line number="50" hits="1" branch="False" />
            <line number="51" hits="1" branch="False" />
            <line number="53" hits="1" branch="False" />
            <line number="55" hits="1" branch="False" />
            <line number="56" hits="1" branch="False" />
            <line number="63" hits="3" branch="False" />
            <line number="64" hits="3" branch="False" />
            <line number="66" hits="3" branch="False" />
            <line number="68" hits="3" branch="False" />
            <line number="69" hits="3" branch="False" />
            <line number="76" hits="3" branch="False" />
            <line number="77" hits="3" branch="False" />
            <line number="79" hits="3" branch="False" />
            <line number="81" hits="3" branch="False" />
            <line number="82" hits="3" branch="False" />
            <line number="89" hits="3" branch="False" />
            <line number="90" hits="3" branch="False" />
            <line number="92" hits="3" branch="False" />
            <line number="94" hits="3" branch="False" />
            <line number="95" hits="3" branch="False" />
            <line number="99" hits="1" branch="False" />
            <line number="100" hits="1" branch="False" />
            <line number="101" hits="1" branch="False" />
            <line number="102" hits="1" branch="False" />
            <line number="103" hits="1" branch="False" />
            <line number="105" hits="1" branch="False" />
            <line number="107" hits="1" branch="False" />
            <line number="109" hits="1" branch="False" />
            <line number="110" hits="1" branch="True" condition-coverage="50% (1/2)">
              <conditions>
                <condition number="197" type="jump" coverage="50%" />
              </conditions>
            </line>
            <line number="111" hits="1" branch="False" />
            <line number="14" hits="15" branch="False" />
            <line number="15" hits="15" branch="False" />
            <line number="16" hits="15" branch="False" />
            <line number="17" hits="15" branch="False" />
            <line number="18" hits="15" branch="False" />
            <line number="19" hits="15" branch="False" />
            <line number="20" hits="15" branch="False" />
            <line number="21" hits="15" branch="False" />
            <line number="22" hits="15" branch="False" />
            <line number="23" hits="15" branch="False" />
            <line number="24" hits="15" branch="False" />
            <line number="25" hits="15" branch="False" />
            <line number="26" hits="15" branch="False" />
          </lines>
        </class>
        <class name="Healthy.Business.UnitTests.SpecificationsTests.UserEspecificationUnitTest/&lt;EditUser_WhenTrySaveAndDetectNoExistUser_ReturnErrorOfUserNotExist&gt;d__12" filename="Healthy\BusinessUnitTests\SpecificationsTests\UserEspecificationUnitTest.cs" line-rate="1" branch-rate="0.5" complexity="2">
          <methods>
            <method name="MoveNext" signature="()" line-rate="1" branch-rate="0.5" complexity="2">
              <lines>
                <line number="133" hits="1" branch="False" />
                <line number="134" hits="1" branch="False" />
                <line number="135" hits="1" branch="False" />
                <line number="136" hits="1" branch="False" />
                <line number="137" hits="1" branch="False" />
                <line number="138" hits="1" branch="False" />
                <line number="140" hits="1" branch="False" />
                <line number="142" hits="1" branch="False" />
                <line number="144" hits="1" branch="False" />
                <line number="145" hits="1" branch="True" condition-coverage="50% (1/2)">
                  <conditions>
                    <condition number="328" type="jump" coverage="50%" />
                  </conditions>
                </line>
                <line number="146" hits="1" branch="False" />
              </lines>
            </method>
          </methods>
          <lines>
            <line number="133" hits="1" branch="False" />
            <line number="134" hits="1" branch="False" />
            <line number="135" hits="1" branch="False" />
            <line number="136" hits="1" branch="False" />
            <line number="137" hits="1" branch="False" />
            <line number="138" hits="1" branch="False" />
            <line number="140" hits="1" branch="False" />
            <line number="142" hits="1" branch="False" />
            <line number="144" hits="1" branch="False" />
            <line number="145" hits="1" branch="True" condition-coverage="50% (1/2)">
              <conditions>
                <condition number="328" type="jump" coverage="50%" />
              </conditions>
            </line>
            <line number="146" hits="1" branch="False" />
          </lines>
        </class>
        <class name="Healthy.Business.UnitTests.SpecificationsTests.UserEspecificationUnitTest/&lt;ValidUser_WhenTrySaveDuplicateUserNickNameIntoDatabase_ReturnErrorOfExistigNickNameAndNoInsert&gt;d__11" filename="Healthy\BusinessUnitTests\SpecificationsTests\UserEspecificationUnitTest.cs" line-rate="1" branch-rate="0.5" complexity="2">
          <methods>
            <method name="MoveNext" signature="()" line-rate="1" branch-rate="0.5" complexity="2">
              <lines>
                <line number="115" hits="1" branch="False" />
                <line number="116" hits="1" branch="False" />
                <line number="117" hits="1" branch="False" />
                <line number="118" hits="1" branch="False" />
                <line number="119" hits="1" branch="False" />
                <line number="120" hits="1" branch="False" />
                <line number="121" hits="1" branch="False" />
                <line number="123" hits="1" branch="False" />
                <line number="125" hits="1" branch="False" />
                <line number="127" hits="1" branch="False" />
                <line number="128" hits="1" branch="True" condition-coverage="50% (1/2)">
                  <conditions>
                    <condition number="344" type="jump" coverage="50%" />
                  </conditions>
                </line>
                <line number="129" hits="1" branch="False" />
              </lines>
            </method>
          </methods>
          <lines>
            <line number="115" hits="1" branch="False" />
            <line number="116" hits="1" branch="False" />
            <line number="117" hits="1" branch="False" />
            <line number="118" hits="1" branch="False" />
            <line number="119" hits="1" branch="False" />
            <line number="120" hits="1" branch="False" />
            <line number="121" hits="1" branch="False" />
            <line number="123" hits="1" branch="False" />
            <line number="125" hits="1" branch="False" />
            <line number="127" hits="1" branch="False" />
            <line number="128" hits="1" branch="True" condition-coverage="50% (1/2)">
              <conditions>
                <condition number="344" type="jump" coverage="50%" />
              </conditions>
            </line>
            <line number="129" hits="1" branch="False" />
          </lines>
        </class>
      </classes>
    </package>
    <package name="Healthy.Domain" line-rate="0.9285" branch-rate="1" complexity="14">
      <classes>
        <class name="Healthy.Domain.Responses.Response" filename="Healthy\Healthy.Domain\Responses\Response.cs" line-rate="1" branch-rate="1" complexity="3">
          <methods>
            <method name="get_Errors" signature="()" line-rate="1" branch-rate="1" complexity="1">
              <lines>
                <line number="11" hits="12" branch="False" />
              </lines>
            </method>
            <method name="get_Message" signature="()" line-rate="1" branch-rate="1" complexity="1">
              <lines>
                <line number="12" hits="4" branch="False" />
              </lines>
            </method>
            <method name="get_Result" signature="()" line-rate="1" branch-rate="1" complexity="1">
              <lines>
                <line number="13" hits="8" branch="False" />
              </lines>
            </method>
          </methods>
          <lines>
            <line number="11" hits="12" branch="False" />
            <line number="12" hits="4" branch="False" />
            <line number="13" hits="8" branch="False" />
          </lines>
        </class>
        <class name="Healthy.Domain.Entities.User" filename="Healthy\Healthy.Domain\Entities\User.cs" line-rate="1" branch-rate="1" complexity="10">
          <methods>
            <method name="get_Id" signature="()" line-rate="1" branch-rate="1" complexity="1">
              <lines>
                <line number="12" hits="12" branch="False" />
              </lines>
            </method>
            <method name="get_FirstName" signature="()" line-rate="1" branch-rate="1" complexity="1">
              <lines>
                <line number="13" hits="41" branch="False" />
              </lines>
            </method>
            <method name="get_SecondName" signature="()" line-rate="1" branch-rate="1" complexity="1">
              <lines>
                <line number="14" hits="3" branch="False" />
              </lines>
            </method>
            <method name="get_LastFirstName" signature="()" line-rate="1" branch-rate="1" complexity="1">
              <lines>
                <line number="15" hits="37" branch="False" />
              </lines>
            </method>
            <method name="get_LastSecondName" signature="()" line-rate="1" branch-rate="1" complexity="1">
              <lines>
                <line number="16" hits="3" branch="False" />
              </lines>
            </method>
            <method name="get_BirthDayDate" signature="()" line-rate="1" branch-rate="1" complexity="1">
              <lines>
                <line number="17" hits="29" branch="False" />
              </lines>
            </method>
            <method name="get_NickName" signature="()" line-rate="1" branch-rate="1" complexity="1">
              <lines>
                <line number="18" hits="42" branch="False" />
              </lines>
            </method>
            <method name="get_Email" signature="()" line-rate="1" branch-rate="1" complexity="1">
              <lines>
                <line number="20" hits="50" branch="False" />
              </lines>
            </method>
            <method name="get_CreatedDate" signature="()" line-rate="1" branch-rate="1" complexity="1">
              <lines>
                <line number="21" hits="19" branch="False" />
              </lines>
            </method>
            <method name="get_UpdatedDate" signature="()" line-rate="1" branch-rate="1" complexity="1">
              <lines>
                <line number="22" hits="19" branch="False" />
              </lines>
            </method>
          </methods>
          <lines>
            <line number="12" hits="12" branch="False" />
            <line number="13" hits="41" branch="False" />
            <line number="14" hits="3" branch="False" />
            <line number="15" hits="37" branch="False" />
            <line number="16" hits="3" branch="False" />
            <line number="17" hits="29" branch="False" />
            <line number="18" hits="42" branch="False" />
            <line number="20" hits="50" branch="False" />
            <line number="21" hits="19" branch="False" />
            <line number="22" hits="19" branch="False" />
          </lines>
        </class>
        <class name="Healthy.Domain.DTO.ErrorsDTO" filename="Healthy\Healthy.Domain\DTO\ErrorsDTO.cs" line-rate="0" branch-rate="1" complexity="1">
          <methods>
            <method name="get_Errors" signature="()" line-rate="0" branch-rate="1" complexity="1">
              <lines>
                <line number="11" hits="0" branch="False" />
              </lines>
            </method>
          </methods>
          <lines>
            <line number="11" hits="0" branch="False" />
          </lines>
        </class>
      </classes>
    </package>
    <package name="Healthy.Infraestructure" line-rate="0.875" branch-rate="0.5" complexity="4">
      <classes>
        <class name="Healthy.Infraestructure.HealthyDbContext" filename="Healthy\Healthy.Infraestructure\HealthyDbContext.cs" line-rate="0.875" branch-rate="0.5" complexity="4">
          <methods>
            <method name="get_Users" signature="()" line-rate="1" branch-rate="1" complexity="1">
              <lines>
                <line number="9" hits="44" branch="False" />
              </lines>
            </method>
            <method name="OnConfiguring" signature="(Microsoft.EntityFrameworkCore.DbContextOptionsBuilder)" line-rate="0.8" branch-rate="0.5" complexity="2">
              <lines>
                <line number="14" hits="7" branch="False" />
                <line number="15" hits="7" branch="True" condition-coverage="50% (1/2)">
                  <conditions>
                    <condition number="12" type="jump" coverage="50%" />
                  </conditions>
                </line>
                <line number="16" hits="0" branch="False" />
                <line number="17" hits="7" branch="False" />
                <line number="18" hits="7" branch="False" />
              </lines>
            </method>
            <method name=".ctor" signature="(Microsoft.EntityFrameworkCore.DbContextOptions`1&lt;Healthy.Infraestructure.HealthyDbContext&gt;)" line-rate="1" branch-rate="1" complexity="1">
              <lines>
                <line number="10" hits="38" branch="False" />
                <line number="12" hits="19" branch="False" />
              </lines>
            </method>
          </methods>
          <lines>
            <line number="9" hits="44" branch="False" />
            <line number="14" hits="7" branch="False" />
            <line number="15" hits="7" branch="True" condition-coverage="50% (1/2)">
              <conditions>
                <condition number="12" type="jump" coverage="50%" />
              </conditions>
            </line>
            <line number="16" hits="0" branch="False" />
            <line number="17" hits="7" branch="False" />
            <line number="18" hits="7" branch="False" />
            <line number="10" hits="38" branch="False" />
            <line number="12" hits="19" branch="False" />
          </lines>
        </class>
      </classes>
    </package>
    <package name="Healthy.UnitTest.Commond" line-rate="1" branch-rate="1" complexity="1">
      <classes>
        <class name="Healthy.UnitTest.Commond.ContextInMemory" filename="Healthy\UnitTest.Commond\ContextInMemory.cs" line-rate="1" branch-rate="1" complexity="1">
          <methods>
            <method name="GetContext" signature="()" line-rate="1" branch-rate="1" complexity="1">
              <lines>
                <line number="15" hits="19" branch="False" />
                <line number="19" hits="19" branch="False" />
                <line number="20" hits="19" branch="False" />
                <line number="21" hits="19" branch="False" />
                <line number="22" hits="19" branch="False" />
                <line number="23" hits="19" branch="False" />
                <line number="24" hits="19" branch="False" />
                <line number="25" hits="19" branch="False" />
                <line number="27" hits="19" branch="False" />
                <line number="31" hits="19" branch="False" />
                <line number="32" hits="19" branch="False" />
              </lines>
            </method>
          </methods>
          <lines>
            <line number="15" hits="19" branch="False" />
            <line number="19" hits="19" branch="False" />
            <line number="20" hits="19" branch="False" />
            <line number="21" hits="19" branch="False" />
            <line number="22" hits="19" branch="False" />
            <line number="23" hits="19" branch="False" />
            <line number="24" hits="19" branch="False" />
            <line number="25" hits="19" branch="False" />
            <line number="27" hits="19" branch="False" />
            <line number="31" hits="19" branch="False" />
            <line number="32" hits="19" branch="False" />
          </lines>
        </class>
      </classes>
    </package>
  </packages>
</coverage>